{"uuid":"0c397acd-db24-4773-aad8-75fffa0af72a","historyId":"e86fc3c5a854ab1c39de02b5662f1a6","fullName":"Add new Attendance: Validate admin able to create new attendance by selecting future date","labels":[{"name":"host","value":"DESKTOP-88CLK0G"},{"name":"thread","value":"12396@DESKTOP-88CLK0G.main(1)"},{"name":"feature","value":"Add new Attendance"},{"name":"story","value":"Validate admin able to create new attendance by selecting future date"},{"name":"suite","value":"Add new Attendance"},{"name":"testClass","value":"Validate admin able to create new attendance by selecting future date"},{"name":"framework","value":"cucumber5jvm"},{"name":"language","value":"java"},{"name":"gherkin_uri","value":"file:///C:/Users/anoop/eclipse-workspaceNew/Game_of_Cucumber_Team04/src/test/resources/features/Attendance_Module/09_Attendance_Add.feature"},{"name":"package","value":"src.test.resources.features.Attendance_Module.09_Attendance_Add_feature.Add new Attendance"}],"links":[],"name":"Validate admin able to create new attendance by selecting future date","status":"broken","statusDetails":{"known":false,"muted":false,"flaky":false,"message":"Step [Admin clicks Attendance on the navigation bar] is defined with 1 parameters at 'com.stepDefinition.Attendance_SD.admin_clicks_on_the_navigation_bar(java.lang.String)'.\nHowever, the gherkin step has 0 arguments.\nStep text: Admin clicks Attendance on the navigation bar","trace":"io.cucumber.core.exception.CucumberException: Step [Admin clicks Attendance on the navigation bar] is defined with 1 parameters at 'com.stepDefinition.Attendance_SD.admin_clicks_on_the_navigation_bar(java.lang.String)'.\nHowever, the gherkin step has 0 arguments.\nStep text: Admin clicks Attendance on the navigation bar\r\n\tat io.cucumber.core.runner.PickleStepDefinitionMatch.arityMismatch(PickleStepDefinitionMatch.java:135)\r\n\tat io.cucumber.core.runner.PickleStepDefinitionMatch.runStep(PickleStepDefinitionMatch.java:42)\r\n\tat io.cucumber.core.runner.TestStep.executeStep(TestStep.java:64)\r\n\tat io.cucumber.core.runner.TestStep.run(TestStep.java:49)\r\n\tat io.cucumber.core.runner.PickleStepTestStep.run(PickleStepTestStep.java:46)\r\n\tat io.cucumber.core.runner.TestCase.run(TestCase.java:51)\r\n\tat io.cucumber.core.runner.Runner.runPickle(Runner.java:66)\r\n\tat io.cucumber.junit.PickleRunners$NoStepDescriptions.run(PickleRunners.java:149)\r\n\tat io.cucumber.junit.FeatureRunner.runChild(FeatureRunner.java:83)\r\n\tat io.cucumber.junit.FeatureRunner.runChild(FeatureRunner.java:24)\r\n\tat org.junit.runners.ParentRunner$4.run(ParentRunner.java:331)\r\n\tat org.junit.runners.ParentRunner$1.schedule(ParentRunner.java:79)\r\n\tat org.junit.runners.ParentRunner.runChildren(ParentRunner.java:329)\r\n\tat org.junit.runners.ParentRunner.access$100(ParentRunner.java:66)\r\n\tat org.junit.runners.ParentRunner$2.evaluate(ParentRunner.java:293)\r\n\tat org.junit.runners.ParentRunner$3.evaluate(ParentRunner.java:306)\r\n\tat org.junit.runners.ParentRunner.run(ParentRunner.java:413)\r\n\tat io.cucumber.junit.Cucumber.runChild(Cucumber.java:185)\r\n\tat io.cucumber.junit.Cucumber.runChild(Cucumber.java:83)\r\n\tat org.junit.runners.ParentRunner$4.run(ParentRunner.java:331)\r\n\tat org.junit.runners.ParentRunner$1.schedule(ParentRunner.java:79)\r\n\tat org.junit.runners.ParentRunner.runChildren(ParentRunner.java:329)\r\n\tat org.junit.runners.ParentRunner.access$100(ParentRunner.java:66)\r\n\tat org.junit.runners.ParentRunner$2.evaluate(ParentRunner.java:293)\r\n\tat io.cucumber.junit.Cucumber$RunCucumber.evaluate(Cucumber.java:219)\r\n\tat org.junit.runners.ParentRunner$3.evaluate(ParentRunner.java:306)\r\n\tat org.junit.runners.ParentRunner.run(ParentRunner.java:413)\r\n\tat org.eclipse.jdt.internal.junit4.runner.JUnit4TestReference.run(JUnit4TestReference.java:93)\r\n\tat org.eclipse.jdt.internal.junit.runner.TestExecution.run(TestExecution.java:40)\r\n\tat org.eclipse.jdt.internal.junit.runner.RemoteTestRunner.runTests(RemoteTestRunner.java:529)\r\n\tat org.eclipse.jdt.internal.junit.runner.RemoteTestRunner.runTests(RemoteTestRunner.java:756)\r\n\tat org.eclipse.jdt.internal.junit.runner.RemoteTestRunner.run(RemoteTestRunner.java:452)\r\n\tat org.eclipse.jdt.internal.junit.runner.RemoteTestRunner.main(RemoteTestRunner.java:210)\r\n"},"stage":"finished","steps":[{"name":"Given  Admin is on dashboard page after Login","status":"passed","statusDetails":{"known":false,"muted":false,"flaky":false},"stage":"finished","steps":[],"attachments":[],"parameters":[],"start":1694612275225,"stop":1694612275231},{"name":"When  Admin clicks Attendance on the navigation bar","status":"broken","statusDetails":{"known":false,"muted":false,"flaky":false,"message":"Step [Admin clicks Attendance on the navigation bar] is defined with 1 parameters at 'com.stepDefinition.Attendance_SD.admin_clicks_on_the_navigation_bar(java.lang.String)'.\nHowever, the gherkin step has 0 arguments.\nStep text: Admin clicks Attendance on the navigation bar","trace":"io.cucumber.core.exception.CucumberException: Step [Admin clicks Attendance on the navigation bar] is defined with 1 parameters at 'com.stepDefinition.Attendance_SD.admin_clicks_on_the_navigation_bar(java.lang.String)'.\nHowever, the gherkin step has 0 arguments.\nStep text: Admin clicks Attendance on the navigation bar\r\n\tat io.cucumber.core.runner.PickleStepDefinitionMatch.arityMismatch(PickleStepDefinitionMatch.java:135)\r\n\tat io.cucumber.core.runner.PickleStepDefinitionMatch.runStep(PickleStepDefinitionMatch.java:42)\r\n\tat io.cucumber.core.runner.TestStep.executeStep(TestStep.java:64)\r\n\tat io.cucumber.core.runner.TestStep.run(TestStep.java:49)\r\n\tat io.cucumber.core.runner.PickleStepTestStep.run(PickleStepTestStep.java:46)\r\n\tat io.cucumber.core.runner.TestCase.run(TestCase.java:51)\r\n\tat io.cucumber.core.runner.Runner.runPickle(Runner.java:66)\r\n\tat io.cucumber.junit.PickleRunners$NoStepDescriptions.run(PickleRunners.java:149)\r\n\tat io.cucumber.junit.FeatureRunner.runChild(FeatureRunner.java:83)\r\n\tat io.cucumber.junit.FeatureRunner.runChild(FeatureRunner.java:24)\r\n\tat org.junit.runners.ParentRunner$4.run(ParentRunner.java:331)\r\n\tat org.junit.runners.ParentRunner$1.schedule(ParentRunner.java:79)\r\n\tat org.junit.runners.ParentRunner.runChildren(ParentRunner.java:329)\r\n\tat org.junit.runners.ParentRunner.access$100(ParentRunner.java:66)\r\n\tat org.junit.runners.ParentRunner$2.evaluate(ParentRunner.java:293)\r\n\tat org.junit.runners.ParentRunner$3.evaluate(ParentRunner.java:306)\r\n\tat org.junit.runners.ParentRunner.run(ParentRunner.java:413)\r\n\tat io.cucumber.junit.Cucumber.runChild(Cucumber.java:185)\r\n\tat io.cucumber.junit.Cucumber.runChild(Cucumber.java:83)\r\n\tat org.junit.runners.ParentRunner$4.run(ParentRunner.java:331)\r\n\tat org.junit.runners.ParentRunner$1.schedule(ParentRunner.java:79)\r\n\tat org.junit.runners.ParentRunner.runChildren(ParentRunner.java:329)\r\n\tat org.junit.runners.ParentRunner.access$100(ParentRunner.java:66)\r\n\tat org.junit.runners.ParentRunner$2.evaluate(ParentRunner.java:293)\r\n\tat io.cucumber.junit.Cucumber$RunCucumber.evaluate(Cucumber.java:219)\r\n\tat org.junit.runners.ParentRunner$3.evaluate(ParentRunner.java:306)\r\n\tat org.junit.runners.ParentRunner.run(ParentRunner.java:413)\r\n\tat org.eclipse.jdt.internal.junit4.runner.JUnit4TestReference.run(JUnit4TestReference.java:93)\r\n\tat org.eclipse.jdt.internal.junit.runner.TestExecution.run(TestExecution.java:40)\r\n\tat org.eclipse.jdt.internal.junit.runner.RemoteTestRunner.runTests(RemoteTestRunner.java:529)\r\n\tat org.eclipse.jdt.internal.junit.runner.RemoteTestRunner.runTests(RemoteTestRunner.java:756)\r\n\tat org.eclipse.jdt.internal.junit.runner.RemoteTestRunner.run(RemoteTestRunner.java:452)\r\n\tat org.eclipse.jdt.internal.junit.runner.RemoteTestRunner.main(RemoteTestRunner.java:210)\r\n"},"stage":"finished","steps":[],"attachments":[],"parameters":[],"start":1694612275235,"stop":1694612275239},{"name":"Then  Admin clicks + a new attendance button","status":"skipped","statusDetails":{"known":false,"muted":false,"flaky":false},"stage":"finished","steps":[],"attachments":[],"parameters":[],"start":1694612275243,"stop":1694612275249},{"name":"When  Admin fills values with future date in \"AddAtt_futureDate\" and \"attendanceDetailsForm\" and click save for Attendance module","status":"skipped","statusDetails":{"known":false,"muted":false,"flaky":false},"stage":"finished","steps":[],"attachments":[],"parameters":[],"start":1694612275251,"stop":1694612275257},{"name":"Then  Invalidate attendance date","status":"skipped","statusDetails":{"known":false,"muted":false,"flaky":false},"stage":"finished","steps":[],"attachments":[],"parameters":[],"start":1694612275262,"stop":1694612275271}],"attachments":[],"parameters":[{"name":"dataKey","value":"AddAtt_futureDate"},{"name":"Sheetname","value":"attendanceDetailsForm"}],"start":1694612272293,"stop":1694612275669}