{"uuid":"7bbad785-dc3d-4609-90fd-b567a01b08b0","historyId":"af5a069c7b50af5fe5583d7ec41af478","fullName":"Attendance details popup window  verification: Validate left arrow in data picker to navigate to previous month","labels":[{"name":"host","value":"DESKTOP-88CLK0G"},{"name":"thread","value":"32488@DESKTOP-88CLK0G.main(1)"},{"name":"feature","value":"Attendance details popup window  verification"},{"name":"story","value":"Validate left arrow in data picker to navigate to previous month"},{"name":"suite","value":"Attendance details popup window  verification"},{"name":"testClass","value":"Validate left arrow in data picker to navigate to previous month"},{"name":"framework","value":"cucumber5jvm"},{"name":"language","value":"java"},{"name":"gherkin_uri","value":"file:///C:/Users/anoop/eclipse-workspaceNew/Game_of_Cucumber_Team04/src/test/resources/features/Attendance_Module/09Attendance_02Details.feature"},{"name":"package","value":"src.test.resources.features.Attendance_Module.09Attendance_02Details_feature.Attendance details popup window  verification"}],"links":[],"name":"Validate left arrow in data picker to navigate to previous month","status":"passed","statusDetails":{"known":false,"muted":false,"flaky":false,"message":"Undefined Step. Please add step definition","trace":"java.lang.IllegalStateException: Undefined Step. Please add step definition\r\n\tat io.qameta.allure.cucumber5jvm.AllureCucumber5Jvm.handlePickleStep(AllureCucumber5Jvm.java:398)\r\n\tat io.qameta.allure.cucumber5jvm.AllureCucumber5Jvm.handleTestStepFinished(AllureCucumber5Jvm.java:241)\r\n\tat io.cucumber.core.eventbus.AbstractEventPublisher.send(AbstractEventPublisher.java:45)\r\n\tat io.cucumber.core.eventbus.AbstractEventBus.send(AbstractEventBus.java:9)\r\n\tat io.cucumber.core.runtime.ThreadLocalRunnerSupplier$SynchronizedEventBus.send(ThreadLocalRunnerSupplier.java:100)\r\n\tat io.cucumber.core.runtime.ThreadLocalRunnerSupplier$LocalEventBus.send(ThreadLocalRunnerSupplier.java:68)\r\n\tat io.cucumber.core.runner.TestStep.run(TestStep.java:58)\r\n\tat io.cucumber.core.runner.PickleStepTestStep.run(PickleStepTestStep.java:46)\r\n\tat io.cucumber.core.runner.TestCase.run(TestCase.java:51)\r\n\tat io.cucumber.core.runner.Runner.runPickle(Runner.java:66)\r\n\tat io.cucumber.junit.PickleRunners$NoStepDescriptions.run(PickleRunners.java:149)\r\n\tat io.cucumber.junit.FeatureRunner.runChild(FeatureRunner.java:83)\r\n\tat io.cucumber.junit.FeatureRunner.runChild(FeatureRunner.java:24)\r\n\tat org.junit.runners.ParentRunner$4.run(ParentRunner.java:331)\r\n\tat org.junit.runners.ParentRunner$1.schedule(ParentRunner.java:79)\r\n\tat org.junit.runners.ParentRunner.runChildren(ParentRunner.java:329)\r\n\tat org.junit.runners.ParentRunner.access$100(ParentRunner.java:66)\r\n\tat org.junit.runners.ParentRunner$2.evaluate(ParentRunner.java:293)\r\n\tat org.junit.runners.ParentRunner$3.evaluate(ParentRunner.java:306)\r\n\tat org.junit.runners.ParentRunner.run(ParentRunner.java:413)\r\n\tat io.cucumber.junit.Cucumber.runChild(Cucumber.java:185)\r\n\tat io.cucumber.junit.Cucumber.runChild(Cucumber.java:83)\r\n\tat org.junit.runners.ParentRunner$4.run(ParentRunner.java:331)\r\n\tat org.junit.runners.ParentRunner$1.schedule(ParentRunner.java:79)\r\n\tat org.junit.runners.ParentRunner.runChildren(ParentRunner.java:329)\r\n\tat org.junit.runners.ParentRunner.access$100(ParentRunner.java:66)\r\n\tat org.junit.runners.ParentRunner$2.evaluate(ParentRunner.java:293)\r\n\tat io.cucumber.junit.Cucumber$RunCucumber.evaluate(Cucumber.java:219)\r\n\tat org.junit.runners.ParentRunner$3.evaluate(ParentRunner.java:306)\r\n\tat org.junit.runners.ParentRunner.run(ParentRunner.java:413)\r\n\tat org.eclipse.jdt.internal.junit4.runner.JUnit4TestReference.run(JUnit4TestReference.java:93)\r\n\tat org.eclipse.jdt.internal.junit.runner.TestExecution.run(TestExecution.java:40)\r\n\tat org.eclipse.jdt.internal.junit.runner.RemoteTestRunner.runTests(RemoteTestRunner.java:529)\r\n\tat org.eclipse.jdt.internal.junit.runner.RemoteTestRunner.runTests(RemoteTestRunner.java:756)\r\n\tat org.eclipse.jdt.internal.junit.runner.RemoteTestRunner.run(RemoteTestRunner.java:452)\r\n\tat org.eclipse.jdt.internal.junit.runner.RemoteTestRunner.main(RemoteTestRunner.java:210)\r\n"},"stage":"finished","steps":[{"name":"Given  Admin is on dashboard page after Login","statusDetails":{"known":false,"muted":false,"flaky":false,"message":"Undefined Step. Please add step definition","trace":"java.lang.IllegalStateException: Undefined Step. Please add step definition\r\n\tat io.qameta.allure.cucumber5jvm.AllureCucumber5Jvm.handlePickleStep(AllureCucumber5Jvm.java:398)\r\n\tat io.qameta.allure.cucumber5jvm.AllureCucumber5Jvm.handleTestStepFinished(AllureCucumber5Jvm.java:241)\r\n\tat io.cucumber.core.eventbus.AbstractEventPublisher.send(AbstractEventPublisher.java:45)\r\n\tat io.cucumber.core.eventbus.AbstractEventBus.send(AbstractEventBus.java:9)\r\n\tat io.cucumber.core.runtime.ThreadLocalRunnerSupplier$SynchronizedEventBus.send(ThreadLocalRunnerSupplier.java:100)\r\n\tat io.cucumber.core.runtime.ThreadLocalRunnerSupplier$LocalEventBus.send(ThreadLocalRunnerSupplier.java:68)\r\n\tat io.cucumber.core.runner.TestStep.run(TestStep.java:58)\r\n\tat io.cucumber.core.runner.PickleStepTestStep.run(PickleStepTestStep.java:46)\r\n\tat io.cucumber.core.runner.TestCase.run(TestCase.java:51)\r\n\tat io.cucumber.core.runner.Runner.runPickle(Runner.java:66)\r\n\tat io.cucumber.junit.PickleRunners$NoStepDescriptions.run(PickleRunners.java:149)\r\n\tat io.cucumber.junit.FeatureRunner.runChild(FeatureRunner.java:83)\r\n\tat io.cucumber.junit.FeatureRunner.runChild(FeatureRunner.java:24)\r\n\tat org.junit.runners.ParentRunner$4.run(ParentRunner.java:331)\r\n\tat org.junit.runners.ParentRunner$1.schedule(ParentRunner.java:79)\r\n\tat org.junit.runners.ParentRunner.runChildren(ParentRunner.java:329)\r\n\tat org.junit.runners.ParentRunner.access$100(ParentRunner.java:66)\r\n\tat org.junit.runners.ParentRunner$2.evaluate(ParentRunner.java:293)\r\n\tat org.junit.runners.ParentRunner$3.evaluate(ParentRunner.java:306)\r\n\tat org.junit.runners.ParentRunner.run(ParentRunner.java:413)\r\n\tat io.cucumber.junit.Cucumber.runChild(Cucumber.java:185)\r\n\tat io.cucumber.junit.Cucumber.runChild(Cucumber.java:83)\r\n\tat org.junit.runners.ParentRunner$4.run(ParentRunner.java:331)\r\n\tat org.junit.runners.ParentRunner$1.schedule(ParentRunner.java:79)\r\n\tat org.junit.runners.ParentRunner.runChildren(ParentRunner.java:329)\r\n\tat org.junit.runners.ParentRunner.access$100(ParentRunner.java:66)\r\n\tat org.junit.runners.ParentRunner$2.evaluate(ParentRunner.java:293)\r\n\tat io.cucumber.junit.Cucumber$RunCucumber.evaluate(Cucumber.java:219)\r\n\tat org.junit.runners.ParentRunner$3.evaluate(ParentRunner.java:306)\r\n\tat org.junit.runners.ParentRunner.run(ParentRunner.java:413)\r\n\tat org.eclipse.jdt.internal.junit4.runner.JUnit4TestReference.run(JUnit4TestReference.java:93)\r\n\tat org.eclipse.jdt.internal.junit.runner.TestExecution.run(TestExecution.java:40)\r\n\tat org.eclipse.jdt.internal.junit.runner.RemoteTestRunner.runTests(RemoteTestRunner.java:529)\r\n\tat org.eclipse.jdt.internal.junit.runner.RemoteTestRunner.runTests(RemoteTestRunner.java:756)\r\n\tat org.eclipse.jdt.internal.junit.runner.RemoteTestRunner.run(RemoteTestRunner.java:452)\r\n\tat org.eclipse.jdt.internal.junit.runner.RemoteTestRunner.main(RemoteTestRunner.java:210)\r\n"},"stage":"finished","steps":[],"attachments":[],"parameters":[],"start":1694407364148,"stop":1694407364151},{"name":"When  Admin clicks \"Attendance\" on the navigation bar","statusDetails":{"known":false,"muted":false,"flaky":false,"message":"Undefined Step. Please add step definition","trace":"java.lang.IllegalStateException: Undefined Step. Please add step definition\r\n\tat io.qameta.allure.cucumber5jvm.AllureCucumber5Jvm.handlePickleStep(AllureCucumber5Jvm.java:398)\r\n\tat io.qameta.allure.cucumber5jvm.AllureCucumber5Jvm.handleTestStepFinished(AllureCucumber5Jvm.java:241)\r\n\tat io.cucumber.core.eventbus.AbstractEventPublisher.send(AbstractEventPublisher.java:45)\r\n\tat io.cucumber.core.eventbus.AbstractEventBus.send(AbstractEventBus.java:9)\r\n\tat io.cucumber.core.runtime.ThreadLocalRunnerSupplier$SynchronizedEventBus.send(ThreadLocalRunnerSupplier.java:100)\r\n\tat io.cucumber.core.runtime.ThreadLocalRunnerSupplier$LocalEventBus.send(ThreadLocalRunnerSupplier.java:68)\r\n\tat io.cucumber.core.runner.TestStep.run(TestStep.java:58)\r\n\tat io.cucumber.core.runner.PickleStepTestStep.run(PickleStepTestStep.java:46)\r\n\tat io.cucumber.core.runner.TestCase.run(TestCase.java:51)\r\n\tat io.cucumber.core.runner.Runner.runPickle(Runner.java:66)\r\n\tat io.cucumber.junit.PickleRunners$NoStepDescriptions.run(PickleRunners.java:149)\r\n\tat io.cucumber.junit.FeatureRunner.runChild(FeatureRunner.java:83)\r\n\tat io.cucumber.junit.FeatureRunner.runChild(FeatureRunner.java:24)\r\n\tat org.junit.runners.ParentRunner$4.run(ParentRunner.java:331)\r\n\tat org.junit.runners.ParentRunner$1.schedule(ParentRunner.java:79)\r\n\tat org.junit.runners.ParentRunner.runChildren(ParentRunner.java:329)\r\n\tat org.junit.runners.ParentRunner.access$100(ParentRunner.java:66)\r\n\tat org.junit.runners.ParentRunner$2.evaluate(ParentRunner.java:293)\r\n\tat org.junit.runners.ParentRunner$3.evaluate(ParentRunner.java:306)\r\n\tat org.junit.runners.ParentRunner.run(ParentRunner.java:413)\r\n\tat io.cucumber.junit.Cucumber.runChild(Cucumber.java:185)\r\n\tat io.cucumber.junit.Cucumber.runChild(Cucumber.java:83)\r\n\tat org.junit.runners.ParentRunner$4.run(ParentRunner.java:331)\r\n\tat org.junit.runners.ParentRunner$1.schedule(ParentRunner.java:79)\r\n\tat org.junit.runners.ParentRunner.runChildren(ParentRunner.java:329)\r\n\tat org.junit.runners.ParentRunner.access$100(ParentRunner.java:66)\r\n\tat org.junit.runners.ParentRunner$2.evaluate(ParentRunner.java:293)\r\n\tat io.cucumber.junit.Cucumber$RunCucumber.evaluate(Cucumber.java:219)\r\n\tat org.junit.runners.ParentRunner$3.evaluate(ParentRunner.java:306)\r\n\tat org.junit.runners.ParentRunner.run(ParentRunner.java:413)\r\n\tat org.eclipse.jdt.internal.junit4.runner.JUnit4TestReference.run(JUnit4TestReference.java:93)\r\n\tat org.eclipse.jdt.internal.junit.runner.TestExecution.run(TestExecution.java:40)\r\n\tat org.eclipse.jdt.internal.junit.runner.RemoteTestRunner.runTests(RemoteTestRunner.java:529)\r\n\tat org.eclipse.jdt.internal.junit.runner.RemoteTestRunner.runTests(RemoteTestRunner.java:756)\r\n\tat org.eclipse.jdt.internal.junit.runner.RemoteTestRunner.run(RemoteTestRunner.java:452)\r\n\tat org.eclipse.jdt.internal.junit.runner.RemoteTestRunner.main(RemoteTestRunner.java:210)\r\n"},"stage":"finished","steps":[],"attachments":[],"parameters":[],"start":1694407364152,"stop":1694407364153},{"name":"Then  Admin is in manage attendance page","statusDetails":{"known":false,"muted":false,"flaky":false,"message":"Undefined Step. Please add step definition","trace":"java.lang.IllegalStateException: Undefined Step. Please add step definition\r\n\tat io.qameta.allure.cucumber5jvm.AllureCucumber5Jvm.handlePickleStep(AllureCucumber5Jvm.java:398)\r\n\tat io.qameta.allure.cucumber5jvm.AllureCucumber5Jvm.handleTestStepFinished(AllureCucumber5Jvm.java:241)\r\n\tat io.cucumber.core.eventbus.AbstractEventPublisher.send(AbstractEventPublisher.java:45)\r\n\tat io.cucumber.core.eventbus.AbstractEventBus.send(AbstractEventBus.java:9)\r\n\tat io.cucumber.core.runtime.ThreadLocalRunnerSupplier$SynchronizedEventBus.send(ThreadLocalRunnerSupplier.java:100)\r\n\tat io.cucumber.core.runtime.ThreadLocalRunnerSupplier$LocalEventBus.send(ThreadLocalRunnerSupplier.java:68)\r\n\tat io.cucumber.core.runner.TestStep.run(TestStep.java:58)\r\n\tat io.cucumber.core.runner.PickleStepTestStep.run(PickleStepTestStep.java:46)\r\n\tat io.cucumber.core.runner.TestCase.run(TestCase.java:51)\r\n\tat io.cucumber.core.runner.Runner.runPickle(Runner.java:66)\r\n\tat io.cucumber.junit.PickleRunners$NoStepDescriptions.run(PickleRunners.java:149)\r\n\tat io.cucumber.junit.FeatureRunner.runChild(FeatureRunner.java:83)\r\n\tat io.cucumber.junit.FeatureRunner.runChild(FeatureRunner.java:24)\r\n\tat org.junit.runners.ParentRunner$4.run(ParentRunner.java:331)\r\n\tat org.junit.runners.ParentRunner$1.schedule(ParentRunner.java:79)\r\n\tat org.junit.runners.ParentRunner.runChildren(ParentRunner.java:329)\r\n\tat org.junit.runners.ParentRunner.access$100(ParentRunner.java:66)\r\n\tat org.junit.runners.ParentRunner$2.evaluate(ParentRunner.java:293)\r\n\tat org.junit.runners.ParentRunner$3.evaluate(ParentRunner.java:306)\r\n\tat org.junit.runners.ParentRunner.run(ParentRunner.java:413)\r\n\tat io.cucumber.junit.Cucumber.runChild(Cucumber.java:185)\r\n\tat io.cucumber.junit.Cucumber.runChild(Cucumber.java:83)\r\n\tat org.junit.runners.ParentRunner$4.run(ParentRunner.java:331)\r\n\tat org.junit.runners.ParentRunner$1.schedule(ParentRunner.java:79)\r\n\tat org.junit.runners.ParentRunner.runChildren(ParentRunner.java:329)\r\n\tat org.junit.runners.ParentRunner.access$100(ParentRunner.java:66)\r\n\tat org.junit.runners.ParentRunner$2.evaluate(ParentRunner.java:293)\r\n\tat io.cucumber.junit.Cucumber$RunCucumber.evaluate(Cucumber.java:219)\r\n\tat org.junit.runners.ParentRunner$3.evaluate(ParentRunner.java:306)\r\n\tat org.junit.runners.ParentRunner.run(ParentRunner.java:413)\r\n\tat org.eclipse.jdt.internal.junit4.runner.JUnit4TestReference.run(JUnit4TestReference.java:93)\r\n\tat org.eclipse.jdt.internal.junit.runner.TestExecution.run(TestExecution.java:40)\r\n\tat org.eclipse.jdt.internal.junit.runner.RemoteTestRunner.runTests(RemoteTestRunner.java:529)\r\n\tat org.eclipse.jdt.internal.junit.runner.RemoteTestRunner.runTests(RemoteTestRunner.java:756)\r\n\tat org.eclipse.jdt.internal.junit.runner.RemoteTestRunner.run(RemoteTestRunner.java:452)\r\n\tat org.eclipse.jdt.internal.junit.runner.RemoteTestRunner.main(RemoteTestRunner.java:210)\r\n"},"stage":"finished","steps":[],"attachments":[],"parameters":[],"start":1694407364154,"stop":1694407364156},{"name":"When  Admin clicks + a new attendance button","statusDetails":{"known":false,"muted":false,"flaky":false,"message":"Undefined Step. Please add step definition","trace":"java.lang.IllegalStateException: Undefined Step. Please add step definition\r\n\tat io.qameta.allure.cucumber5jvm.AllureCucumber5Jvm.handlePickleStep(AllureCucumber5Jvm.java:398)\r\n\tat io.qameta.allure.cucumber5jvm.AllureCucumber5Jvm.handleTestStepFinished(AllureCucumber5Jvm.java:241)\r\n\tat io.cucumber.core.eventbus.AbstractEventPublisher.send(AbstractEventPublisher.java:45)\r\n\tat io.cucumber.core.eventbus.AbstractEventBus.send(AbstractEventBus.java:9)\r\n\tat io.cucumber.core.runtime.ThreadLocalRunnerSupplier$SynchronizedEventBus.send(ThreadLocalRunnerSupplier.java:100)\r\n\tat io.cucumber.core.runtime.ThreadLocalRunnerSupplier$LocalEventBus.send(ThreadLocalRunnerSupplier.java:68)\r\n\tat io.cucumber.core.runner.TestStep.run(TestStep.java:58)\r\n\tat io.cucumber.core.runner.PickleStepTestStep.run(PickleStepTestStep.java:46)\r\n\tat io.cucumber.core.runner.TestCase.run(TestCase.java:51)\r\n\tat io.cucumber.core.runner.Runner.runPickle(Runner.java:66)\r\n\tat io.cucumber.junit.PickleRunners$NoStepDescriptions.run(PickleRunners.java:149)\r\n\tat io.cucumber.junit.FeatureRunner.runChild(FeatureRunner.java:83)\r\n\tat io.cucumber.junit.FeatureRunner.runChild(FeatureRunner.java:24)\r\n\tat org.junit.runners.ParentRunner$4.run(ParentRunner.java:331)\r\n\tat org.junit.runners.ParentRunner$1.schedule(ParentRunner.java:79)\r\n\tat org.junit.runners.ParentRunner.runChildren(ParentRunner.java:329)\r\n\tat org.junit.runners.ParentRunner.access$100(ParentRunner.java:66)\r\n\tat org.junit.runners.ParentRunner$2.evaluate(ParentRunner.java:293)\r\n\tat org.junit.runners.ParentRunner$3.evaluate(ParentRunner.java:306)\r\n\tat org.junit.runners.ParentRunner.run(ParentRunner.java:413)\r\n\tat io.cucumber.junit.Cucumber.runChild(Cucumber.java:185)\r\n\tat io.cucumber.junit.Cucumber.runChild(Cucumber.java:83)\r\n\tat org.junit.runners.ParentRunner$4.run(ParentRunner.java:331)\r\n\tat org.junit.runners.ParentRunner$1.schedule(ParentRunner.java:79)\r\n\tat org.junit.runners.ParentRunner.runChildren(ParentRunner.java:329)\r\n\tat org.junit.runners.ParentRunner.access$100(ParentRunner.java:66)\r\n\tat org.junit.runners.ParentRunner$2.evaluate(ParentRunner.java:293)\r\n\tat io.cucumber.junit.Cucumber$RunCucumber.evaluate(Cucumber.java:219)\r\n\tat org.junit.runners.ParentRunner$3.evaluate(ParentRunner.java:306)\r\n\tat org.junit.runners.ParentRunner.run(ParentRunner.java:413)\r\n\tat org.eclipse.jdt.internal.junit4.runner.JUnit4TestReference.run(JUnit4TestReference.java:93)\r\n\tat org.eclipse.jdt.internal.junit.runner.TestExecution.run(TestExecution.java:40)\r\n\tat org.eclipse.jdt.internal.junit.runner.RemoteTestRunner.runTests(RemoteTestRunner.java:529)\r\n\tat org.eclipse.jdt.internal.junit.runner.RemoteTestRunner.runTests(RemoteTestRunner.java:756)\r\n\tat org.eclipse.jdt.internal.junit.runner.RemoteTestRunner.run(RemoteTestRunner.java:452)\r\n\tat org.eclipse.jdt.internal.junit.runner.RemoteTestRunner.main(RemoteTestRunner.java:210)\r\n"},"stage":"finished","steps":[],"attachments":[],"parameters":[],"start":1694407364157,"stop":1694407364158},{"name":"Given  Admin is in  attendance details popup window","statusDetails":{"known":false,"muted":false,"flaky":false,"message":"Undefined Step. Please add step definition","trace":"java.lang.IllegalStateException: Undefined Step. Please add step definition\r\n\tat io.qameta.allure.cucumber5jvm.AllureCucumber5Jvm.handlePickleStep(AllureCucumber5Jvm.java:398)\r\n\tat io.qameta.allure.cucumber5jvm.AllureCucumber5Jvm.handleTestStepFinished(AllureCucumber5Jvm.java:241)\r\n\tat io.cucumber.core.eventbus.AbstractEventPublisher.send(AbstractEventPublisher.java:45)\r\n\tat io.cucumber.core.eventbus.AbstractEventBus.send(AbstractEventBus.java:9)\r\n\tat io.cucumber.core.runtime.ThreadLocalRunnerSupplier$SynchronizedEventBus.send(ThreadLocalRunnerSupplier.java:100)\r\n\tat io.cucumber.core.runtime.ThreadLocalRunnerSupplier$LocalEventBus.send(ThreadLocalRunnerSupplier.java:68)\r\n\tat io.cucumber.core.runner.TestStep.run(TestStep.java:58)\r\n\tat io.cucumber.core.runner.PickleStepTestStep.run(PickleStepTestStep.java:46)\r\n\tat io.cucumber.core.runner.TestCase.run(TestCase.java:51)\r\n\tat io.cucumber.core.runner.Runner.runPickle(Runner.java:66)\r\n\tat io.cucumber.junit.PickleRunners$NoStepDescriptions.run(PickleRunners.java:149)\r\n\tat io.cucumber.junit.FeatureRunner.runChild(FeatureRunner.java:83)\r\n\tat io.cucumber.junit.FeatureRunner.runChild(FeatureRunner.java:24)\r\n\tat org.junit.runners.ParentRunner$4.run(ParentRunner.java:331)\r\n\tat org.junit.runners.ParentRunner$1.schedule(ParentRunner.java:79)\r\n\tat org.junit.runners.ParentRunner.runChildren(ParentRunner.java:329)\r\n\tat org.junit.runners.ParentRunner.access$100(ParentRunner.java:66)\r\n\tat org.junit.runners.ParentRunner$2.evaluate(ParentRunner.java:293)\r\n\tat org.junit.runners.ParentRunner$3.evaluate(ParentRunner.java:306)\r\n\tat org.junit.runners.ParentRunner.run(ParentRunner.java:413)\r\n\tat io.cucumber.junit.Cucumber.runChild(Cucumber.java:185)\r\n\tat io.cucumber.junit.Cucumber.runChild(Cucumber.java:83)\r\n\tat org.junit.runners.ParentRunner$4.run(ParentRunner.java:331)\r\n\tat org.junit.runners.ParentRunner$1.schedule(ParentRunner.java:79)\r\n\tat org.junit.runners.ParentRunner.runChildren(ParentRunner.java:329)\r\n\tat org.junit.runners.ParentRunner.access$100(ParentRunner.java:66)\r\n\tat org.junit.runners.ParentRunner$2.evaluate(ParentRunner.java:293)\r\n\tat io.cucumber.junit.Cucumber$RunCucumber.evaluate(Cucumber.java:219)\r\n\tat org.junit.runners.ParentRunner$3.evaluate(ParentRunner.java:306)\r\n\tat org.junit.runners.ParentRunner.run(ParentRunner.java:413)\r\n\tat org.eclipse.jdt.internal.junit4.runner.JUnit4TestReference.run(JUnit4TestReference.java:93)\r\n\tat org.eclipse.jdt.internal.junit.runner.TestExecution.run(TestExecution.java:40)\r\n\tat org.eclipse.jdt.internal.junit.runner.RemoteTestRunner.runTests(RemoteTestRunner.java:529)\r\n\tat org.eclipse.jdt.internal.junit.runner.RemoteTestRunner.runTests(RemoteTestRunner.java:756)\r\n\tat org.eclipse.jdt.internal.junit.runner.RemoteTestRunner.run(RemoteTestRunner.java:452)\r\n\tat org.eclipse.jdt.internal.junit.runner.RemoteTestRunner.main(RemoteTestRunner.java:210)\r\n"},"stage":"finished","steps":[],"attachments":[],"parameters":[],"start":1694407364158,"stop":1694407364161},{"name":"When  Admin clicks left arrow in the date picker near month for Attendance Module","statusDetails":{"known":false,"muted":false,"flaky":false,"message":"Undefined Step. Please add step definition","trace":"java.lang.IllegalStateException: Undefined Step. Please add step definition\r\n\tat io.qameta.allure.cucumber5jvm.AllureCucumber5Jvm.handlePickleStep(AllureCucumber5Jvm.java:398)\r\n\tat io.qameta.allure.cucumber5jvm.AllureCucumber5Jvm.handleTestStepFinished(AllureCucumber5Jvm.java:241)\r\n\tat io.cucumber.core.eventbus.AbstractEventPublisher.send(AbstractEventPublisher.java:45)\r\n\tat io.cucumber.core.eventbus.AbstractEventBus.send(AbstractEventBus.java:9)\r\n\tat io.cucumber.core.runtime.ThreadLocalRunnerSupplier$SynchronizedEventBus.send(ThreadLocalRunnerSupplier.java:100)\r\n\tat io.cucumber.core.runtime.ThreadLocalRunnerSupplier$LocalEventBus.send(ThreadLocalRunnerSupplier.java:68)\r\n\tat io.cucumber.core.runner.TestStep.run(TestStep.java:58)\r\n\tat io.cucumber.core.runner.PickleStepTestStep.run(PickleStepTestStep.java:46)\r\n\tat io.cucumber.core.runner.TestCase.run(TestCase.java:51)\r\n\tat io.cucumber.core.runner.Runner.runPickle(Runner.java:66)\r\n\tat io.cucumber.junit.PickleRunners$NoStepDescriptions.run(PickleRunners.java:149)\r\n\tat io.cucumber.junit.FeatureRunner.runChild(FeatureRunner.java:83)\r\n\tat io.cucumber.junit.FeatureRunner.runChild(FeatureRunner.java:24)\r\n\tat org.junit.runners.ParentRunner$4.run(ParentRunner.java:331)\r\n\tat org.junit.runners.ParentRunner$1.schedule(ParentRunner.java:79)\r\n\tat org.junit.runners.ParentRunner.runChildren(ParentRunner.java:329)\r\n\tat org.junit.runners.ParentRunner.access$100(ParentRunner.java:66)\r\n\tat org.junit.runners.ParentRunner$2.evaluate(ParentRunner.java:293)\r\n\tat org.junit.runners.ParentRunner$3.evaluate(ParentRunner.java:306)\r\n\tat org.junit.runners.ParentRunner.run(ParentRunner.java:413)\r\n\tat io.cucumber.junit.Cucumber.runChild(Cucumber.java:185)\r\n\tat io.cucumber.junit.Cucumber.runChild(Cucumber.java:83)\r\n\tat org.junit.runners.ParentRunner$4.run(ParentRunner.java:331)\r\n\tat org.junit.runners.ParentRunner$1.schedule(ParentRunner.java:79)\r\n\tat org.junit.runners.ParentRunner.runChildren(ParentRunner.java:329)\r\n\tat org.junit.runners.ParentRunner.access$100(ParentRunner.java:66)\r\n\tat org.junit.runners.ParentRunner$2.evaluate(ParentRunner.java:293)\r\n\tat io.cucumber.junit.Cucumber$RunCucumber.evaluate(Cucumber.java:219)\r\n\tat org.junit.runners.ParentRunner$3.evaluate(ParentRunner.java:306)\r\n\tat org.junit.runners.ParentRunner.run(ParentRunner.java:413)\r\n\tat org.eclipse.jdt.internal.junit4.runner.JUnit4TestReference.run(JUnit4TestReference.java:93)\r\n\tat org.eclipse.jdt.internal.junit.runner.TestExecution.run(TestExecution.java:40)\r\n\tat org.eclipse.jdt.internal.junit.runner.RemoteTestRunner.runTests(RemoteTestRunner.java:529)\r\n\tat org.eclipse.jdt.internal.junit.runner.RemoteTestRunner.runTests(RemoteTestRunner.java:756)\r\n\tat org.eclipse.jdt.internal.junit.runner.RemoteTestRunner.run(RemoteTestRunner.java:452)\r\n\tat org.eclipse.jdt.internal.junit.runner.RemoteTestRunner.main(RemoteTestRunner.java:210)\r\n"},"stage":"finished","steps":[],"attachments":[],"parameters":[],"start":1694407364162,"stop":1694407364163},{"name":"Then  previous month calender should visible for Attendance Module","statusDetails":{"known":false,"muted":false,"flaky":false,"message":"Undefined Step. Please add step definition","trace":"java.lang.IllegalStateException: Undefined Step. Please add step definition\r\n\tat io.qameta.allure.cucumber5jvm.AllureCucumber5Jvm.handlePickleStep(AllureCucumber5Jvm.java:398)\r\n\tat io.qameta.allure.cucumber5jvm.AllureCucumber5Jvm.handleTestStepFinished(AllureCucumber5Jvm.java:241)\r\n\tat io.cucumber.core.eventbus.AbstractEventPublisher.send(AbstractEventPublisher.java:45)\r\n\tat io.cucumber.core.eventbus.AbstractEventBus.send(AbstractEventBus.java:9)\r\n\tat io.cucumber.core.runtime.ThreadLocalRunnerSupplier$SynchronizedEventBus.send(ThreadLocalRunnerSupplier.java:100)\r\n\tat io.cucumber.core.runtime.ThreadLocalRunnerSupplier$LocalEventBus.send(ThreadLocalRunnerSupplier.java:68)\r\n\tat io.cucumber.core.runner.TestStep.run(TestStep.java:58)\r\n\tat io.cucumber.core.runner.PickleStepTestStep.run(PickleStepTestStep.java:46)\r\n\tat io.cucumber.core.runner.TestCase.run(TestCase.java:51)\r\n\tat io.cucumber.core.runner.Runner.runPickle(Runner.java:66)\r\n\tat io.cucumber.junit.PickleRunners$NoStepDescriptions.run(PickleRunners.java:149)\r\n\tat io.cucumber.junit.FeatureRunner.runChild(FeatureRunner.java:83)\r\n\tat io.cucumber.junit.FeatureRunner.runChild(FeatureRunner.java:24)\r\n\tat org.junit.runners.ParentRunner$4.run(ParentRunner.java:331)\r\n\tat org.junit.runners.ParentRunner$1.schedule(ParentRunner.java:79)\r\n\tat org.junit.runners.ParentRunner.runChildren(ParentRunner.java:329)\r\n\tat org.junit.runners.ParentRunner.access$100(ParentRunner.java:66)\r\n\tat org.junit.runners.ParentRunner$2.evaluate(ParentRunner.java:293)\r\n\tat org.junit.runners.ParentRunner$3.evaluate(ParentRunner.java:306)\r\n\tat org.junit.runners.ParentRunner.run(ParentRunner.java:413)\r\n\tat io.cucumber.junit.Cucumber.runChild(Cucumber.java:185)\r\n\tat io.cucumber.junit.Cucumber.runChild(Cucumber.java:83)\r\n\tat org.junit.runners.ParentRunner$4.run(ParentRunner.java:331)\r\n\tat org.junit.runners.ParentRunner$1.schedule(ParentRunner.java:79)\r\n\tat org.junit.runners.ParentRunner.runChildren(ParentRunner.java:329)\r\n\tat org.junit.runners.ParentRunner.access$100(ParentRunner.java:66)\r\n\tat org.junit.runners.ParentRunner$2.evaluate(ParentRunner.java:293)\r\n\tat io.cucumber.junit.Cucumber$RunCucumber.evaluate(Cucumber.java:219)\r\n\tat org.junit.runners.ParentRunner$3.evaluate(ParentRunner.java:306)\r\n\tat org.junit.runners.ParentRunner.run(ParentRunner.java:413)\r\n\tat org.eclipse.jdt.internal.junit4.runner.JUnit4TestReference.run(JUnit4TestReference.java:93)\r\n\tat org.eclipse.jdt.internal.junit.runner.TestExecution.run(TestExecution.java:40)\r\n\tat org.eclipse.jdt.internal.junit.runner.RemoteTestRunner.runTests(RemoteTestRunner.java:529)\r\n\tat org.eclipse.jdt.internal.junit.runner.RemoteTestRunner.runTests(RemoteTestRunner.java:756)\r\n\tat org.eclipse.jdt.internal.junit.runner.RemoteTestRunner.run(RemoteTestRunner.java:452)\r\n\tat org.eclipse.jdt.internal.junit.runner.RemoteTestRunner.main(RemoteTestRunner.java:210)\r\n"},"stage":"finished","steps":[],"attachments":[],"parameters":[],"start":1694407364163,"stop":1694407364164}],"attachments":[],"parameters":[],"start":1694407364147,"stop":1694407364165}