{"uuid":"d1ba8e26-c317-4d63-b565-d8c8732116d2","historyId":"6e4a2c77645c693071ef98fee2e0a02","fullName":"Manage Attendance Page verification: Validate the header of the page","labels":[{"name":"host","value":"DESKTOP-88CLK0G"},{"name":"thread","value":"24376@DESKTOP-88CLK0G.main(1)"},{"name":"feature","value":"Manage Attendance Page verification"},{"name":"story","value":"Validate the header of the page"},{"name":"suite","value":"Manage Attendance Page verification"},{"name":"testClass","value":"Validate the header of the page"},{"name":"framework","value":"cucumber5jvm"},{"name":"language","value":"java"},{"name":"gherkin_uri","value":"file:///C:/Users/anoop/eclipse-workspaceNew/Game_of_Cucumber_Team04/src/test/resources/features/Attendance_Module/09_Attendance_Manage.feature"},{"name":"package","value":"src.test.resources.features.Attendance_Module.09_Attendance_Manage_feature.Manage Attendance Page verification"}],"links":[],"name":"Validate the header of the page","status":"broken","statusDetails":{"known":false,"muted":false,"flaky":false,"message":"Step [Admin clicks Attendance on the navigation bar] is defined with 1 parameters at 'com.stepDefinition.Attendance_SD.admin_clicks_on_the_navigation_bar(java.lang.String)'.\nHowever, the gherkin step has 0 arguments.\nStep text: Admin clicks Attendance on the navigation bar","trace":"io.cucumber.core.exception.CucumberException: Step [Admin clicks Attendance on the navigation bar] is defined with 1 parameters at 'com.stepDefinition.Attendance_SD.admin_clicks_on_the_navigation_bar(java.lang.String)'.\nHowever, the gherkin step has 0 arguments.\nStep text: Admin clicks Attendance on the navigation bar\r\n\tat io.cucumber.core.runner.PickleStepDefinitionMatch.arityMismatch(PickleStepDefinitionMatch.java:135)\r\n\tat io.cucumber.core.runner.PickleStepDefinitionMatch.runStep(PickleStepDefinitionMatch.java:42)\r\n\tat io.cucumber.core.runner.TestStep.executeStep(TestStep.java:64)\r\n\tat io.cucumber.core.runner.TestStep.run(TestStep.java:49)\r\n\tat io.cucumber.core.runner.PickleStepTestStep.run(PickleStepTestStep.java:46)\r\n\tat io.cucumber.core.runner.TestCase.run(TestCase.java:51)\r\n\tat io.cucumber.core.runner.Runner.runPickle(Runner.java:66)\r\n\tat io.cucumber.junit.PickleRunners$NoStepDescriptions.run(PickleRunners.java:149)\r\n\tat io.cucumber.junit.FeatureRunner.runChild(FeatureRunner.java:83)\r\n\tat io.cucumber.junit.FeatureRunner.runChild(FeatureRunner.java:24)\r\n\tat org.junit.runners.ParentRunner$4.run(ParentRunner.java:331)\r\n\tat org.junit.runners.ParentRunner$1.schedule(ParentRunner.java:79)\r\n\tat org.junit.runners.ParentRunner.runChildren(ParentRunner.java:329)\r\n\tat org.junit.runners.ParentRunner.access$100(ParentRunner.java:66)\r\n\tat org.junit.runners.ParentRunner$2.evaluate(ParentRunner.java:293)\r\n\tat org.junit.runners.ParentRunner$3.evaluate(ParentRunner.java:306)\r\n\tat org.junit.runners.ParentRunner.run(ParentRunner.java:413)\r\n\tat io.cucumber.junit.Cucumber.runChild(Cucumber.java:185)\r\n\tat io.cucumber.junit.Cucumber.runChild(Cucumber.java:83)\r\n\tat org.junit.runners.ParentRunner$4.run(ParentRunner.java:331)\r\n\tat org.junit.runners.ParentRunner$1.schedule(ParentRunner.java:79)\r\n\tat org.junit.runners.ParentRunner.runChildren(ParentRunner.java:329)\r\n\tat org.junit.runners.ParentRunner.access$100(ParentRunner.java:66)\r\n\tat org.junit.runners.ParentRunner$2.evaluate(ParentRunner.java:293)\r\n\tat io.cucumber.junit.Cucumber$RunCucumber.evaluate(Cucumber.java:219)\r\n\tat org.junit.runners.ParentRunner$3.evaluate(ParentRunner.java:306)\r\n\tat org.junit.runners.ParentRunner.run(ParentRunner.java:413)\r\n\tat org.eclipse.jdt.internal.junit4.runner.JUnit4TestReference.run(JUnit4TestReference.java:93)\r\n\tat org.eclipse.jdt.internal.junit.runner.TestExecution.run(TestExecution.java:40)\r\n\tat org.eclipse.jdt.internal.junit.runner.RemoteTestRunner.runTests(RemoteTestRunner.java:529)\r\n\tat org.eclipse.jdt.internal.junit.runner.RemoteTestRunner.runTests(RemoteTestRunner.java:756)\r\n\tat org.eclipse.jdt.internal.junit.runner.RemoteTestRunner.run(RemoteTestRunner.java:452)\r\n\tat org.eclipse.jdt.internal.junit.runner.RemoteTestRunner.main(RemoteTestRunner.java:210)\r\n"},"stage":"finished","steps":[{"name":"Given  Admin is on dashboard page after Login","status":"passed","statusDetails":{"known":false,"muted":false,"flaky":false},"stage":"finished","steps":[],"attachments":[],"parameters":[],"start":1694612635525,"stop":1694612635527},{"name":"When  Admin clicks Attendance on the navigation bar","status":"broken","statusDetails":{"known":false,"muted":false,"flaky":false,"message":"Step [Admin clicks Attendance on the navigation bar] is defined with 1 parameters at 'com.stepDefinition.Attendance_SD.admin_clicks_on_the_navigation_bar(java.lang.String)'.\nHowever, the gherkin step has 0 arguments.\nStep text: Admin clicks Attendance on the navigation bar","trace":"io.cucumber.core.exception.CucumberException: Step [Admin clicks Attendance on the navigation bar] is defined with 1 parameters at 'com.stepDefinition.Attendance_SD.admin_clicks_on_the_navigation_bar(java.lang.String)'.\nHowever, the gherkin step has 0 arguments.\nStep text: Admin clicks Attendance on the navigation bar\r\n\tat io.cucumber.core.runner.PickleStepDefinitionMatch.arityMismatch(PickleStepDefinitionMatch.java:135)\r\n\tat io.cucumber.core.runner.PickleStepDefinitionMatch.runStep(PickleStepDefinitionMatch.java:42)\r\n\tat io.cucumber.core.runner.TestStep.executeStep(TestStep.java:64)\r\n\tat io.cucumber.core.runner.TestStep.run(TestStep.java:49)\r\n\tat io.cucumber.core.runner.PickleStepTestStep.run(PickleStepTestStep.java:46)\r\n\tat io.cucumber.core.runner.TestCase.run(TestCase.java:51)\r\n\tat io.cucumber.core.runner.Runner.runPickle(Runner.java:66)\r\n\tat io.cucumber.junit.PickleRunners$NoStepDescriptions.run(PickleRunners.java:149)\r\n\tat io.cucumber.junit.FeatureRunner.runChild(FeatureRunner.java:83)\r\n\tat io.cucumber.junit.FeatureRunner.runChild(FeatureRunner.java:24)\r\n\tat org.junit.runners.ParentRunner$4.run(ParentRunner.java:331)\r\n\tat org.junit.runners.ParentRunner$1.schedule(ParentRunner.java:79)\r\n\tat org.junit.runners.ParentRunner.runChildren(ParentRunner.java:329)\r\n\tat org.junit.runners.ParentRunner.access$100(ParentRunner.java:66)\r\n\tat org.junit.runners.ParentRunner$2.evaluate(ParentRunner.java:293)\r\n\tat org.junit.runners.ParentRunner$3.evaluate(ParentRunner.java:306)\r\n\tat org.junit.runners.ParentRunner.run(ParentRunner.java:413)\r\n\tat io.cucumber.junit.Cucumber.runChild(Cucumber.java:185)\r\n\tat io.cucumber.junit.Cucumber.runChild(Cucumber.java:83)\r\n\tat org.junit.runners.ParentRunner$4.run(ParentRunner.java:331)\r\n\tat org.junit.runners.ParentRunner$1.schedule(ParentRunner.java:79)\r\n\tat org.junit.runners.ParentRunner.runChildren(ParentRunner.java:329)\r\n\tat org.junit.runners.ParentRunner.access$100(ParentRunner.java:66)\r\n\tat org.junit.runners.ParentRunner$2.evaluate(ParentRunner.java:293)\r\n\tat io.cucumber.junit.Cucumber$RunCucumber.evaluate(Cucumber.java:219)\r\n\tat org.junit.runners.ParentRunner$3.evaluate(ParentRunner.java:306)\r\n\tat org.junit.runners.ParentRunner.run(ParentRunner.java:413)\r\n\tat org.eclipse.jdt.internal.junit4.runner.JUnit4TestReference.run(JUnit4TestReference.java:93)\r\n\tat org.eclipse.jdt.internal.junit.runner.TestExecution.run(TestExecution.java:40)\r\n\tat org.eclipse.jdt.internal.junit.runner.RemoteTestRunner.runTests(RemoteTestRunner.java:529)\r\n\tat org.eclipse.jdt.internal.junit.runner.RemoteTestRunner.runTests(RemoteTestRunner.java:756)\r\n\tat org.eclipse.jdt.internal.junit.runner.RemoteTestRunner.run(RemoteTestRunner.java:452)\r\n\tat org.eclipse.jdt.internal.junit.runner.RemoteTestRunner.main(RemoteTestRunner.java:210)\r\n"},"stage":"finished","steps":[],"attachments":[],"parameters":[],"start":1694612635528,"stop":1694612635529},{"name":"Then  Admin should see the \"Manage Attendance\" in header","status":"skipped","statusDetails":{"known":false,"muted":false,"flaky":false},"stage":"finished","steps":[],"attachments":[],"parameters":[],"start":1694612635531,"stop":1694612635533}],"attachments":[],"parameters":[],"start":1694612635517,"stop":1694612635541}