<?xml version="1.0" encoding="UTF-8" standalone="no"?>
<testsuite errors="0" failures="56" name="io.cucumber.core.plugin.JUnitFormatter" skipped="0" tests="87" time="1,245.246">
    <testcase classname="Add New Batch" name="Check if the fields exist in pop" time="39.546">
        <system-out><![CDATA[Given Admin is on dashboard page after Login................................passed
When Admin clicks Batch from navigation bar.................................passed
Then Admin clicks + A New Batch button......................................passed
Then The pop up should include fields like Name Number of classes Description Status and Program Name.passed
]]></system-out>
    </testcase>
    <testcase classname="Add New Batch" name="Check if description is optional field" time="43.696">
        <failure message="Cannot invoke &quot;String.contains(java.lang.CharSequence)&quot; because &quot;actualTableData&quot; is null" type="java.lang.NullPointerException"><![CDATA[Given Admin is on dashboard page after Login................................passed
When Admin clicks Batch from navigation bar.................................passed
Then Admin clicks + A New Batch button......................................passed
When Click on save after filling all the fields except description with valid values on batch details "batchDetailsWithoutDesc" and "batchDetailsForm".passed
Then The newly added batch should be present in the data table in Manage Batch page.failed

StackTrace:
java.lang.NullPointerException: Cannot invoke "String.contains(java.lang.CharSequence)" because "actualTableData" is null
	at com.stepDefinition.Batch_SD.the_newly_added_batch_should_be_present_in_the_data_table_in_Manage_Batch_page(Batch_SD.java:215)
	at ✽.The newly added batch should be present in the data table in Manage Batch page(file:///C:/Users/joshi/eclipse-workspace/Game_of_Cucumber_Team04/src/test/resources/features/Batch_Module/05_Batch_Add_New.feature:16)
]]></failure>
    </testcase>
    <testcase classname="Add New Batch" name="Check if the program details are added in data table" time="43.809">
        <failure message="Cannot invoke &quot;String.contains(java.lang.CharSequence)&quot; because &quot;actualTableData&quot; is null" type="java.lang.NullPointerException"><![CDATA[Given Admin is on dashboard page after Login................................passed
When Admin clicks Batch from navigation bar.................................passed
Then Admin clicks + A New Batch button......................................passed
When Click on save after filling all the fields with valid values on batch details "batchDetails" and "batchDetailsForm".passed
Then The newly added batch should be present in the data table in Manage Batch page.failed

StackTrace:
java.lang.NullPointerException: Cannot invoke "String.contains(java.lang.CharSequence)" because "actualTableData" is null
	at com.stepDefinition.Batch_SD.the_newly_added_batch_should_be_present_in_the_data_table_in_Manage_Batch_page(Batch_SD.java:215)
	at ✽.The newly added batch should be present in the data table in Manage Batch page(file:///C:/Users/joshi/eclipse-workspace/Game_of_Cucumber_Team04/src/test/resources/features/Batch_Module/05_Batch_Add_New.feature:25)
]]></failure>
    </testcase>
    <testcase classname="Add New Batch" name="Check for error messages for invalid fields" time="38.116">
        <failure message="invalid selector: Unable to locate an element with the xpath expression //*[contains(text(),'message') because of the following error:&#10;SyntaxError: Failed to execute 'evaluate' on 'Document': The string '//*[contains(text(),'message')' is not a valid XPath expression.&#10;  (Session info: chrome=116.0.5845.187)&#10;For documentation on this error, please visit: https://www.selenium.dev/documentation/webdriver/troubleshooting/errors#invalid-selector-exception&#10;Build info: version: '4.11.0', revision: '040bc5406b'&#10;System info: os.name: 'Windows 11', os.arch: 'amd64', os.version: '10.0', java.version: '17.0.5'&#10;Driver info: org.openqa.selenium.chrome.ChromeDriver&#10;Command: [f8602126972b6060568a1265b3a2605c, findElement {using=xpath, value=//*[contains(text(),'message')}]&#10;Capabilities {acceptInsecureCerts: false, browserName: chrome, browserVersion: 116.0.5845.187, chrome: {chromedriverVersion: 116.0.5845.96 (1a3918166880..., userDataDir: C:\Users\joshi\AppData\Loca...}, fedcm:accounts: true, goog:chromeOptions: {debuggerAddress: localhost:55497}, networkConnectionEnabled: false, pageLoadStrategy: normal, platformName: windows, proxy: Proxy(), se:cdp: ws://localhost:55497/devtoo..., se:cdpVersion: 116.0.5845.187, setWindowRect: true, strictFileInteractability: false, timeouts: {implicit: 0, pageLoad: 300000, script: 30000}, unhandledPromptBehavior: dismiss and notify, webauthn:extension:credBlob: true, webauthn:extension:largeBlob: true, webauthn:extension:minPinLength: true, webauthn:extension:prf: true, webauthn:virtualAuthenticators: true}&#10;Session ID: f8602126972b6060568a1265b3a2605c" type="org.openqa.selenium.InvalidSelectorException"><![CDATA[Given Admin is on dashboard page after Login................................passed
When Admin clicks Batch from navigation bar.................................passed
Then Admin clicks + A New Batch button......................................passed
When Click on save after filling all the fields with Invalid values on batch details "InvalidbatchDetails" and "batchDetailsForm".passed
Then Error message should appear on batch detail page.......................failed

StackTrace:
org.openqa.selenium.InvalidSelectorException: invalid selector: Unable to locate an element with the xpath expression //*[contains(text(),'message') because of the following error:
SyntaxError: Failed to execute 'evaluate' on 'Document': The string '//*[contains(text(),'message')' is not a valid XPath expression.
  (Session info: chrome=116.0.5845.187)
For documentation on this error, please visit: https://www.selenium.dev/documentation/webdriver/troubleshooting/errors#invalid-selector-exception
Build info: version: '4.11.0', revision: '040bc5406b'
System info: os.name: 'Windows 11', os.arch: 'amd64', os.version: '10.0', java.version: '17.0.5'
Driver info: org.openqa.selenium.chrome.ChromeDriver
Command: [f8602126972b6060568a1265b3a2605c, findElement {using=xpath, value=//*[contains(text(),'message')}]
Capabilities {acceptInsecureCerts: false, browserName: chrome, browserVersion: 116.0.5845.187, chrome: {chromedriverVersion: 116.0.5845.96 (1a3918166880..., userDataDir: C:\Users\joshi\AppData\Loca...}, fedcm:accounts: true, goog:chromeOptions: {debuggerAddress: localhost:55497}, networkConnectionEnabled: false, pageLoadStrategy: normal, platformName: windows, proxy: Proxy(), se:cdp: ws://localhost:55497/devtoo..., se:cdpVersion: 116.0.5845.187, setWindowRect: true, strictFileInteractability: false, timeouts: {implicit: 0, pageLoad: 300000, script: 30000}, unhandledPromptBehavior: dismiss and notify, webauthn:extension:credBlob: true, webauthn:extension:largeBlob: true, webauthn:extension:minPinLength: true, webauthn:extension:prf: true, webauthn:virtualAuthenticators: true}
Session ID: f8602126972b6060568a1265b3a2605c
	at java.base/jdk.internal.reflect.NativeConstructorAccessorImpl.newInstance0(Native Method)
	at java.base/jdk.internal.reflect.NativeConstructorAccessorImpl.newInstance(NativeConstructorAccessorImpl.java:77)
	at java.base/jdk.internal.reflect.DelegatingConstructorAccessorImpl.newInstance(DelegatingConstructorAccessorImpl.java:45)
	at java.base/java.lang.reflect.Constructor.newInstanceWithCaller(Constructor.java:499)
	at java.base/java.lang.reflect.Constructor.newInstance(Constructor.java:480)
	at org.openqa.selenium.remote.codec.w3c.W3CHttpResponseCodec.createException(W3CHttpResponseCodec.java:200)
	at org.openqa.selenium.remote.codec.w3c.W3CHttpResponseCodec.decode(W3CHttpResponseCodec.java:133)
	at org.openqa.selenium.remote.codec.w3c.W3CHttpResponseCodec.decode(W3CHttpResponseCodec.java:52)
	at org.openqa.selenium.remote.HttpCommandExecutor.execute(HttpCommandExecutor.java:191)
	at org.openqa.selenium.remote.service.DriverCommandExecutor.invokeExecute(DriverCommandExecutor.java:196)
	at org.openqa.selenium.remote.service.DriverCommandExecutor.execute(DriverCommandExecutor.java:171)
	at org.openqa.selenium.remote.RemoteWebDriver.execute(RemoteWebDriver.java:518)
	at org.openqa.selenium.remote.ElementLocation$ElementFinder$2.findElement(ElementLocation.java:165)
	at org.openqa.selenium.remote.ElementLocation.findElement(ElementLocation.java:59)
	at org.openqa.selenium.remote.RemoteWebDriver.findElement(RemoteWebDriver.java:355)
	at org.openqa.selenium.remote.RemoteWebDriver.findElement(RemoteWebDriver.java:349)
	at org.openqa.selenium.support.pagefactory.DefaultElementLocator.findElement(DefaultElementLocator.java:68)
	at org.openqa.selenium.support.pagefactory.internal.LocatingElementHandler.invoke(LocatingElementHandler.java:38)
	at jdk.proxy2/jdk.proxy2.$Proxy37.getText(Unknown Source)
	at com.pageObject.Batch_Add_Obj.errorMessage(Batch_Add_Obj.java:96)
	at com.stepDefinition.Batch_SD.Error_message_should_appear_on_batch_detail_page(Batch_SD.java:278)
	at ✽.Error message should appear on batch detail page(file:///C:/Users/joshi/eclipse-workspace/Game_of_Cucumber_Team04/src/test/resources/features/Batch_Module/05_Batch_Add_New.feature:34)
]]></failure>
    </testcase>
    <testcase classname="Add New Batch" name="Check for error messages for mandatory fields" time="37.903">
        <failure message="invalid selector: Unable to locate an element with the xpath expression //*[contains(text(),'message') because of the following error:&#10;SyntaxError: Failed to execute 'evaluate' on 'Document': The string '//*[contains(text(),'message')' is not a valid XPath expression.&#10;  (Session info: chrome=116.0.5845.187)&#10;For documentation on this error, please visit: https://www.selenium.dev/documentation/webdriver/troubleshooting/errors#invalid-selector-exception&#10;Build info: version: '4.11.0', revision: '040bc5406b'&#10;System info: os.name: 'Windows 11', os.arch: 'amd64', os.version: '10.0', java.version: '17.0.5'&#10;Driver info: org.openqa.selenium.chrome.ChromeDriver&#10;Command: [e2a2034a6f7a82072f38d6ca01f39749, findElement {using=xpath, value=//*[contains(text(),'message')}]&#10;Capabilities {acceptInsecureCerts: false, browserName: chrome, browserVersion: 116.0.5845.187, chrome: {chromedriverVersion: 116.0.5845.96 (1a3918166880..., userDataDir: C:\Users\joshi\AppData\Loca...}, fedcm:accounts: true, goog:chromeOptions: {debuggerAddress: localhost:55593}, networkConnectionEnabled: false, pageLoadStrategy: normal, platformName: windows, proxy: Proxy(), se:cdp: ws://localhost:55593/devtoo..., se:cdpVersion: 116.0.5845.187, setWindowRect: true, strictFileInteractability: false, timeouts: {implicit: 0, pageLoad: 300000, script: 30000}, unhandledPromptBehavior: dismiss and notify, webauthn:extension:credBlob: true, webauthn:extension:largeBlob: true, webauthn:extension:minPinLength: true, webauthn:extension:prf: true, webauthn:virtualAuthenticators: true}&#10;Session ID: e2a2034a6f7a82072f38d6ca01f39749" type="org.openqa.selenium.InvalidSelectorException"><![CDATA[Given Admin is on dashboard page after Login................................passed
When Admin clicks Batch from navigation bar.................................passed
Then Admin clicks + A New Batch button......................................passed
When Click on save after missing mandatory fields on batch details "MissingMandatoryInDetails" and "batchDetailsForm".passed
Then Error message should appear on batch detail page.......................failed

StackTrace:
org.openqa.selenium.InvalidSelectorException: invalid selector: Unable to locate an element with the xpath expression //*[contains(text(),'message') because of the following error:
SyntaxError: Failed to execute 'evaluate' on 'Document': The string '//*[contains(text(),'message')' is not a valid XPath expression.
  (Session info: chrome=116.0.5845.187)
For documentation on this error, please visit: https://www.selenium.dev/documentation/webdriver/troubleshooting/errors#invalid-selector-exception
Build info: version: '4.11.0', revision: '040bc5406b'
System info: os.name: 'Windows 11', os.arch: 'amd64', os.version: '10.0', java.version: '17.0.5'
Driver info: org.openqa.selenium.chrome.ChromeDriver
Command: [e2a2034a6f7a82072f38d6ca01f39749, findElement {using=xpath, value=//*[contains(text(),'message')}]
Capabilities {acceptInsecureCerts: false, browserName: chrome, browserVersion: 116.0.5845.187, chrome: {chromedriverVersion: 116.0.5845.96 (1a3918166880..., userDataDir: C:\Users\joshi\AppData\Loca...}, fedcm:accounts: true, goog:chromeOptions: {debuggerAddress: localhost:55593}, networkConnectionEnabled: false, pageLoadStrategy: normal, platformName: windows, proxy: Proxy(), se:cdp: ws://localhost:55593/devtoo..., se:cdpVersion: 116.0.5845.187, setWindowRect: true, strictFileInteractability: false, timeouts: {implicit: 0, pageLoad: 300000, script: 30000}, unhandledPromptBehavior: dismiss and notify, webauthn:extension:credBlob: true, webauthn:extension:largeBlob: true, webauthn:extension:minPinLength: true, webauthn:extension:prf: true, webauthn:virtualAuthenticators: true}
Session ID: e2a2034a6f7a82072f38d6ca01f39749
	at java.base/jdk.internal.reflect.NativeConstructorAccessorImpl.newInstance0(Native Method)
	at java.base/jdk.internal.reflect.NativeConstructorAccessorImpl.newInstance(NativeConstructorAccessorImpl.java:77)
	at java.base/jdk.internal.reflect.DelegatingConstructorAccessorImpl.newInstance(DelegatingConstructorAccessorImpl.java:45)
	at java.base/java.lang.reflect.Constructor.newInstanceWithCaller(Constructor.java:499)
	at java.base/java.lang.reflect.Constructor.newInstance(Constructor.java:480)
	at org.openqa.selenium.remote.codec.w3c.W3CHttpResponseCodec.createException(W3CHttpResponseCodec.java:200)
	at org.openqa.selenium.remote.codec.w3c.W3CHttpResponseCodec.decode(W3CHttpResponseCodec.java:133)
	at org.openqa.selenium.remote.codec.w3c.W3CHttpResponseCodec.decode(W3CHttpResponseCodec.java:52)
	at org.openqa.selenium.remote.HttpCommandExecutor.execute(HttpCommandExecutor.java:191)
	at org.openqa.selenium.remote.service.DriverCommandExecutor.invokeExecute(DriverCommandExecutor.java:196)
	at org.openqa.selenium.remote.service.DriverCommandExecutor.execute(DriverCommandExecutor.java:171)
	at org.openqa.selenium.remote.RemoteWebDriver.execute(RemoteWebDriver.java:518)
	at org.openqa.selenium.remote.ElementLocation$ElementFinder$2.findElement(ElementLocation.java:165)
	at org.openqa.selenium.remote.ElementLocation.findElement(ElementLocation.java:59)
	at org.openqa.selenium.remote.RemoteWebDriver.findElement(RemoteWebDriver.java:355)
	at org.openqa.selenium.remote.RemoteWebDriver.findElement(RemoteWebDriver.java:349)
	at org.openqa.selenium.support.pagefactory.DefaultElementLocator.findElement(DefaultElementLocator.java:68)
	at org.openqa.selenium.support.pagefactory.internal.LocatingElementHandler.invoke(LocatingElementHandler.java:38)
	at jdk.proxy2/jdk.proxy2.$Proxy37.getText(Unknown Source)
	at com.pageObject.Batch_Add_Obj.errorMessage(Batch_Add_Obj.java:96)
	at com.stepDefinition.Batch_SD.Error_message_should_appear_on_batch_detail_page(Batch_SD.java:278)
	at ✽.Error message should appear on batch detail page(file:///C:/Users/joshi/eclipse-workspace/Game_of_Cucumber_Team04/src/test/resources/features/Batch_Module/05_Batch_Add_New.feature:43)
]]></failure>
    </testcase>
    <testcase classname="Delete Batch" name="Validate row level delete icon" time="17.635">
        <system-out><![CDATA[Given Admin is on dashboard page after Login................................passed
When Admin clicks Batch from navigation bar.................................passed
Then Admin clicks on the delete icon on batch page if it is enabled.........passed
Then Alert appears with yes and No option to delete batch...................passed
]]></system-out>
    </testcase>
    <testcase classname="Delete Batch" name="Admin clicks the yes icon" time="12.714">
        <failure message="invalid selector: Unable to locate an element with the xpath expression //*[contains(text(),'Are you sure') because of the following error:&#10;SyntaxError: Failed to execute 'evaluate' on 'Document': The string '//*[contains(text(),'Are you sure')' is not a valid XPath expression.&#10;  (Session info: chrome=116.0.5845.187)&#10;For documentation on this error, please visit: https://www.selenium.dev/documentation/webdriver/troubleshooting/errors#invalid-selector-exception&#10;Build info: version: '4.11.0', revision: '040bc5406b'&#10;System info: os.name: 'Windows 11', os.arch: 'amd64', os.version: '10.0', java.version: '17.0.5'&#10;Driver info: org.openqa.selenium.chrome.ChromeDriver&#10;Command: [8d689954ff357a25d9c57654c7ae8f8d, findElement {using=xpath, value=//*[contains(text(),'Are you sure')}]&#10;Capabilities {acceptInsecureCerts: false, browserName: chrome, browserVersion: 116.0.5845.187, chrome: {chromedriverVersion: 116.0.5845.96 (1a3918166880..., userDataDir: C:\Users\joshi\AppData\Loca...}, fedcm:accounts: true, goog:chromeOptions: {debuggerAddress: localhost:55716}, networkConnectionEnabled: false, pageLoadStrategy: normal, platformName: windows, proxy: Proxy(), se:cdp: ws://localhost:55716/devtoo..., se:cdpVersion: 116.0.5845.187, setWindowRect: true, strictFileInteractability: false, timeouts: {implicit: 0, pageLoad: 300000, script: 30000}, unhandledPromptBehavior: dismiss and notify, webauthn:extension:credBlob: true, webauthn:extension:largeBlob: true, webauthn:extension:minPinLength: true, webauthn:extension:prf: true, webauthn:virtualAuthenticators: true}&#10;Session ID: 8d689954ff357a25d9c57654c7ae8f8d" type="org.openqa.selenium.InvalidSelectorException"><![CDATA[Given Admin is on dashboard page after Login................................passed
When Admin clicks Batch from navigation bar.................................passed
Then Admin clicks on the delete icon on batch page if it is enabled.........passed
When Admin click yes option to delete batch.................................passed
Then Batch deleted alert pops and batch is no more available in data table..failed

StackTrace:
org.openqa.selenium.InvalidSelectorException: invalid selector: Unable to locate an element with the xpath expression //*[contains(text(),'Are you sure') because of the following error:
SyntaxError: Failed to execute 'evaluate' on 'Document': The string '//*[contains(text(),'Are you sure')' is not a valid XPath expression.
  (Session info: chrome=116.0.5845.187)
For documentation on this error, please visit: https://www.selenium.dev/documentation/webdriver/troubleshooting/errors#invalid-selector-exception
Build info: version: '4.11.0', revision: '040bc5406b'
System info: os.name: 'Windows 11', os.arch: 'amd64', os.version: '10.0', java.version: '17.0.5'
Driver info: org.openqa.selenium.chrome.ChromeDriver
Command: [8d689954ff357a25d9c57654c7ae8f8d, findElement {using=xpath, value=//*[contains(text(),'Are you sure')}]
Capabilities {acceptInsecureCerts: false, browserName: chrome, browserVersion: 116.0.5845.187, chrome: {chromedriverVersion: 116.0.5845.96 (1a3918166880..., userDataDir: C:\Users\joshi\AppData\Loca...}, fedcm:accounts: true, goog:chromeOptions: {debuggerAddress: localhost:55716}, networkConnectionEnabled: false, pageLoadStrategy: normal, platformName: windows, proxy: Proxy(), se:cdp: ws://localhost:55716/devtoo..., se:cdpVersion: 116.0.5845.187, setWindowRect: true, strictFileInteractability: false, timeouts: {implicit: 0, pageLoad: 300000, script: 30000}, unhandledPromptBehavior: dismiss and notify, webauthn:extension:credBlob: true, webauthn:extension:largeBlob: true, webauthn:extension:minPinLength: true, webauthn:extension:prf: true, webauthn:virtualAuthenticators: true}
Session ID: 8d689954ff357a25d9c57654c7ae8f8d
	at java.base/jdk.internal.reflect.NativeConstructorAccessorImpl.newInstance0(Native Method)
	at java.base/jdk.internal.reflect.NativeConstructorAccessorImpl.newInstance(NativeConstructorAccessorImpl.java:77)
	at java.base/jdk.internal.reflect.DelegatingConstructorAccessorImpl.newInstance(DelegatingConstructorAccessorImpl.java:45)
	at java.base/java.lang.reflect.Constructor.newInstanceWithCaller(Constructor.java:499)
	at java.base/java.lang.reflect.Constructor.newInstance(Constructor.java:480)
	at org.openqa.selenium.remote.codec.w3c.W3CHttpResponseCodec.createException(W3CHttpResponseCodec.java:200)
	at org.openqa.selenium.remote.codec.w3c.W3CHttpResponseCodec.decode(W3CHttpResponseCodec.java:133)
	at org.openqa.selenium.remote.codec.w3c.W3CHttpResponseCodec.decode(W3CHttpResponseCodec.java:52)
	at org.openqa.selenium.remote.HttpCommandExecutor.execute(HttpCommandExecutor.java:191)
	at org.openqa.selenium.remote.service.DriverCommandExecutor.invokeExecute(DriverCommandExecutor.java:196)
	at org.openqa.selenium.remote.service.DriverCommandExecutor.execute(DriverCommandExecutor.java:171)
	at org.openqa.selenium.remote.RemoteWebDriver.execute(RemoteWebDriver.java:518)
	at org.openqa.selenium.remote.ElementLocation$ElementFinder$2.findElement(ElementLocation.java:165)
	at org.openqa.selenium.remote.ElementLocation.findElement(ElementLocation.java:59)
	at org.openqa.selenium.remote.RemoteWebDriver.findElement(RemoteWebDriver.java:355)
	at org.openqa.selenium.remote.RemoteWebDriver.findElement(RemoteWebDriver.java:349)
	at org.openqa.selenium.support.pagefactory.DefaultElementLocator.findElement(DefaultElementLocator.java:68)
	at org.openqa.selenium.support.pagefactory.internal.LocatingElementHandler.invoke(LocatingElementHandler.java:38)
	at jdk.proxy2/jdk.proxy2.$Proxy37.getText(Unknown Source)
	at com.pageObject.Batch_Delete_Obj.deleteMessage(Batch_Delete_Obj.java:65)
	at com.stepDefinition.Batch_SD.batch_deleted_alert_pops_and_batch_is_no_more_available_in_data_table(Batch_SD.java:314)
	at ✽.Batch deleted alert pops and batch is no more available in data table(file:///C:/Users/joshi/eclipse-workspace/Game_of_Cucumber_Team04/src/test/resources/features/Batch_Module/05_Batch_Delete.feature:16)
]]></failure>
    </testcase>
    <testcase classname="Delete Batch" name="Admin clicks the No icon" time="13.296">
        <failure message="invalid selector: Unable to locate an element with the xpath expression //*[contains(text(),'Success') because of the following error:&#10;SyntaxError: Failed to execute 'evaluate' on 'Document': The string '//*[contains(text(),'Success')' is not a valid XPath expression.&#10;  (Session info: chrome=116.0.5845.187)&#10;For documentation on this error, please visit: https://www.selenium.dev/documentation/webdriver/troubleshooting/errors#invalid-selector-exception&#10;Build info: version: '4.11.0', revision: '040bc5406b'&#10;System info: os.name: 'Windows 11', os.arch: 'amd64', os.version: '10.0', java.version: '17.0.5'&#10;Driver info: org.openqa.selenium.chrome.ChromeDriver&#10;Command: [98b81500b57b5e907e99ba515722a5f7, findElement {using=xpath, value=//*[contains(text(),'Success')}]&#10;Capabilities {acceptInsecureCerts: false, browserName: chrome, browserVersion: 116.0.5845.187, chrome: {chromedriverVersion: 116.0.5845.96 (1a3918166880..., userDataDir: C:\Users\joshi\AppData\Loca...}, fedcm:accounts: true, goog:chromeOptions: {debuggerAddress: localhost:55760}, networkConnectionEnabled: false, pageLoadStrategy: normal, platformName: windows, proxy: Proxy(), se:cdp: ws://localhost:55760/devtoo..., se:cdpVersion: 116.0.5845.187, setWindowRect: true, strictFileInteractability: false, timeouts: {implicit: 0, pageLoad: 300000, script: 30000}, unhandledPromptBehavior: dismiss and notify, webauthn:extension:credBlob: true, webauthn:extension:largeBlob: true, webauthn:extension:minPinLength: true, webauthn:extension:prf: true, webauthn:virtualAuthenticators: true}&#10;Session ID: 98b81500b57b5e907e99ba515722a5f7" type="org.openqa.selenium.InvalidSelectorException"><![CDATA[Given Admin is on dashboard page after Login................................passed
When Admin clicks Batch from navigation bar.................................passed
Then Admin clicks on the delete icon on batch page if it is enabled.........passed
When Admin click No option on delete batch..................................passed
Then Batch is still listed in data table....................................failed

StackTrace:
org.openqa.selenium.InvalidSelectorException: invalid selector: Unable to locate an element with the xpath expression //*[contains(text(),'Success') because of the following error:
SyntaxError: Failed to execute 'evaluate' on 'Document': The string '//*[contains(text(),'Success')' is not a valid XPath expression.
  (Session info: chrome=116.0.5845.187)
For documentation on this error, please visit: https://www.selenium.dev/documentation/webdriver/troubleshooting/errors#invalid-selector-exception
Build info: version: '4.11.0', revision: '040bc5406b'
System info: os.name: 'Windows 11', os.arch: 'amd64', os.version: '10.0', java.version: '17.0.5'
Driver info: org.openqa.selenium.chrome.ChromeDriver
Command: [98b81500b57b5e907e99ba515722a5f7, findElement {using=xpath, value=//*[contains(text(),'Success')}]
Capabilities {acceptInsecureCerts: false, browserName: chrome, browserVersion: 116.0.5845.187, chrome: {chromedriverVersion: 116.0.5845.96 (1a3918166880..., userDataDir: C:\Users\joshi\AppData\Loca...}, fedcm:accounts: true, goog:chromeOptions: {debuggerAddress: localhost:55760}, networkConnectionEnabled: false, pageLoadStrategy: normal, platformName: windows, proxy: Proxy(), se:cdp: ws://localhost:55760/devtoo..., se:cdpVersion: 116.0.5845.187, setWindowRect: true, strictFileInteractability: false, timeouts: {implicit: 0, pageLoad: 300000, script: 30000}, unhandledPromptBehavior: dismiss and notify, webauthn:extension:credBlob: true, webauthn:extension:largeBlob: true, webauthn:extension:minPinLength: true, webauthn:extension:prf: true, webauthn:virtualAuthenticators: true}
Session ID: 98b81500b57b5e907e99ba515722a5f7
	at java.base/jdk.internal.reflect.NativeConstructorAccessorImpl.newInstance0(Native Method)
	at java.base/jdk.internal.reflect.NativeConstructorAccessorImpl.newInstance(NativeConstructorAccessorImpl.java:77)
	at java.base/jdk.internal.reflect.DelegatingConstructorAccessorImpl.newInstance(DelegatingConstructorAccessorImpl.java:45)
	at java.base/java.lang.reflect.Constructor.newInstanceWithCaller(Constructor.java:499)
	at java.base/java.lang.reflect.Constructor.newInstance(Constructor.java:480)
	at org.openqa.selenium.remote.codec.w3c.W3CHttpResponseCodec.createException(W3CHttpResponseCodec.java:200)
	at org.openqa.selenium.remote.codec.w3c.W3CHttpResponseCodec.decode(W3CHttpResponseCodec.java:133)
	at org.openqa.selenium.remote.codec.w3c.W3CHttpResponseCodec.decode(W3CHttpResponseCodec.java:52)
	at org.openqa.selenium.remote.HttpCommandExecutor.execute(HttpCommandExecutor.java:191)
	at org.openqa.selenium.remote.service.DriverCommandExecutor.invokeExecute(DriverCommandExecutor.java:196)
	at org.openqa.selenium.remote.service.DriverCommandExecutor.execute(DriverCommandExecutor.java:171)
	at org.openqa.selenium.remote.RemoteWebDriver.execute(RemoteWebDriver.java:518)
	at org.openqa.selenium.remote.ElementLocation$ElementFinder$2.findElement(ElementLocation.java:165)
	at org.openqa.selenium.remote.ElementLocation.findElement(ElementLocation.java:59)
	at org.openqa.selenium.remote.RemoteWebDriver.findElement(RemoteWebDriver.java:355)
	at org.openqa.selenium.remote.RemoteWebDriver.findElement(RemoteWebDriver.java:349)
	at org.openqa.selenium.support.pagefactory.DefaultElementLocator.findElement(DefaultElementLocator.java:68)
	at org.openqa.selenium.support.pagefactory.internal.LocatingElementHandler.invoke(LocatingElementHandler.java:38)
	at jdk.proxy2/jdk.proxy2.$Proxy37.getText(Unknown Source)
	at com.pageObject.Batch_Delete_Obj.successMessage(Batch_Delete_Obj.java:60)
	at com.stepDefinition.Batch_SD.Batch_is_still_listed_in_data_table(Batch_SD.java:328)
	at ✽.Batch is still listed in data table(file:///C:/Users/joshi/eclipse-workspace/Game_of_Cucumber_Team04/src/test/resources/features/Batch_Module/05_Batch_Delete.feature:21)
]]></failure>
    </testcase>
    <testcase classname="Delete Multiple Batch" name="Validate the delete icon below the header" time="2.373">
        <failure message="invalid selector: Unable to locate an element with the xpath expression //*[@span/select-multiple-checkbox'] because of the following error:&#10;SyntaxError: Failed to execute 'evaluate' on 'Document': The string '//*[@span/select-multiple-checkbox']' is not a valid XPath expression.&#10;  (Session info: chrome=116.0.5845.187)&#10;For documentation on this error, please visit: https://www.selenium.dev/documentation/webdriver/troubleshooting/errors#invalid-selector-exception&#10;Build info: version: '4.11.0', revision: '040bc5406b'&#10;System info: os.name: 'Windows 11', os.arch: 'amd64', os.version: '10.0', java.version: '17.0.5'&#10;Driver info: org.openqa.selenium.chrome.ChromeDriver&#10;Command: [4061932387c83a1f6dc84109155b7853, findElements {using=xpath, value=//*[@span/select-multiple-checkbox']}]&#10;Capabilities {acceptInsecureCerts: false, browserName: chrome, browserVersion: 116.0.5845.187, chrome: {chromedriverVersion: 116.0.5845.96 (1a3918166880..., userDataDir: C:\Users\joshi\AppData\Loca...}, fedcm:accounts: true, goog:chromeOptions: {debuggerAddress: localhost:55803}, networkConnectionEnabled: false, pageLoadStrategy: normal, platformName: windows, proxy: Proxy(), se:cdp: ws://localhost:55803/devtoo..., se:cdpVersion: 116.0.5845.187, setWindowRect: true, strictFileInteractability: false, timeouts: {implicit: 0, pageLoad: 300000, script: 30000}, unhandledPromptBehavior: dismiss and notify, webauthn:extension:credBlob: true, webauthn:extension:largeBlob: true, webauthn:extension:minPinLength: true, webauthn:extension:prf: true, webauthn:virtualAuthenticators: true}&#10;Session ID: 4061932387c83a1f6dc84109155b7853" type="org.openqa.selenium.InvalidSelectorException"><![CDATA[Given Admin is on dashboard page after Login................................passed
When Admin clicks Batch from navigation bar.................................passed
Given None of the checkboxes in data table of batch are selected............failed
Then The delete icon under the Manage Batch header should be disabled.......skipped

StackTrace:
org.openqa.selenium.InvalidSelectorException: invalid selector: Unable to locate an element with the xpath expression //*[@span/select-multiple-checkbox'] because of the following error:
SyntaxError: Failed to execute 'evaluate' on 'Document': The string '//*[@span/select-multiple-checkbox']' is not a valid XPath expression.
  (Session info: chrome=116.0.5845.187)
For documentation on this error, please visit: https://www.selenium.dev/documentation/webdriver/troubleshooting/errors#invalid-selector-exception
Build info: version: '4.11.0', revision: '040bc5406b'
System info: os.name: 'Windows 11', os.arch: 'amd64', os.version: '10.0', java.version: '17.0.5'
Driver info: org.openqa.selenium.chrome.ChromeDriver
Command: [4061932387c83a1f6dc84109155b7853, findElements {using=xpath, value=//*[@span/select-multiple-checkbox']}]
Capabilities {acceptInsecureCerts: false, browserName: chrome, browserVersion: 116.0.5845.187, chrome: {chromedriverVersion: 116.0.5845.96 (1a3918166880..., userDataDir: C:\Users\joshi\AppData\Loca...}, fedcm:accounts: true, goog:chromeOptions: {debuggerAddress: localhost:55803}, networkConnectionEnabled: false, pageLoadStrategy: normal, platformName: windows, proxy: Proxy(), se:cdp: ws://localhost:55803/devtoo..., se:cdpVersion: 116.0.5845.187, setWindowRect: true, strictFileInteractability: false, timeouts: {implicit: 0, pageLoad: 300000, script: 30000}, unhandledPromptBehavior: dismiss and notify, webauthn:extension:credBlob: true, webauthn:extension:largeBlob: true, webauthn:extension:minPinLength: true, webauthn:extension:prf: true, webauthn:virtualAuthenticators: true}
Session ID: 4061932387c83a1f6dc84109155b7853
	at java.base/jdk.internal.reflect.NativeConstructorAccessorImpl.newInstance0(Native Method)
	at java.base/jdk.internal.reflect.NativeConstructorAccessorImpl.newInstance(NativeConstructorAccessorImpl.java:77)
	at java.base/jdk.internal.reflect.DelegatingConstructorAccessorImpl.newInstance(DelegatingConstructorAccessorImpl.java:45)
	at java.base/java.lang.reflect.Constructor.newInstanceWithCaller(Constructor.java:499)
	at java.base/java.lang.reflect.Constructor.newInstance(Constructor.java:480)
	at org.openqa.selenium.remote.codec.w3c.W3CHttpResponseCodec.createException(W3CHttpResponseCodec.java:200)
	at org.openqa.selenium.remote.codec.w3c.W3CHttpResponseCodec.decode(W3CHttpResponseCodec.java:133)
	at org.openqa.selenium.remote.codec.w3c.W3CHttpResponseCodec.decode(W3CHttpResponseCodec.java:52)
	at org.openqa.selenium.remote.HttpCommandExecutor.execute(HttpCommandExecutor.java:191)
	at org.openqa.selenium.remote.service.DriverCommandExecutor.invokeExecute(DriverCommandExecutor.java:196)
	at org.openqa.selenium.remote.service.DriverCommandExecutor.execute(DriverCommandExecutor.java:171)
	at org.openqa.selenium.remote.RemoteWebDriver.execute(RemoteWebDriver.java:518)
	at org.openqa.selenium.remote.ElementLocation$ElementFinder$2.findElements(ElementLocation.java:182)
	at org.openqa.selenium.remote.ElementLocation.findElements(ElementLocation.java:103)
	at org.openqa.selenium.remote.RemoteWebDriver.findElements(RemoteWebDriver.java:368)
	at org.openqa.selenium.remote.RemoteWebDriver.findElements(RemoteWebDriver.java:362)
	at org.openqa.selenium.support.pagefactory.DefaultElementLocator.findElements(DefaultElementLocator.java:83)
	at org.openqa.selenium.support.pagefactory.internal.LocatingElementListHandler.invoke(LocatingElementListHandler.java:36)
	at jdk.proxy2/jdk.proxy2.$Proxy38.iterator(Unknown Source)
	at com.pageObject.Batch_Manage_Obj.VisibleCheckBox(Batch_Manage_Obj.java:113)
	at com.stepDefinition.Batch_SD.none_of_the_checkboxes_in_data_table_of_batch_are_selected(Batch_SD.java:340)
	at ✽.None of the checkboxes in data table of batch are selected(file:///C:/Users/joshi/eclipse-workspace/Game_of_Cucumber_Team04/src/test/resources/features/Batch_Module/05_Batch_Delete_Multiple.feature:10)
]]></failure>
    </testcase>
    <testcase classname="Delete Multiple Batch" name="Check for single row delete" time="8.012">
        <failure message="invalid selector: Unable to locate an element with the xpath expression //*[contains(text(),'Are you sure') because of the following error:&#10;SyntaxError: Failed to execute 'evaluate' on 'Document': The string '//*[contains(text(),'Are you sure')' is not a valid XPath expression.&#10;  (Session info: chrome=116.0.5845.187)&#10;For documentation on this error, please visit: https://www.selenium.dev/documentation/webdriver/troubleshooting/errors#invalid-selector-exception&#10;Build info: version: '4.11.0', revision: '040bc5406b'&#10;System info: os.name: 'Windows 11', os.arch: 'amd64', os.version: '10.0', java.version: '17.0.5'&#10;Driver info: org.openqa.selenium.chrome.ChromeDriver&#10;Command: [7a1d9a57857ab11cd7a62939e0f40e6d, findElement {using=xpath, value=//*[contains(text(),'Are you sure')}]&#10;Capabilities {acceptInsecureCerts: false, browserName: chrome, browserVersion: 116.0.5845.187, chrome: {chromedriverVersion: 116.0.5845.96 (1a3918166880..., userDataDir: C:\Users\joshi\AppData\Loca...}, fedcm:accounts: true, goog:chromeOptions: {debuggerAddress: localhost:55828}, networkConnectionEnabled: false, pageLoadStrategy: normal, platformName: windows, proxy: Proxy(), se:cdp: ws://localhost:55828/devtoo..., se:cdpVersion: 116.0.5845.187, setWindowRect: true, strictFileInteractability: false, timeouts: {implicit: 0, pageLoad: 300000, script: 30000}, unhandledPromptBehavior: dismiss and notify, webauthn:extension:credBlob: true, webauthn:extension:largeBlob: true, webauthn:extension:minPinLength: true, webauthn:extension:prf: true, webauthn:virtualAuthenticators: true}&#10;Session ID: 7a1d9a57857ab11cd7a62939e0f40e6d" type="org.openqa.selenium.InvalidSelectorException"><![CDATA[Given Admin is on dashboard page after Login................................passed
When Admin clicks Batch from navigation bar.................................passed
Given One of the checkbox row is selected on batch page.....................passed
When Click delete icon below Manage Batch header............................passed
Then The respective row in the data table of batch is deleted...............failed

StackTrace:
org.openqa.selenium.InvalidSelectorException: invalid selector: Unable to locate an element with the xpath expression //*[contains(text(),'Are you sure') because of the following error:
SyntaxError: Failed to execute 'evaluate' on 'Document': The string '//*[contains(text(),'Are you sure')' is not a valid XPath expression.
  (Session info: chrome=116.0.5845.187)
For documentation on this error, please visit: https://www.selenium.dev/documentation/webdriver/troubleshooting/errors#invalid-selector-exception
Build info: version: '4.11.0', revision: '040bc5406b'
System info: os.name: 'Windows 11', os.arch: 'amd64', os.version: '10.0', java.version: '17.0.5'
Driver info: org.openqa.selenium.chrome.ChromeDriver
Command: [7a1d9a57857ab11cd7a62939e0f40e6d, findElement {using=xpath, value=//*[contains(text(),'Are you sure')}]
Capabilities {acceptInsecureCerts: false, browserName: chrome, browserVersion: 116.0.5845.187, chrome: {chromedriverVersion: 116.0.5845.96 (1a3918166880..., userDataDir: C:\Users\joshi\AppData\Loca...}, fedcm:accounts: true, goog:chromeOptions: {debuggerAddress: localhost:55828}, networkConnectionEnabled: false, pageLoadStrategy: normal, platformName: windows, proxy: Proxy(), se:cdp: ws://localhost:55828/devtoo..., se:cdpVersion: 116.0.5845.187, setWindowRect: true, strictFileInteractability: false, timeouts: {implicit: 0, pageLoad: 300000, script: 30000}, unhandledPromptBehavior: dismiss and notify, webauthn:extension:credBlob: true, webauthn:extension:largeBlob: true, webauthn:extension:minPinLength: true, webauthn:extension:prf: true, webauthn:virtualAuthenticators: true}
Session ID: 7a1d9a57857ab11cd7a62939e0f40e6d
	at java.base/jdk.internal.reflect.NativeConstructorAccessorImpl.newInstance0(Native Method)
	at java.base/jdk.internal.reflect.NativeConstructorAccessorImpl.newInstance(NativeConstructorAccessorImpl.java:77)
	at java.base/jdk.internal.reflect.DelegatingConstructorAccessorImpl.newInstance(DelegatingConstructorAccessorImpl.java:45)
	at java.base/java.lang.reflect.Constructor.newInstanceWithCaller(Constructor.java:499)
	at java.base/java.lang.reflect.Constructor.newInstance(Constructor.java:480)
	at org.openqa.selenium.remote.codec.w3c.W3CHttpResponseCodec.createException(W3CHttpResponseCodec.java:200)
	at org.openqa.selenium.remote.codec.w3c.W3CHttpResponseCodec.decode(W3CHttpResponseCodec.java:133)
	at org.openqa.selenium.remote.codec.w3c.W3CHttpResponseCodec.decode(W3CHttpResponseCodec.java:52)
	at org.openqa.selenium.remote.HttpCommandExecutor.execute(HttpCommandExecutor.java:191)
	at org.openqa.selenium.remote.service.DriverCommandExecutor.invokeExecute(DriverCommandExecutor.java:196)
	at org.openqa.selenium.remote.service.DriverCommandExecutor.execute(DriverCommandExecutor.java:171)
	at org.openqa.selenium.remote.RemoteWebDriver.execute(RemoteWebDriver.java:518)
	at org.openqa.selenium.remote.ElementLocation$ElementFinder$2.findElement(ElementLocation.java:165)
	at org.openqa.selenium.remote.ElementLocation.findElement(ElementLocation.java:59)
	at org.openqa.selenium.remote.RemoteWebDriver.findElement(RemoteWebDriver.java:355)
	at org.openqa.selenium.remote.RemoteWebDriver.findElement(RemoteWebDriver.java:349)
	at org.openqa.selenium.support.pagefactory.DefaultElementLocator.findElement(DefaultElementLocator.java:68)
	at org.openqa.selenium.support.pagefactory.internal.LocatingElementHandler.invoke(LocatingElementHandler.java:38)
	at jdk.proxy2/jdk.proxy2.$Proxy37.getText(Unknown Source)
	at com.pageObject.Batch_Delete_Obj.deleteMessage(Batch_Delete_Obj.java:65)
	at com.stepDefinition.Batch_SD.the_respective_row_in_the_data_table_of_batch_is_deleted(Batch_SD.java:375)
	at ✽.The respective row in the data table of batch is deleted(file:///C:/Users/joshi/eclipse-workspace/Game_of_Cucumber_Team04/src/test/resources/features/Batch_Module/05_Batch_Delete_Multiple.feature:17)
]]></failure>
    </testcase>
    <testcase classname="Delete Multiple Batch" name="Check for multi row delete" time="2.524">
        <failure message="invalid selector: Unable to locate an element with the xpath expression //*[@span/select-multiple-checkbox'] because of the following error:&#10;SyntaxError: Failed to execute 'evaluate' on 'Document': The string '//*[@span/select-multiple-checkbox']' is not a valid XPath expression.&#10;  (Session info: chrome=116.0.5845.187)&#10;For documentation on this error, please visit: https://www.selenium.dev/documentation/webdriver/troubleshooting/errors#invalid-selector-exception&#10;Build info: version: '4.11.0', revision: '040bc5406b'&#10;System info: os.name: 'Windows 11', os.arch: 'amd64', os.version: '10.0', java.version: '17.0.5'&#10;Driver info: org.openqa.selenium.chrome.ChromeDriver&#10;Command: [9097b37432707b4936c9af304dcd9ddf, findElements {using=xpath, value=//*[@span/select-multiple-checkbox']}]&#10;Capabilities {acceptInsecureCerts: false, browserName: chrome, browserVersion: 116.0.5845.187, chrome: {chromedriverVersion: 116.0.5845.96 (1a3918166880..., userDataDir: C:\Users\joshi\AppData\Loca...}, fedcm:accounts: true, goog:chromeOptions: {debuggerAddress: localhost:55863}, networkConnectionEnabled: false, pageLoadStrategy: normal, platformName: windows, proxy: Proxy(), se:cdp: ws://localhost:55863/devtoo..., se:cdpVersion: 116.0.5845.187, setWindowRect: true, strictFileInteractability: false, timeouts: {implicit: 0, pageLoad: 300000, script: 30000}, unhandledPromptBehavior: dismiss and notify, webauthn:extension:credBlob: true, webauthn:extension:largeBlob: true, webauthn:extension:minPinLength: true, webauthn:extension:prf: true, webauthn:virtualAuthenticators: true}&#10;Session ID: 9097b37432707b4936c9af304dcd9ddf" type="org.openqa.selenium.InvalidSelectorException"><![CDATA[Given Admin is on dashboard page after Login................................passed
When Admin clicks Batch from navigation bar.................................passed
Given Two or more checkboxes are selected on batch page.....................failed
When Click delete icon below Manage Batch header............................skipped
Then The respective row in the data table of batch is deleted...............skipped

StackTrace:
org.openqa.selenium.InvalidSelectorException: invalid selector: Unable to locate an element with the xpath expression //*[@span/select-multiple-checkbox'] because of the following error:
SyntaxError: Failed to execute 'evaluate' on 'Document': The string '//*[@span/select-multiple-checkbox']' is not a valid XPath expression.
  (Session info: chrome=116.0.5845.187)
For documentation on this error, please visit: https://www.selenium.dev/documentation/webdriver/troubleshooting/errors#invalid-selector-exception
Build info: version: '4.11.0', revision: '040bc5406b'
System info: os.name: 'Windows 11', os.arch: 'amd64', os.version: '10.0', java.version: '17.0.5'
Driver info: org.openqa.selenium.chrome.ChromeDriver
Command: [9097b37432707b4936c9af304dcd9ddf, findElements {using=xpath, value=//*[@span/select-multiple-checkbox']}]
Capabilities {acceptInsecureCerts: false, browserName: chrome, browserVersion: 116.0.5845.187, chrome: {chromedriverVersion: 116.0.5845.96 (1a3918166880..., userDataDir: C:\Users\joshi\AppData\Loca...}, fedcm:accounts: true, goog:chromeOptions: {debuggerAddress: localhost:55863}, networkConnectionEnabled: false, pageLoadStrategy: normal, platformName: windows, proxy: Proxy(), se:cdp: ws://localhost:55863/devtoo..., se:cdpVersion: 116.0.5845.187, setWindowRect: true, strictFileInteractability: false, timeouts: {implicit: 0, pageLoad: 300000, script: 30000}, unhandledPromptBehavior: dismiss and notify, webauthn:extension:credBlob: true, webauthn:extension:largeBlob: true, webauthn:extension:minPinLength: true, webauthn:extension:prf: true, webauthn:virtualAuthenticators: true}
Session ID: 9097b37432707b4936c9af304dcd9ddf
	at java.base/jdk.internal.reflect.NativeConstructorAccessorImpl.newInstance0(Native Method)
	at java.base/jdk.internal.reflect.NativeConstructorAccessorImpl.newInstance(NativeConstructorAccessorImpl.java:77)
	at java.base/jdk.internal.reflect.DelegatingConstructorAccessorImpl.newInstance(DelegatingConstructorAccessorImpl.java:45)
	at java.base/java.lang.reflect.Constructor.newInstanceWithCaller(Constructor.java:499)
	at java.base/java.lang.reflect.Constructor.newInstance(Constructor.java:480)
	at org.openqa.selenium.remote.codec.w3c.W3CHttpResponseCodec.createException(W3CHttpResponseCodec.java:200)
	at org.openqa.selenium.remote.codec.w3c.W3CHttpResponseCodec.decode(W3CHttpResponseCodec.java:133)
	at org.openqa.selenium.remote.codec.w3c.W3CHttpResponseCodec.decode(W3CHttpResponseCodec.java:52)
	at org.openqa.selenium.remote.HttpCommandExecutor.execute(HttpCommandExecutor.java:191)
	at org.openqa.selenium.remote.service.DriverCommandExecutor.invokeExecute(DriverCommandExecutor.java:196)
	at org.openqa.selenium.remote.service.DriverCommandExecutor.execute(DriverCommandExecutor.java:171)
	at org.openqa.selenium.remote.RemoteWebDriver.execute(RemoteWebDriver.java:518)
	at org.openqa.selenium.remote.ElementLocation$ElementFinder$2.findElements(ElementLocation.java:182)
	at org.openqa.selenium.remote.ElementLocation.findElements(ElementLocation.java:103)
	at org.openqa.selenium.remote.RemoteWebDriver.findElements(RemoteWebDriver.java:368)
	at org.openqa.selenium.remote.RemoteWebDriver.findElements(RemoteWebDriver.java:362)
	at org.openqa.selenium.support.pagefactory.DefaultElementLocator.findElements(DefaultElementLocator.java:83)
	at org.openqa.selenium.support.pagefactory.internal.LocatingElementListHandler.invoke(LocatingElementListHandler.java:36)
	at jdk.proxy2/jdk.proxy2.$Proxy38.iterator(Unknown Source)
	at com.pageObject.Batch_Manage_Obj.SelectMultiCheckBoxBatch(Batch_Manage_Obj.java:105)
	at com.stepDefinition.Batch_SD.Two_or_more_checkboxes_are_selected_on_batch_page(Batch_SD.java:361)
	at ✽.Two or more checkboxes are selected on batch page(file:///C:/Users/joshi/eclipse-workspace/Game_of_Cucumber_Team04/src/test/resources/features/Batch_Module/05_Batch_Delete_Multiple.feature:21)
]]></failure>
    </testcase>
    <testcase classname="Edit Batch Details" name="Validate row level edit icon" time="7.367">
        <failure message="expected:&lt;[Batch details]&gt; but was:&lt;[Google]&gt;" type="org.junit.ComparisonFailure"><![CDATA[Given Admin is on dashboard page after Login................................passed
When Admin clicks Batch from navigation bar.................................passed
Then Admin clicks on the Edit icon on batch page if it is enabled...........passed
Then A new pop up with "Batch details" appears to edit......................failed

StackTrace:
org.junit.ComparisonFailure: expected:<[Batch details]> but was:<[Google]>
	at org.junit.Assert.assertEquals(Assert.java:117)
	at org.junit.Assert.assertEquals(Assert.java:146)
	at com.stepDefinition.Batch_SD.a_new_pop_up_with_appears_to_edit(Batch_SD.java:395)
	at ✽.A new pop up with "Batch details" appears to edit(file:///C:/Users/joshi/eclipse-workspace/Game_of_Cucumber_Team04/src/test/resources/features/Batch_Module/05_Batch_Edit.feature:11)
]]></failure>
    </testcase>
    <testcase classname="Edit Batch Details" name="Check if the fields are updated" time="42.807">
        <failure message="Cannot invoke &quot;String.contains(java.lang.CharSequence)&quot; because &quot;actualTableData&quot; is null" type="java.lang.NullPointerException"><![CDATA[Given Admin is on dashboard page after Login................................passed
When Admin clicks Batch from navigation bar.................................passed
Then Admin clicks on the Edit icon on batch page if it is enabled...........passed
When Click save after updating the batch detail fields with valid values "UpdatedBatchDetail" and "batchDetailsForm".passed
Then The updated batch details should appear on the data table..............failed

StackTrace:
java.lang.NullPointerException: Cannot invoke "String.contains(java.lang.CharSequence)" because "actualTableData" is null
	at com.stepDefinition.Batch_SD.the_updated_batch_details_should_appear_on_the_data_table(Batch_SD.java:501)
	at ✽.The updated batch details should appear on the data table(file:///C:/Users/joshi/eclipse-workspace/Game_of_Cucumber_Team04/src/test/resources/features/Batch_Module/05_Batch_Edit.feature:16)
]]></failure>
    </testcase>
    <testcase classname="Edit Batch Details" name="Check if the update throws error with invalid valued" time="38.46">
        <failure message="invalid selector: Unable to locate an element with the xpath expression //*[contains(text(),'message') because of the following error:&#10;SyntaxError: Failed to execute 'evaluate' on 'Document': The string '//*[contains(text(),'message')' is not a valid XPath expression.&#10;  (Session info: chrome=116.0.5845.187)&#10;For documentation on this error, please visit: https://www.selenium.dev/documentation/webdriver/troubleshooting/errors#invalid-selector-exception&#10;Build info: version: '4.11.0', revision: '040bc5406b'&#10;System info: os.name: 'Windows 11', os.arch: 'amd64', os.version: '10.0', java.version: '17.0.5'&#10;Driver info: org.openqa.selenium.chrome.ChromeDriver&#10;Command: [e10e3879876ffe77f3c2d3326b340e00, findElement {using=xpath, value=//*[contains(text(),'message')}]&#10;Capabilities {acceptInsecureCerts: false, browserName: chrome, browserVersion: 116.0.5845.187, chrome: {chromedriverVersion: 116.0.5845.96 (1a3918166880..., userDataDir: C:\Users\joshi\AppData\Loca...}, fedcm:accounts: true, goog:chromeOptions: {debuggerAddress: localhost:55997}, networkConnectionEnabled: false, pageLoadStrategy: normal, platformName: windows, proxy: Proxy(), se:cdp: ws://localhost:55997/devtoo..., se:cdpVersion: 116.0.5845.187, setWindowRect: true, strictFileInteractability: false, timeouts: {implicit: 0, pageLoad: 300000, script: 30000}, unhandledPromptBehavior: dismiss and notify, webauthn:extension:credBlob: true, webauthn:extension:largeBlob: true, webauthn:extension:minPinLength: true, webauthn:extension:prf: true, webauthn:virtualAuthenticators: true}&#10;Session ID: e10e3879876ffe77f3c2d3326b340e00" type="org.openqa.selenium.InvalidSelectorException"><![CDATA[Given Admin is on dashboard page after Login................................passed
When Admin clicks Batch from navigation bar.................................passed
Then Admin clicks on the Edit icon on batch page if it is enabled...........passed
When Click save after updating the batch detail fields with Invalid values "InvalidbatchDetails" and "batchDetailsForm".passed
Then Error message should appear on batch detail page.......................failed

StackTrace:
org.openqa.selenium.InvalidSelectorException: invalid selector: Unable to locate an element with the xpath expression //*[contains(text(),'message') because of the following error:
SyntaxError: Failed to execute 'evaluate' on 'Document': The string '//*[contains(text(),'message')' is not a valid XPath expression.
  (Session info: chrome=116.0.5845.187)
For documentation on this error, please visit: https://www.selenium.dev/documentation/webdriver/troubleshooting/errors#invalid-selector-exception
Build info: version: '4.11.0', revision: '040bc5406b'
System info: os.name: 'Windows 11', os.arch: 'amd64', os.version: '10.0', java.version: '17.0.5'
Driver info: org.openqa.selenium.chrome.ChromeDriver
Command: [e10e3879876ffe77f3c2d3326b340e00, findElement {using=xpath, value=//*[contains(text(),'message')}]
Capabilities {acceptInsecureCerts: false, browserName: chrome, browserVersion: 116.0.5845.187, chrome: {chromedriverVersion: 116.0.5845.96 (1a3918166880..., userDataDir: C:\Users\joshi\AppData\Loca...}, fedcm:accounts: true, goog:chromeOptions: {debuggerAddress: localhost:55997}, networkConnectionEnabled: false, pageLoadStrategy: normal, platformName: windows, proxy: Proxy(), se:cdp: ws://localhost:55997/devtoo..., se:cdpVersion: 116.0.5845.187, setWindowRect: true, strictFileInteractability: false, timeouts: {implicit: 0, pageLoad: 300000, script: 30000}, unhandledPromptBehavior: dismiss and notify, webauthn:extension:credBlob: true, webauthn:extension:largeBlob: true, webauthn:extension:minPinLength: true, webauthn:extension:prf: true, webauthn:virtualAuthenticators: true}
Session ID: e10e3879876ffe77f3c2d3326b340e00
	at java.base/jdk.internal.reflect.NativeConstructorAccessorImpl.newInstance0(Native Method)
	at java.base/jdk.internal.reflect.NativeConstructorAccessorImpl.newInstance(NativeConstructorAccessorImpl.java:77)
	at java.base/jdk.internal.reflect.DelegatingConstructorAccessorImpl.newInstance(DelegatingConstructorAccessorImpl.java:45)
	at java.base/java.lang.reflect.Constructor.newInstanceWithCaller(Constructor.java:499)
	at java.base/java.lang.reflect.Constructor.newInstance(Constructor.java:480)
	at org.openqa.selenium.remote.codec.w3c.W3CHttpResponseCodec.createException(W3CHttpResponseCodec.java:200)
	at org.openqa.selenium.remote.codec.w3c.W3CHttpResponseCodec.decode(W3CHttpResponseCodec.java:133)
	at org.openqa.selenium.remote.codec.w3c.W3CHttpResponseCodec.decode(W3CHttpResponseCodec.java:52)
	at org.openqa.selenium.remote.HttpCommandExecutor.execute(HttpCommandExecutor.java:191)
	at org.openqa.selenium.remote.service.DriverCommandExecutor.invokeExecute(DriverCommandExecutor.java:196)
	at org.openqa.selenium.remote.service.DriverCommandExecutor.execute(DriverCommandExecutor.java:171)
	at org.openqa.selenium.remote.RemoteWebDriver.execute(RemoteWebDriver.java:518)
	at org.openqa.selenium.remote.ElementLocation$ElementFinder$2.findElement(ElementLocation.java:165)
	at org.openqa.selenium.remote.ElementLocation.findElement(ElementLocation.java:59)
	at org.openqa.selenium.remote.RemoteWebDriver.findElement(RemoteWebDriver.java:355)
	at org.openqa.selenium.remote.RemoteWebDriver.findElement(RemoteWebDriver.java:349)
	at org.openqa.selenium.support.pagefactory.DefaultElementLocator.findElement(DefaultElementLocator.java:68)
	at org.openqa.selenium.support.pagefactory.internal.LocatingElementHandler.invoke(LocatingElementHandler.java:38)
	at jdk.proxy2/jdk.proxy2.$Proxy37.getText(Unknown Source)
	at com.pageObject.Batch_Add_Obj.errorMessage(Batch_Add_Obj.java:96)
	at com.stepDefinition.Batch_SD.Error_message_should_appear_on_batch_detail_page(Batch_SD.java:278)
	at ✽.Error message should appear on batch detail page(file:///C:/Users/joshi/eclipse-workspace/Game_of_Cucumber_Team04/src/test/resources/features/Batch_Module/05_Batch_Edit.feature:25)
]]></failure>
    </testcase>
    <testcase classname="Edit Batch Details" name="Check if the update throws error with invalid valued 2" time="37.652">
        <failure message="invalid selector: Unable to locate an element with the xpath expression //*[contains(text(),'message') because of the following error:&#10;SyntaxError: Failed to execute 'evaluate' on 'Document': The string '//*[contains(text(),'message')' is not a valid XPath expression.&#10;  (Session info: chrome=116.0.5845.187)&#10;For documentation on this error, please visit: https://www.selenium.dev/documentation/webdriver/troubleshooting/errors#invalid-selector-exception&#10;Build info: version: '4.11.0', revision: '040bc5406b'&#10;System info: os.name: 'Windows 11', os.arch: 'amd64', os.version: '10.0', java.version: '17.0.5'&#10;Driver info: org.openqa.selenium.chrome.ChromeDriver&#10;Command: [91681c1b2349fa4ea5278d0d8d770797, findElement {using=xpath, value=//*[contains(text(),'message')}]&#10;Capabilities {acceptInsecureCerts: false, browserName: chrome, browserVersion: 116.0.5845.187, chrome: {chromedriverVersion: 116.0.5845.96 (1a3918166880..., userDataDir: C:\Users\joshi\AppData\Loca...}, fedcm:accounts: true, goog:chromeOptions: {debuggerAddress: localhost:56062}, networkConnectionEnabled: false, pageLoadStrategy: normal, platformName: windows, proxy: Proxy(), se:cdp: ws://localhost:56062/devtoo..., se:cdpVersion: 116.0.5845.187, setWindowRect: true, strictFileInteractability: false, timeouts: {implicit: 0, pageLoad: 300000, script: 30000}, unhandledPromptBehavior: dismiss and notify, webauthn:extension:credBlob: true, webauthn:extension:largeBlob: true, webauthn:extension:minPinLength: true, webauthn:extension:prf: true, webauthn:virtualAuthenticators: true}&#10;Session ID: 91681c1b2349fa4ea5278d0d8d770797" type="org.openqa.selenium.InvalidSelectorException"><![CDATA[Given Admin is on dashboard page after Login................................passed
When Admin clicks Batch from navigation bar.................................passed
Then Admin clicks on the Edit icon on batch page if it is enabled...........passed
When Click save after updating the batch detail without mandatory fields "MissingMandatoryInDetails" and "batchDetailsForm".passed
Then Error message should appear on batch detail page.......................failed

StackTrace:
org.openqa.selenium.InvalidSelectorException: invalid selector: Unable to locate an element with the xpath expression //*[contains(text(),'message') because of the following error:
SyntaxError: Failed to execute 'evaluate' on 'Document': The string '//*[contains(text(),'message')' is not a valid XPath expression.
  (Session info: chrome=116.0.5845.187)
For documentation on this error, please visit: https://www.selenium.dev/documentation/webdriver/troubleshooting/errors#invalid-selector-exception
Build info: version: '4.11.0', revision: '040bc5406b'
System info: os.name: 'Windows 11', os.arch: 'amd64', os.version: '10.0', java.version: '17.0.5'
Driver info: org.openqa.selenium.chrome.ChromeDriver
Command: [91681c1b2349fa4ea5278d0d8d770797, findElement {using=xpath, value=//*[contains(text(),'message')}]
Capabilities {acceptInsecureCerts: false, browserName: chrome, browserVersion: 116.0.5845.187, chrome: {chromedriverVersion: 116.0.5845.96 (1a3918166880..., userDataDir: C:\Users\joshi\AppData\Loca...}, fedcm:accounts: true, goog:chromeOptions: {debuggerAddress: localhost:56062}, networkConnectionEnabled: false, pageLoadStrategy: normal, platformName: windows, proxy: Proxy(), se:cdp: ws://localhost:56062/devtoo..., se:cdpVersion: 116.0.5845.187, setWindowRect: true, strictFileInteractability: false, timeouts: {implicit: 0, pageLoad: 300000, script: 30000}, unhandledPromptBehavior: dismiss and notify, webauthn:extension:credBlob: true, webauthn:extension:largeBlob: true, webauthn:extension:minPinLength: true, webauthn:extension:prf: true, webauthn:virtualAuthenticators: true}
Session ID: 91681c1b2349fa4ea5278d0d8d770797
	at java.base/jdk.internal.reflect.NativeConstructorAccessorImpl.newInstance0(Native Method)
	at java.base/jdk.internal.reflect.NativeConstructorAccessorImpl.newInstance(NativeConstructorAccessorImpl.java:77)
	at java.base/jdk.internal.reflect.DelegatingConstructorAccessorImpl.newInstance(DelegatingConstructorAccessorImpl.java:45)
	at java.base/java.lang.reflect.Constructor.newInstanceWithCaller(Constructor.java:499)
	at java.base/java.lang.reflect.Constructor.newInstance(Constructor.java:480)
	at org.openqa.selenium.remote.codec.w3c.W3CHttpResponseCodec.createException(W3CHttpResponseCodec.java:200)
	at org.openqa.selenium.remote.codec.w3c.W3CHttpResponseCodec.decode(W3CHttpResponseCodec.java:133)
	at org.openqa.selenium.remote.codec.w3c.W3CHttpResponseCodec.decode(W3CHttpResponseCodec.java:52)
	at org.openqa.selenium.remote.HttpCommandExecutor.execute(HttpCommandExecutor.java:191)
	at org.openqa.selenium.remote.service.DriverCommandExecutor.invokeExecute(DriverCommandExecutor.java:196)
	at org.openqa.selenium.remote.service.DriverCommandExecutor.execute(DriverCommandExecutor.java:171)
	at org.openqa.selenium.remote.RemoteWebDriver.execute(RemoteWebDriver.java:518)
	at org.openqa.selenium.remote.ElementLocation$ElementFinder$2.findElement(ElementLocation.java:165)
	at org.openqa.selenium.remote.ElementLocation.findElement(ElementLocation.java:59)
	at org.openqa.selenium.remote.RemoteWebDriver.findElement(RemoteWebDriver.java:355)
	at org.openqa.selenium.remote.RemoteWebDriver.findElement(RemoteWebDriver.java:349)
	at org.openqa.selenium.support.pagefactory.DefaultElementLocator.findElement(DefaultElementLocator.java:68)
	at org.openqa.selenium.support.pagefactory.internal.LocatingElementHandler.invoke(LocatingElementHandler.java:38)
	at jdk.proxy2/jdk.proxy2.$Proxy37.getText(Unknown Source)
	at com.pageObject.Batch_Add_Obj.errorMessage(Batch_Add_Obj.java:96)
	at com.stepDefinition.Batch_SD.Error_message_should_appear_on_batch_detail_page(Batch_SD.java:278)
	at ✽.Error message should appear on batch detail page(file:///C:/Users/joshi/eclipse-workspace/Game_of_Cucumber_Team04/src/test/resources/features/Batch_Module/05_Batch_Edit.feature:34)
]]></failure>
    </testcase>
    <testcase classname="Edit Batch Details" name="Check if the update throws error with invalid valued 3" time="43.025">
        <failure message="Cannot invoke &quot;String.contains(java.lang.CharSequence)&quot; because &quot;actualTableData&quot; is null" type="java.lang.NullPointerException"><![CDATA[Given Admin is on dashboard page after Login................................passed
When Admin clicks Batch from navigation bar.................................passed
Then Admin clicks on the Edit icon on batch page if it is enabled...........passed
When Erase data from description field of batch "batchDetailsWithoutDesc" and "batchDetailsForm".passed
Then The updated batch details should appear on the data table..............failed

StackTrace:
java.lang.NullPointerException: Cannot invoke "String.contains(java.lang.CharSequence)" because "actualTableData" is null
	at com.stepDefinition.Batch_SD.the_updated_batch_details_should_appear_on_the_data_table(Batch_SD.java:501)
	at ✽.The updated batch details should appear on the data table(file:///C:/Users/joshi/eclipse-workspace/Game_of_Cucumber_Team04/src/test/resources/features/Batch_Module/05_Batch_Edit.feature:43)
]]></failure>
    </testcase>
    <testcase classname="Batch Page Validation" name="Validate landing in Batch page" time="2.169">
        <failure message="" type="java.lang.AssertionError"><![CDATA[Given Admin is on dashboard page after Login................................passed
When Admin clicks Batch from navigation bar.................................passed
Then Admin should see the "Manage Batch" in the URL of manage batch page....failed

StackTrace:
java.lang.AssertionError
	at org.junit.Assert.fail(Assert.java:87)
	at org.junit.Assert.assertTrue(Assert.java:42)
	at org.junit.Assert.assertTrue(Assert.java:53)
	at com.stepDefinition.Batch_SD.admin_should_see_the_in_the_URL_of_manage_batch_page(Batch_SD.java:56)
	at ✽.Admin should see the "Manage Batch" in the URL of manage batch page(file:///C:/Users/joshi/eclipse-workspace/Game_of_Cucumber_Team04/src/test/resources/features/Batch_Module/05_Batch_Page_Validation.feature:10)
]]></failure>
    </testcase>
    <testcase classname="Batch Page Validation" name="Validate heading in the Batch Page" time="2.175">
        <failure message="expected:&lt;[Manage Batch]&gt; but was:&lt;[Google]&gt;" type="org.junit.ComparisonFailure"><![CDATA[Given Admin is on dashboard page after Login................................passed
When Admin clicks Batch from navigation bar.................................passed
Then Admin should see the "Manage Batch" in the header of manage batch page.failed

StackTrace:
org.junit.ComparisonFailure: expected:<[Manage Batch]> but was:<[Google]>
	at org.junit.Assert.assertEquals(Assert.java:117)
	at org.junit.Assert.assertEquals(Assert.java:146)
	at com.stepDefinition.Batch_SD.admin_should_see_the_in_the_header_of_manage_batch_page(Batch_SD.java:65)
	at ✽.Admin should see the "Manage Batch" in the header of manage batch page(file:///C:/Users/joshi/eclipse-workspace/Game_of_Cucumber_Team04/src/test/resources/features/Batch_Module/05_Batch_Page_Validation.feature:14)
]]></failure>
    </testcase>
    <testcase classname="Batch Page Validation" name="Validate pagination in the Batch Page" time="7.259">
        <system-out><![CDATA[Given Admin is on dashboard page after Login................................passed
When Admin clicks Batch from navigation bar.................................passed
Then Admin should see the pagination controls under the data table on manage batch page.passed
]]></system-out>
    </testcase>
    <testcase classname="Batch Page Validation" name="Validate data table headers in the Batch Page" time="2.179">
        <failure message="Step [Admin Should see the data table on manage batch] is defined with 1 parameters at 'com.stepDefinition.Batch_SD.admin_Should_see_the_data_table_on_manage_batch(io.cucumber.datatable.DataTable)'.&#10;However, the gherkin step has 0 arguments.&#10;Step text: Admin Should see the data table on manage batch" type="io.cucumber.core.exception.CucumberException"><![CDATA[Given Admin is on dashboard page after Login................................passed
When Admin clicks Batch from navigation bar.................................passed
Then Admin Should see the data table on manage batch........................failed

StackTrace:
io.cucumber.core.exception.CucumberException: Step [Admin Should see the data table on manage batch] is defined with 1 parameters at 'com.stepDefinition.Batch_SD.admin_Should_see_the_data_table_on_manage_batch(io.cucumber.datatable.DataTable)'.
However, the gherkin step has 0 arguments.
Step text: Admin Should see the data table on manage batch
	at io.cucumber.core.runner.PickleStepDefinitionMatch.arityMismatch(PickleStepDefinitionMatch.java:135)
	at io.cucumber.core.runner.PickleStepDefinitionMatch.runStep(PickleStepDefinitionMatch.java:42)
	at io.cucumber.core.runner.TestStep.executeStep(TestStep.java:64)
	at io.cucumber.core.runner.TestStep.run(TestStep.java:49)
	at io.cucumber.core.runner.PickleStepTestStep.run(PickleStepTestStep.java:46)
	at io.cucumber.core.runner.TestCase.run(TestCase.java:51)
	at io.cucumber.core.runner.Runner.runPickle(Runner.java:66)
	at io.cucumber.junit.PickleRunners$NoStepDescriptions.run(PickleRunners.java:149)
	at io.cucumber.junit.FeatureRunner.runChild(FeatureRunner.java:83)
	at io.cucumber.junit.FeatureRunner.runChild(FeatureRunner.java:24)
	at org.junit.runners.ParentRunner$4.run(ParentRunner.java:331)
	at org.junit.runners.ParentRunner$1.schedule(ParentRunner.java:79)
	at org.junit.runners.ParentRunner.runChildren(ParentRunner.java:329)
	at org.junit.runners.ParentRunner.access$100(ParentRunner.java:66)
	at org.junit.runners.ParentRunner$2.evaluate(ParentRunner.java:293)
	at org.junit.runners.ParentRunner$3.evaluate(ParentRunner.java:306)
	at org.junit.runners.ParentRunner.run(ParentRunner.java:413)
	at io.cucumber.junit.Cucumber.runChild(Cucumber.java:185)
	at io.cucumber.junit.Cucumber.runChild(Cucumber.java:83)
	at org.junit.runners.ParentRunner$4.run(ParentRunner.java:331)
	at org.junit.runners.ParentRunner$1.schedule(ParentRunner.java:79)
	at org.junit.runners.ParentRunner.runChildren(ParentRunner.java:329)
	at org.junit.runners.ParentRunner.access$100(ParentRunner.java:66)
	at org.junit.runners.ParentRunner$2.evaluate(ParentRunner.java:293)
	at io.cucumber.junit.Cucumber$RunCucumber.evaluate(Cucumber.java:219)
	at org.junit.runners.ParentRunner$3.evaluate(ParentRunner.java:306)
	at org.junit.runners.ParentRunner.run(ParentRunner.java:413)
	at org.apache.maven.surefire.junit4.JUnit4Provider.execute(JUnit4Provider.java:252)
	at org.apache.maven.surefire.junit4.JUnit4Provider.executeTestSet(JUnit4Provider.java:141)
	at org.apache.maven.surefire.junit4.JUnit4Provider.invoke(JUnit4Provider.java:112)
	at java.base/jdk.internal.reflect.NativeMethodAccessorImpl.invoke0(Native Method)
	at java.base/jdk.internal.reflect.NativeMethodAccessorImpl.invoke(NativeMethodAccessorImpl.java:77)
	at java.base/jdk.internal.reflect.DelegatingMethodAccessorImpl.invoke(DelegatingMethodAccessorImpl.java:43)
	at java.base/java.lang.reflect.Method.invoke(Method.java:568)
	at org.apache.maven.surefire.util.ReflectionUtils.invokeMethodWithArray(ReflectionUtils.java:189)
	at org.apache.maven.surefire.booter.ProviderFactory$ProviderProxy.invoke(ProviderFactory.java:165)
	at org.apache.maven.surefire.booter.ProviderFactory.invokeProvider(ProviderFactory.java:85)
	at org.apache.maven.surefire.booter.ForkedBooter.runSuitesInProcess(ForkedBooter.java:115)
	at org.apache.maven.surefire.booter.ForkedBooter.main(ForkedBooter.java:75)
]]></failure>
    </testcase>
    <testcase classname="Batch Page Validation" name="Validate data table headers in the Batch Page 2" time="2.045">
        <failure message="Step [Admin Should see the data table on manage batch] is defined with 1 parameters at 'com.stepDefinition.Batch_SD.admin_Should_see_the_data_table_on_manage_batch(io.cucumber.datatable.DataTable)'.&#10;However, the gherkin step has 0 arguments.&#10;Step text: Admin Should see the data table on manage batch" type="io.cucumber.core.exception.CucumberException"><![CDATA[Given Admin is on dashboard page after Login................................passed
When Admin clicks Batch from navigation bar.................................passed
Then Admin Should see the data table on manage batch........................failed

StackTrace:
io.cucumber.core.exception.CucumberException: Step [Admin Should see the data table on manage batch] is defined with 1 parameters at 'com.stepDefinition.Batch_SD.admin_Should_see_the_data_table_on_manage_batch(io.cucumber.datatable.DataTable)'.
However, the gherkin step has 0 arguments.
Step text: Admin Should see the data table on manage batch
	at io.cucumber.core.runner.PickleStepDefinitionMatch.arityMismatch(PickleStepDefinitionMatch.java:135)
	at io.cucumber.core.runner.PickleStepDefinitionMatch.runStep(PickleStepDefinitionMatch.java:42)
	at io.cucumber.core.runner.TestStep.executeStep(TestStep.java:64)
	at io.cucumber.core.runner.TestStep.run(TestStep.java:49)
	at io.cucumber.core.runner.PickleStepTestStep.run(PickleStepTestStep.java:46)
	at io.cucumber.core.runner.TestCase.run(TestCase.java:51)
	at io.cucumber.core.runner.Runner.runPickle(Runner.java:66)
	at io.cucumber.junit.PickleRunners$NoStepDescriptions.run(PickleRunners.java:149)
	at io.cucumber.junit.FeatureRunner.runChild(FeatureRunner.java:83)
	at io.cucumber.junit.FeatureRunner.runChild(FeatureRunner.java:24)
	at org.junit.runners.ParentRunner$4.run(ParentRunner.java:331)
	at org.junit.runners.ParentRunner$1.schedule(ParentRunner.java:79)
	at org.junit.runners.ParentRunner.runChildren(ParentRunner.java:329)
	at org.junit.runners.ParentRunner.access$100(ParentRunner.java:66)
	at org.junit.runners.ParentRunner$2.evaluate(ParentRunner.java:293)
	at org.junit.runners.ParentRunner$3.evaluate(ParentRunner.java:306)
	at org.junit.runners.ParentRunner.run(ParentRunner.java:413)
	at io.cucumber.junit.Cucumber.runChild(Cucumber.java:185)
	at io.cucumber.junit.Cucumber.runChild(Cucumber.java:83)
	at org.junit.runners.ParentRunner$4.run(ParentRunner.java:331)
	at org.junit.runners.ParentRunner$1.schedule(ParentRunner.java:79)
	at org.junit.runners.ParentRunner.runChildren(ParentRunner.java:329)
	at org.junit.runners.ParentRunner.access$100(ParentRunner.java:66)
	at org.junit.runners.ParentRunner$2.evaluate(ParentRunner.java:293)
	at io.cucumber.junit.Cucumber$RunCucumber.evaluate(Cucumber.java:219)
	at org.junit.runners.ParentRunner$3.evaluate(ParentRunner.java:306)
	at org.junit.runners.ParentRunner.run(ParentRunner.java:413)
	at org.apache.maven.surefire.junit4.JUnit4Provider.execute(JUnit4Provider.java:252)
	at org.apache.maven.surefire.junit4.JUnit4Provider.executeTestSet(JUnit4Provider.java:141)
	at org.apache.maven.surefire.junit4.JUnit4Provider.invoke(JUnit4Provider.java:112)
	at java.base/jdk.internal.reflect.NativeMethodAccessorImpl.invoke0(Native Method)
	at java.base/jdk.internal.reflect.NativeMethodAccessorImpl.invoke(NativeMethodAccessorImpl.java:77)
	at java.base/jdk.internal.reflect.DelegatingMethodAccessorImpl.invoke(DelegatingMethodAccessorImpl.java:43)
	at java.base/java.lang.reflect.Method.invoke(Method.java:568)
	at org.apache.maven.surefire.util.ReflectionUtils.invokeMethodWithArray(ReflectionUtils.java:189)
	at org.apache.maven.surefire.booter.ProviderFactory$ProviderProxy.invoke(ProviderFactory.java:165)
	at org.apache.maven.surefire.booter.ProviderFactory.invokeProvider(ProviderFactory.java:85)
	at org.apache.maven.surefire.booter.ForkedBooter.runSuitesInProcess(ForkedBooter.java:115)
	at org.apache.maven.surefire.booter.ForkedBooter.main(ForkedBooter.java:75)
]]></failure>
    </testcase>
    <testcase classname="Batch Page Validation" name="Validate data table headers in the Batch Page 3" time="2.144">
        <failure message="Step [Admin Should see the data table on manage batch] is defined with 1 parameters at 'com.stepDefinition.Batch_SD.admin_Should_see_the_data_table_on_manage_batch(io.cucumber.datatable.DataTable)'.&#10;However, the gherkin step has 0 arguments.&#10;Step text: Admin Should see the data table on manage batch" type="io.cucumber.core.exception.CucumberException"><![CDATA[Given Admin is on dashboard page after Login................................passed
When Admin clicks Batch from navigation bar.................................passed
Then Admin Should see the data table on manage batch........................failed

StackTrace:
io.cucumber.core.exception.CucumberException: Step [Admin Should see the data table on manage batch] is defined with 1 parameters at 'com.stepDefinition.Batch_SD.admin_Should_see_the_data_table_on_manage_batch(io.cucumber.datatable.DataTable)'.
However, the gherkin step has 0 arguments.
Step text: Admin Should see the data table on manage batch
	at io.cucumber.core.runner.PickleStepDefinitionMatch.arityMismatch(PickleStepDefinitionMatch.java:135)
	at io.cucumber.core.runner.PickleStepDefinitionMatch.runStep(PickleStepDefinitionMatch.java:42)
	at io.cucumber.core.runner.TestStep.executeStep(TestStep.java:64)
	at io.cucumber.core.runner.TestStep.run(TestStep.java:49)
	at io.cucumber.core.runner.PickleStepTestStep.run(PickleStepTestStep.java:46)
	at io.cucumber.core.runner.TestCase.run(TestCase.java:51)
	at io.cucumber.core.runner.Runner.runPickle(Runner.java:66)
	at io.cucumber.junit.PickleRunners$NoStepDescriptions.run(PickleRunners.java:149)
	at io.cucumber.junit.FeatureRunner.runChild(FeatureRunner.java:83)
	at io.cucumber.junit.FeatureRunner.runChild(FeatureRunner.java:24)
	at org.junit.runners.ParentRunner$4.run(ParentRunner.java:331)
	at org.junit.runners.ParentRunner$1.schedule(ParentRunner.java:79)
	at org.junit.runners.ParentRunner.runChildren(ParentRunner.java:329)
	at org.junit.runners.ParentRunner.access$100(ParentRunner.java:66)
	at org.junit.runners.ParentRunner$2.evaluate(ParentRunner.java:293)
	at org.junit.runners.ParentRunner$3.evaluate(ParentRunner.java:306)
	at org.junit.runners.ParentRunner.run(ParentRunner.java:413)
	at io.cucumber.junit.Cucumber.runChild(Cucumber.java:185)
	at io.cucumber.junit.Cucumber.runChild(Cucumber.java:83)
	at org.junit.runners.ParentRunner$4.run(ParentRunner.java:331)
	at org.junit.runners.ParentRunner$1.schedule(ParentRunner.java:79)
	at org.junit.runners.ParentRunner.runChildren(ParentRunner.java:329)
	at org.junit.runners.ParentRunner.access$100(ParentRunner.java:66)
	at org.junit.runners.ParentRunner$2.evaluate(ParentRunner.java:293)
	at io.cucumber.junit.Cucumber$RunCucumber.evaluate(Cucumber.java:219)
	at org.junit.runners.ParentRunner$3.evaluate(ParentRunner.java:306)
	at org.junit.runners.ParentRunner.run(ParentRunner.java:413)
	at org.apache.maven.surefire.junit4.JUnit4Provider.execute(JUnit4Provider.java:252)
	at org.apache.maven.surefire.junit4.JUnit4Provider.executeTestSet(JUnit4Provider.java:141)
	at org.apache.maven.surefire.junit4.JUnit4Provider.invoke(JUnit4Provider.java:112)
	at java.base/jdk.internal.reflect.NativeMethodAccessorImpl.invoke0(Native Method)
	at java.base/jdk.internal.reflect.NativeMethodAccessorImpl.invoke(NativeMethodAccessorImpl.java:77)
	at java.base/jdk.internal.reflect.DelegatingMethodAccessorImpl.invoke(DelegatingMethodAccessorImpl.java:43)
	at java.base/java.lang.reflect.Method.invoke(Method.java:568)
	at org.apache.maven.surefire.util.ReflectionUtils.invokeMethodWithArray(ReflectionUtils.java:189)
	at org.apache.maven.surefire.booter.ProviderFactory$ProviderProxy.invoke(ProviderFactory.java:165)
	at org.apache.maven.surefire.booter.ProviderFactory.invokeProvider(ProviderFactory.java:85)
	at org.apache.maven.surefire.booter.ForkedBooter.runSuitesInProcess(ForkedBooter.java:115)
	at org.apache.maven.surefire.booter.ForkedBooter.main(ForkedBooter.java:75)
]]></failure>
    </testcase>
    <testcase classname="Batch Page Validation" name="Validate data table headers in the Batch Page 4" time="2.369">
        <failure message="Step [Admin Should see the data table on manage batch] is defined with 1 parameters at 'com.stepDefinition.Batch_SD.admin_Should_see_the_data_table_on_manage_batch(io.cucumber.datatable.DataTable)'.&#10;However, the gherkin step has 0 arguments.&#10;Step text: Admin Should see the data table on manage batch" type="io.cucumber.core.exception.CucumberException"><![CDATA[Given Admin is on dashboard page after Login................................passed
When Admin clicks Batch from navigation bar.................................passed
Then Admin Should see the data table on manage batch........................failed

StackTrace:
io.cucumber.core.exception.CucumberException: Step [Admin Should see the data table on manage batch] is defined with 1 parameters at 'com.stepDefinition.Batch_SD.admin_Should_see_the_data_table_on_manage_batch(io.cucumber.datatable.DataTable)'.
However, the gherkin step has 0 arguments.
Step text: Admin Should see the data table on manage batch
	at io.cucumber.core.runner.PickleStepDefinitionMatch.arityMismatch(PickleStepDefinitionMatch.java:135)
	at io.cucumber.core.runner.PickleStepDefinitionMatch.runStep(PickleStepDefinitionMatch.java:42)
	at io.cucumber.core.runner.TestStep.executeStep(TestStep.java:64)
	at io.cucumber.core.runner.TestStep.run(TestStep.java:49)
	at io.cucumber.core.runner.PickleStepTestStep.run(PickleStepTestStep.java:46)
	at io.cucumber.core.runner.TestCase.run(TestCase.java:51)
	at io.cucumber.core.runner.Runner.runPickle(Runner.java:66)
	at io.cucumber.junit.PickleRunners$NoStepDescriptions.run(PickleRunners.java:149)
	at io.cucumber.junit.FeatureRunner.runChild(FeatureRunner.java:83)
	at io.cucumber.junit.FeatureRunner.runChild(FeatureRunner.java:24)
	at org.junit.runners.ParentRunner$4.run(ParentRunner.java:331)
	at org.junit.runners.ParentRunner$1.schedule(ParentRunner.java:79)
	at org.junit.runners.ParentRunner.runChildren(ParentRunner.java:329)
	at org.junit.runners.ParentRunner.access$100(ParentRunner.java:66)
	at org.junit.runners.ParentRunner$2.evaluate(ParentRunner.java:293)
	at org.junit.runners.ParentRunner$3.evaluate(ParentRunner.java:306)
	at org.junit.runners.ParentRunner.run(ParentRunner.java:413)
	at io.cucumber.junit.Cucumber.runChild(Cucumber.java:185)
	at io.cucumber.junit.Cucumber.runChild(Cucumber.java:83)
	at org.junit.runners.ParentRunner$4.run(ParentRunner.java:331)
	at org.junit.runners.ParentRunner$1.schedule(ParentRunner.java:79)
	at org.junit.runners.ParentRunner.runChildren(ParentRunner.java:329)
[...]
	at org.junit.runners.ParentRunner.run(ParentRunner.java:413)
	at io.cucumber.junit.Cucumber.runChild(Cucumber.java:185)
	at io.cucumber.junit.Cucumber.runChild(Cucumber.java:83)
	at org.junit.runners.ParentRunner$4.run(ParentRunner.java:331)
	at org.junit.runners.ParentRunner$1.schedule(ParentRunner.java:79)
	at org.junit.runners.ParentRunner.runChildren(ParentRunner.java:329)
	at org.junit.runners.ParentRunner.access$100(ParentRunner.java:66)
	at org.junit.runners.ParentRunner$2.evaluate(ParentRunner.java:293)
	at io.cucumber.junit.Cucumber$RunCucumber.evaluate(Cucumber.java:219)
	at org.junit.runners.ParentRunner$3.evaluate(ParentRunner.java:306)
	at org.junit.runners.ParentRunner.run(ParentRunner.java:413)
	at org.apache.maven.surefire.junit4.JUnit4Provider.execute(JUnit4Provider.java:252)
	at org.apache.maven.surefire.junit4.JUnit4Provider.executeTestSet(JUnit4Provider.java:141)
	at org.apache.maven.surefire.junit4.JUnit4Provider.invoke(JUnit4Provider.java:112)
	at java.base/jdk.internal.reflect.NativeMethodAccessorImpl.invoke0(Native Method)
	at java.base/jdk.internal.reflect.NativeMethodAccessorImpl.invoke(NativeMethodAccessorImpl.java:77)
	at java.base/jdk.internal.reflect.DelegatingMethodAccessorImpl.invoke(DelegatingMethodAccessorImpl.java:43)
	at java.base/java.lang.reflect.Method.invoke(Method.java:568)
	at org.apache.maven.surefire.util.ReflectionUtils.invokeMethodWithArray(ReflectionUtils.java:189)
	at org.apache.maven.surefire.booter.ProviderFactory$ProviderProxy.invoke(ProviderFactory.java:165)
	at org.apache.maven.surefire.booter.ProviderFactory.invokeProvider(ProviderFactory.java:85)
	at org.apache.maven.surefire.booter.ForkedBooter.runSuitesInProcess(ForkedBooter.java:115)
	at org.apache.maven.surefire.booter.ForkedBooter.main(ForkedBooter.java:75)
]]></failure>
    </testcase>
    <testcase classname="Program Page Validation" name="Verify Sort arrow icon on the data table" time="17.686">
        <system-out><![CDATA[Given Admin is on dashboard page after Login................................passed
When Admin clicks Program from navigation bar...............................passed
Then Admin should see the sort arrow icon beside to each column header except Edit and Delete on program manage.passed
]]></system-out>
    </testcase>
    <testcase classname="Program Page Validation" name="Validate checkbox in data table of Manage program" time="2.755">
        <failure message="invalid selector: Unable to locate an element with the xpath expression //*[@span/select-multiple-checkbox'] because of the following error:&#10;SyntaxError: Failed to execute 'evaluate' on 'Document': The string '//*[@span/select-multiple-checkbox']' is not a valid XPath expression.&#10;  (Session info: chrome=116.0.5845.187)&#10;For documentation on this error, please visit: https://www.selenium.dev/documentation/webdriver/troubleshooting/errors#invalid-selector-exception&#10;Build info: version: '4.11.0', revision: '040bc5406b'&#10;System info: os.name: 'Windows 11', os.arch: 'amd64', os.version: '10.0', java.version: '17.0.5'&#10;Driver info: org.openqa.selenium.chrome.ChromeDriver&#10;Command: [62071b40399ea77b1c8bd299239b710a, findElements {using=xpath, value=//*[@span/select-multiple-checkbox']}]&#10;Capabilities {acceptInsecureCerts: false, browserName: chrome, browserVersion: 116.0.5845.187, chrome: {chromedriverVersion: 116.0.5845.96 (1a3918166880..., userDataDir: C:\Users\joshi\AppData\Loca...}, fedcm:accounts: true, goog:chromeOptions: {debuggerAddress: localhost:58401}, networkConnectionEnabled: false, pageLoadStrategy: normal, platformName: windows, proxy: Proxy(), se:cdp: ws://localhost:58401/devtoo..., se:cdpVersion: 116.0.5845.187, setWindowRect: true, strictFileInteractability: false, timeouts: {implicit: 0, pageLoad: 300000, script: 30000}, unhandledPromptBehavior: dismiss and notify, webauthn:extension:credBlob: true, webauthn:extension:largeBlob: true, webauthn:extension:minPinLength: true, webauthn:extension:prf: true, webauthn:virtualAuthenticators: true}&#10;Session ID: 62071b40399ea77b1c8bd299239b710a" type="org.openqa.selenium.InvalidSelectorException"><![CDATA[Given Admin is on dashboard page after Login................................passed
When Admin clicks Program from navigation bar...............................passed
Then Data table should have a checkbox on manage program....................failed

StackTrace:
org.openqa.selenium.InvalidSelectorException: invalid selector: Unable to locate an element with the xpath expression //*[@span/select-multiple-checkbox'] because of the following error:
SyntaxError: Failed to execute 'evaluate' on 'Document': The string '//*[@span/select-multiple-checkbox']' is not a valid XPath expression.
  (Session info: chrome=116.0.5845.187)
For documentation on this error, please visit: https://www.selenium.dev/documentation/webdriver/troubleshooting/errors#invalid-selector-exception
Build info: version: '4.11.0', revision: '040bc5406b'
System info: os.name: 'Windows 11', os.arch: 'amd64', os.version: '10.0', java.version: '17.0.5'
Driver info: org.openqa.selenium.chrome.ChromeDriver
Command: [62071b40399ea77b1c8bd299239b710a, findElements {using=xpath, value=//*[@span/select-multiple-checkbox']}]
Capabilities {acceptInsecureCerts: false, browserName: chrome, browserVersion: 116.0.5845.187, chrome: {chromedriverVersion: 116.0.5845.96 (1a3918166880..., userDataDir: C:\Users\joshi\AppData\Loca...}, fedcm:accounts: true, goog:chromeOptions: {debuggerAddress: localhost:58401}, networkConnectionEnabled: false, pageLoadStrategy: normal, platformName: windows, proxy: Proxy(), se:cdp: ws://localhost:58401/devtoo..., se:cdpVersion: 116.0.5845.187, setWindowRect: true, strictFileInteractability: false, timeouts: {implicit: 0, pageLoad: 300000, script: 30000}, unhandledPromptBehavior: dismiss and notify, webauthn:extension:credBlob: true, webauthn:extension:largeBlob: true, webauthn:extension:minPinLength: true, webauthn:extension:prf: true, webauthn:virtualAuthenticators: true}
Session ID: 62071b40399ea77b1c8bd299239b710a
	at jdk.internal.reflect.GeneratedConstructorAccessor68.newInstance(Unknown Source)
	at java.base/jdk.internal.reflect.DelegatingConstructorAccessorImpl.newInstance(DelegatingConstructorAccessorImpl.java:45)
	at java.base/java.lang.reflect.Constructor.newInstanceWithCaller(Constructor.java:499)
	at java.base/java.lang.reflect.Constructor.newInstance(Constructor.java:480)
	at org.openqa.selenium.remote.codec.w3c.W3CHttpResponseCodec.createException(W3CHttpResponseCodec.java:200)
	at org.openqa.selenium.remote.codec.w3c.W3CHttpResponseCodec.decode(W3CHttpResponseCodec.java:133)
	at org.openqa.selenium.remote.codec.w3c.W3CHttpResponseCodec.decode(W3CHttpResponseCodec.java:52)
	at org.openqa.selenium.remote.HttpCommandExecutor.execute(HttpCommandExecutor.java:191)
	at org.openqa.selenium.remote.service.DriverCommandExecutor.invokeExecute(DriverCommandExecutor.java:196)
	at org.openqa.selenium.remote.service.DriverCommandExecutor.execute(DriverCommandExecutor.java:171)
	at org.openqa.selenium.remote.RemoteWebDriver.execute(RemoteWebDriver.java:518)
	at org.openqa.selenium.remote.ElementLocation$ElementFinder$2.findElements(ElementLocation.java:182)
	at org.openqa.selenium.remote.ElementLocation.findElements(ElementLocation.java:103)
	at org.openqa.selenium.remote.RemoteWebDriver.findElements(RemoteWebDriver.java:368)
	at org.openqa.selenium.remote.RemoteWebDriver.findElements(RemoteWebDriver.java:362)
	at org.openqa.selenium.support.pagefactory.DefaultElementLocator.findElements(DefaultElementLocator.java:83)
	at org.openqa.selenium.support.pagefactory.internal.LocatingElementListHandler.invoke(LocatingElementListHandler.java:36)
	at jdk.proxy2/jdk.proxy2.$Proxy38.iterator(Unknown Source)
	at com.pageObject.Program_Manage_Obj.VisibleCheckBox(Program_Manage_Obj.java:168)
	at com.stepDefinition.Program_SD.data_table_should_have_a_checkbox_on_manage_program(Program_SD.java:108)
	at ✽.Data table should have a checkbox on manage program(file:///C:/Users/joshi/eclipse-workspace/Game_of_Cucumber_Team04/src/test/resources/features/Program_Module/04_Program_Page_Validation.feature:54)
]]></failure>
    </testcase>
    <testcase classname="Program Page Validation" name="Validate Edit button in data table of Manage program" time="7.529">
        <system-out><![CDATA[Given Admin is on dashboard page after Login................................passed
When Admin clicks Program from navigation bar...............................passed
Then Data table should have a edit icon that is enabled on manage program...passed
]]></system-out>
    </testcase>
    <testcase classname="Program Page Validation" name="Validate Delete button in data table of Manage program" time="7.782">
        <system-out><![CDATA[Given Admin is on dashboard page after Login................................passed
When Admin clicks Program from navigation bar...............................passed
Then Data table should have a delete icon that is enabled on manage program.passed
]]></system-out>
    </testcase>
    <testcase classname="Program Page Validation" name="Validate Search Bar on Manage program" time="7.526">
        <failure message="expected:&lt;[Search...]&gt; but was:&lt;[]&gt;" type="org.junit.ComparisonFailure"><![CDATA[Given Admin is on dashboard page after Login................................passed
When Admin clicks Program from navigation bar...............................passed
Then Admin should see Search bar with text as "Search..."...................failed

StackTrace:
org.junit.ComparisonFailure: expected:<[Search...]> but was:<[]>
	at org.junit.Assert.assertEquals(Assert.java:117)
	at org.junit.Assert.assertEquals(Assert.java:146)
	at com.stepDefinition.Program_SD.admin_should_see_Search_bar_with_text_as(Program_SD.java:130)
	at ✽.Admin should see Search bar with text as "Search..."(file:///C:/Users/joshi/eclipse-workspace/Game_of_Cucumber_Team04/src/test/resources/features/Program_Module/04_Program_Page_Validation.feature:66)
]]></failure>
    </testcase>
    <testcase classname="Program Page Validation" name="Search program by Invalid name" time="12.455">
        <failure message="Cannot invoke &quot;String.contains(java.lang.CharSequence)&quot; because &quot;tablevalue&quot; is null" type="java.lang.NullPointerException"><![CDATA[Given Admin is on dashboard page after Login................................passed
When Admin clicks Program from navigation bar...............................passed
When Admin enters invalid Program name into search box "SearchProgramByInvalidName" and "programDetails".passed
Then Admin should see zero entries on the data table of manage program......failed

StackTrace:
java.lang.NullPointerException: Cannot invoke "String.contains(java.lang.CharSequence)" because "tablevalue" is null
	at com.stepDefinition.Program_SD.Admin_should_see_zero_entries_on_the_data_table_of_manage_program(Program_SD.java:202)
	at ✽.Admin should see zero entries on the data table of manage program(file:///C:/Users/joshi/eclipse-workspace/Game_of_Cucumber_Team04/src/test/resources/features/Program_Module/04_Program_Page_Validation.feature:71)
]]></failure>
    </testcase>
    <testcase classname="Program Page Validation" name="Search program by name" time="12.591">
        <failure message="Cannot invoke &quot;String.contains(java.lang.CharSequence)&quot; because &quot;tablevalue&quot; is null" type="java.lang.NullPointerException"><![CDATA[Given Admin is on dashboard page after Login................................passed
When Admin clicks Program from navigation bar...............................passed
When Admin enters Program name into search box "SearchProgramByName" and "programDetails".passed
Then Admin should see the Programs displayed based on the Program Name......failed

StackTrace:
java.lang.NullPointerException: Cannot invoke "String.contains(java.lang.CharSequence)" because "tablevalue" is null
	at com.stepDefinition.Program_SD.admin_should_see_the_Programs_displayed_based_on_the_Program_Name(Program_SD.java:148)
	at ✽.Admin should see the Programs displayed based on the Program Name(file:///C:/Users/joshi/eclipse-workspace/Game_of_Cucumber_Team04/src/test/resources/features/Program_Module/04_Program_Page_Validation.feature:80)
]]></failure>
    </testcase>
    <testcase classname="Program Page Validation" name="Search program by description" time="12.6">
        <failure message="Cannot invoke &quot;String.contains(java.lang.CharSequence)&quot; because &quot;tablevalue&quot; is null" type="java.lang.NullPointerException"><![CDATA[Given Admin is on dashboard page after Login................................passed
When Admin clicks Program from navigation bar...............................passed
When Admin enters Program description into search box "SearchProgramByDescription" and "programDetails".passed
Then Admin should see the Programs displayed based on the Program description.failed

StackTrace:
java.lang.NullPointerException: Cannot invoke "String.contains(java.lang.CharSequence)" because "tablevalue" is null
	at com.stepDefinition.Program_SD.admin_should_see_the_Programs_displayed_based_on_the_Program_description(Program_SD.java:166)
	at ✽.Admin should see the Programs displayed based on the Program description(file:///C:/Users/joshi/eclipse-workspace/Game_of_Cucumber_Team04/src/test/resources/features/Program_Module/04_Program_Page_Validation.feature:89)
]]></failure>
    </testcase>
    <testcase classname="Program Page Validation" name="Search program by status" time="12.789">
        <failure message="Cannot invoke &quot;String.contains(java.lang.CharSequence)&quot; because &quot;tablevalue&quot; is null" type="java.lang.NullPointerException"><![CDATA[Given Admin is on dashboard page after Login................................passed
When Admin clicks Program from navigation bar...............................passed
When Admin enters Program status into search box "SearchProgramByStatus" and "programDetails".passed
Then Admin should see the Programs displayed based on the Program status....failed

StackTrace:
java.lang.NullPointerException: Cannot invoke "String.contains(java.lang.CharSequence)" because "tablevalue" is null
	at com.stepDefinition.Program_SD.admin_should_see_the_Programs_displayed_based_on_the_Program_status(Program_SD.java:184)
	at ✽.Admin should see the Programs displayed based on the Program status(file:///C:/Users/joshi/eclipse-workspace/Game_of_Cucumber_Team04/src/test/resources/features/Program_Module/04_Program_Page_Validation.feature:98)
]]></failure>
    </testcase>
    <testcase classname="Program Pagination" name="Verify Next page link" time="12.563">
        <system-out><![CDATA[Given Admin is on dashboard page after Login................................passed
When Admin clicks Program from navigation bar...............................passed
When Admin clicks Next page link on the program table.......................passed
Then Admin should see the Pagination has Next link..........................passed
]]></system-out>
    </testcase>
    <testcase classname="Program Pagination" name="Verify Last page link" time="17.676">
        <system-out><![CDATA[Given Admin is on dashboard page after Login................................passed
When Admin clicks Program from navigation bar...............................passed
When Admin clicks Last page link on the program table.......................passed
Then Admin should see the last page record on the table with Next page link are disabled.passed
]]></system-out>
    </testcase>
    <testcase classname="Program Pagination" name="Verify First page link" time="12.967">
        <system-out><![CDATA[Given Admin is on dashboard page after Login................................passed
When Admin clicks Program from navigation bar...............................passed
When Admin clicks first page link on the program table......................passed
Then Admin should see the previous page record on the table with pagination has previous page link.passed
]]></system-out>
    </testcase>
    <testcase classname="Program Pagination" name="Verify Start page link" time="17.561">
        <system-out><![CDATA[Given Admin is on dashboard page after Login................................passed
When Admin clicks Program from navigation bar...............................passed
When Admin clicks start page link on the program table......................passed
Then Admin should see the very first page record on the table with Previous page link are disabled.passed
]]></system-out>
    </testcase>
    <testcase classname="Program Sorting Validation" name="Validate sort icon of program name column in ascending" time="13.115">
        <system-out><![CDATA[Given Admin is on dashboard page after Login................................passed
When Admin clicks Program from navigation bar...............................passed
When Admin clicks the ascending sort icon of program name column............passed
Then The data get sorted on the table based on the program name column values in ascending order.passed
]]></system-out>
    </testcase>
    <testcase classname="Program Sorting Validation" name="Validate sort icon of program name column in Descending" time="12.555">
        <system-out><![CDATA[Given Admin is on dashboard page after Login................................passed
When Admin clicks Program from navigation bar...............................passed
When Admin clicks the descending sort icon of program name column...........passed
Then The data get sorted on the table based on the program name column values in descending order.passed
]]></system-out>
    </testcase>
    <testcase classname="Program Sorting Validation" name="Validate sort icon of program description column in ascending" time="13.411">
        <system-out><![CDATA[Given Admin is on dashboard page after Login................................passed
When Admin clicks Program from navigation bar...............................passed
When Admin clicks the ascending sort icon of program description column.....passed
Then The data get sorted on the table based on the program description column values in ascending order.passed
]]></system-out>
    </testcase>
    <testcase classname="Program Sorting Validation" name="Validate sort icon of program description column in Descending" time="12.389">
        <system-out><![CDATA[Given Admin is on dashboard page after Login................................passed
When Admin clicks Program from navigation bar...............................passed
When Admin clicks the descending sort icon of program description column....passed
Then The data get sorted on the table based on the program description column values in descending order.passed
]]></system-out>
    </testcase>
    <testcase classname="Program Sorting Validation" name="Validate sort icon of program status column in ascending" time="12.326">
        <system-out><![CDATA[Given Admin is on dashboard page after Login................................passed
When Admin clicks Program from navigation bar...............................passed
When Admin clicks the ascending sort icon of program status column..........passed
Then The data get sorted on the table based on the program status column values in ascending order.passed
]]></system-out>
    </testcase>
    <testcase classname="Program Sorting Validation" name="Validate sort icon of program status column in Descending" time="12.335">
        <system-out><![CDATA[Given Admin is on dashboard page after Login................................passed
When Admin clicks Program from navigation bar...............................passed
When Admin clicks the descending sort icon of program status column.........passed
Then The data get sorted on the table based on the program status column values in descending order.passed
]]></system-out>
    </testcase>
</testsuite>
