<?xml version="1.0" encoding="UTF-8" standalone="no"?>
<testsuite errors="0" failures="9" name="io.cucumber.core.plugin.JUnitFormatter" skipped="7" tests="32" time="787.54">
    <testcase classname="Add new user" name="Check if the fields exist in pop" time="73.265">
        <system-out><![CDATA[Given A new pop up with user details appears................................passed
Then The pop up should include the fields First Name,Middle name, Last Name, Location phone, email,linkedin Url,Undergraduate,postgraduate,time zone and user comments as text box User Role, Role status, visa status as drop down.passed
]]></system-out>
    </testcase>
    <testcase classname="Add new user" name="Check if Middle name, linkedIn url, email, user comments.under graduate,post graduate,time zone are optional" time="77.379">
        <system-out><![CDATA[Given A new pop up with user details appears................................passed
When Fill in all the fields except optional fields with valid values and click submit.passed
Then The newly added user should be present in the data table in Manage User page.passed
]]></system-out>
    </testcase>
    <testcase classname="Add new user" name="Check if the program details are added in data table" time="72.42">
        <system-out><![CDATA[Given A new pop up with user details appears................................passed
When Fill in all the fields with valid values and click submit..............passed
Then Error message should be appear for user fields.........................passed
]]></system-out>
    </testcase>
    <testcase classname="Add new user" name="Check for error messages for invalid fields" time="37.105">
        <system-out><![CDATA[Given A new pop up with user details appears................................passed
When any of the fields have invalid values..................................passed
Then Error message should be appear for user fields.........................passed
]]></system-out>
    </testcase>
    <testcase classname="Add new user" name="Check for error messages for mandatory fields" time="37.249">
        <failure message="Step [Any of the mandatory fields are blank] is defined with 1 parameters at 'com.stepDefinition.User_SD.any_of_the_mandatory_fields_are_blank(java.lang.String)'.&#10;However, the gherkin step has 0 arguments.&#10;Step text: Any of the mandatory fields are blank" type="io.cucumber.core.exception.CucumberException"><![CDATA[Given A new pop up with user details appears................................passed
When Any of the mandatory fields are blank..................................failed
Then Error message should be appear for user fields.........................skipped

StackTrace:
io.cucumber.core.exception.CucumberException: Step [Any of the mandatory fields are blank] is defined with 1 parameters at 'com.stepDefinition.User_SD.any_of_the_mandatory_fields_are_blank(java.lang.String)'.
However, the gherkin step has 0 arguments.
Step text: Any of the mandatory fields are blank
	at io.cucumber.core.runner.PickleStepDefinitionMatch.arityMismatch(PickleStepDefinitionMatch.java:135)
	at io.cucumber.core.runner.PickleStepDefinitionMatch.runStep(PickleStepDefinitionMatch.java:42)
	at io.cucumber.core.runner.TestStep.executeStep(TestStep.java:64)
	at io.cucumber.core.runner.TestStep.run(TestStep.java:49)
	at io.cucumber.core.runner.PickleStepTestStep.run(PickleStepTestStep.java:46)
	at io.cucumber.core.runner.TestCase.run(TestCase.java:51)
	at io.cucumber.core.runner.Runner.runPickle(Runner.java:66)
	at io.cucumber.junit.PickleRunners$NoStepDescriptions.run(PickleRunners.java:149)
	at io.cucumber.junit.FeatureRunner.runChild(FeatureRunner.java:83)
	at io.cucumber.junit.FeatureRunner.runChild(FeatureRunner.java:24)
	at org.junit.runners.ParentRunner$4.run(ParentRunner.java:331)
	at org.junit.runners.ParentRunner$1.schedule(ParentRunner.java:79)
	at org.junit.runners.ParentRunner.runChildren(ParentRunner.java:329)
	at org.junit.runners.ParentRunner.access$100(ParentRunner.java:66)
	at org.junit.runners.ParentRunner$2.evaluate(ParentRunner.java:293)
	at org.junit.runners.ParentRunner$3.evaluate(ParentRunner.java:306)
	at org.junit.runners.ParentRunner.run(ParentRunner.java:413)
	at io.cucumber.junit.Cucumber.runChild(Cucumber.java:185)
	at io.cucumber.junit.Cucumber.runChild(Cucumber.java:83)
	at org.junit.runners.ParentRunner$4.run(ParentRunner.java:331)
	at org.junit.runners.ParentRunner$1.schedule(ParentRunner.java:79)
	at org.junit.runners.ParentRunner.runChildren(ParentRunner.java:329)
	at org.junit.runners.ParentRunner.access$100(ParentRunner.java:66)
	at org.junit.runners.ParentRunner$2.evaluate(ParentRunner.java:293)
	at io.cucumber.junit.Cucumber$RunCucumber.evaluate(Cucumber.java:219)
	at org.junit.runners.ParentRunner$3.evaluate(ParentRunner.java:306)
	at org.junit.runners.ParentRunner.run(ParentRunner.java:413)
	at org.eclipse.jdt.internal.junit4.runner.JUnit4TestReference.run(JUnit4TestReference.java:93)
	at org.eclipse.jdt.internal.junit.runner.TestExecution.run(TestExecution.java:40)
	at org.eclipse.jdt.internal.junit.runner.RemoteTestRunner.runTests(RemoteTestRunner.java:529)
	at org.eclipse.jdt.internal.junit.runner.RemoteTestRunner.runTests(RemoteTestRunner.java:756)
	at org.eclipse.jdt.internal.junit.runner.RemoteTestRunner.run(RemoteTestRunner.java:452)
	at org.eclipse.jdt.internal.junit.runner.RemoteTestRunner.main(RemoteTestRunner.java:210)
]]></failure>
    </testcase>
    <testcase classname="Delete user" name="Validate row level delete icon" time="17.033">
        <skipped><![CDATA[Given Admin is on dashboard page after Login................................passed
When Admin clicks "User" from navigation bar................................undefined
Then Admin clicks the delete icon if it is enabled..........................skipped
When Admin clicks the delete icon...........................................skipped
Then Alert appears with Yes and No option...................................skipped
]]></skipped>
    </testcase>
    <testcase classname="Delete user" name="Validate accept alert" time="17.609">
        <skipped><![CDATA[Given Admin is on dashboard page after Login................................passed
When Admin clicks "User" from navigation bar................................undefined
Then Admin clicks the delete icon if it is enabled..........................skipped
When Admin click yes option.................................................skipped
Then User deleted alert pops and user is no more available in data table....skipped
]]></skipped>
    </testcase>
    <testcase classname="Delete user" name="Validate reject alert" time="16.942">
        <skipped><![CDATA[Given Admin is on dashboard page after Login................................passed
When Admin clicks "User" from navigation bar................................undefined
Then Admin clicks the delete icon if it is enabled..........................skipped
When Admin click No option..................................................skipped
Then User is still listed in data table.....................................skipped
]]></skipped>
    </testcase>
    <testcase classname="Delete multiple user" name="Validate the delete icon below the header" time="1.891">
        <system-out><![CDATA[When Click delete icon below "Manage User" header...........................passed
Given None of the checkboxes in data table are selected.....................passed
Then The delete icon under the "Manage User" header should be disabled......passed
]]></system-out>
    </testcase>
    <testcase classname="Delete multiple user" name="Check for single row delete" time="1.961">
        <system-out><![CDATA[When Click delete icon below "Manage User" header...........................passed
Given One of the checkbox is selected.......................................passed
Then The respective row in the data table is deleted........................passed
]]></system-out>
    </testcase>
    <testcase classname="Delete multiple user" name="Check for multi row delete" time="1.824">
        <system-out><![CDATA[When Click delete icon below "Manage User" header...........................passed
Given Two or more checkboxes is selected....................................passed
Then The respective row in the data table is deleted........................passed
]]></system-out>
    </testcase>
    <testcase classname="Edit new user" name="Validate row level edit icon" time="16.937">
        <skipped><![CDATA[Given Admin is on dashboard page after Login................................passed
When Admin clicks "User" from navigation bar................................undefined
Then Admin clicks the edit icon if it is enabled............................skipped
Then A new pop up with User details appears.................................skipped
]]></skipped>
    </testcase>
    <testcase classname="Edit new user" name="Batch link on navigation bar" time="16.962">
        <skipped><![CDATA[Given Admin is on dashboard page after Login................................passed
When Admin clicks "User" from navigation bar................................undefined
Then Admin clicks the edit icon if it is enabled............................skipped
When Update the fields with valid values and click submit "ValidUserDetails" and "userDetailsForm".skipped
Then The updated user details should appear on the data table...............skipped
]]></skipped>
    </testcase>
    <testcase classname="Edit new user" name="Class link on navigation bar" time="17.003">
        <skipped><![CDATA[Given Admin is on dashboard page after Login................................passed
When Admin clicks "User" from navigation bar................................undefined
Then Admin clicks the edit icon if it is enabled............................skipped
When Update the fields with invalid values and click submit "InvalidUserDetails" and "userDetailsForm".skipped
Then Error message should appear for user...................................skipped
]]></skipped>
    </testcase>
    <testcase classname="Edit new user" name="User link on navigation bar" time="17.091">
        <skipped><![CDATA[Given Admin is on dashboard page after Login................................passed
When Admin clicks "User" from navigation bar................................undefined
Then Admin clicks the edit icon if it is enabled............................skipped
When Erase data from mandatory field........................................skipped
Then Error message should appear for user...................................skipped
]]></skipped>
    </testcase>
    <testcase classname="User page validation" name="Validate landing in User page" time="17.075">
        <system-out><![CDATA[Given Admin is on dashboard page after Login................................passed
When Admin clicks User from navigation bar..................................passed
Then Admin should see the "Manage User" in the URL..........................passed
]]></system-out>
    </testcase>
    <testcase classname="User page validation" name="Validate header in the User Page" time="17.071">
        <system-out><![CDATA[Given Admin is on dashboard page after Login................................passed
When Admin clicks User from navigation bar..................................passed
Then Admin should see the "Manage User" in the header.......................passed
]]></system-out>
    </testcase>
    <testcase classname="User page validation" name="Validate pagination in the User Page" time="17.598">
        <failure message="Step [Admin should see the pagination controls under the data table of user table] is defined with 1 parameters at 'com.stepDefinition.User_SD.admin_should_see_the_pagination_controls_under_the_data_table_of_user_table(java.lang.String)'.&#10;However, the gherkin step has 0 arguments.&#10;Step text: Admin should see the pagination controls under the data table of user table" type="io.cucumber.core.exception.CucumberException"><![CDATA[Given Admin is on dashboard page after Login................................passed
When Admin clicks User from navigation bar..................................passed
Then Admin should see the pagination controls under the data table of user table.failed

StackTrace:
io.cucumber.core.exception.CucumberException: Step [Admin should see the pagination controls under the data table of user table] is defined with 1 parameters at 'com.stepDefinition.User_SD.admin_should_see_the_pagination_controls_under_the_data_table_of_user_table(java.lang.String)'.
However, the gherkin step has 0 arguments.
Step text: Admin should see the pagination controls under the data table of user table
	at io.cucumber.core.runner.PickleStepDefinitionMatch.arityMismatch(PickleStepDefinitionMatch.java:135)
	at io.cucumber.core.runner.PickleStepDefinitionMatch.runStep(PickleStepDefinitionMatch.java:42)
	at io.cucumber.core.runner.TestStep.executeStep(TestStep.java:64)
	at io.cucumber.core.runner.TestStep.run(TestStep.java:49)
	at io.cucumber.core.runner.PickleStepTestStep.run(PickleStepTestStep.java:46)
	at io.cucumber.core.runner.TestCase.run(TestCase.java:51)
	at io.cucumber.core.runner.Runner.runPickle(Runner.java:66)
	at io.cucumber.junit.PickleRunners$NoStepDescriptions.run(PickleRunners.java:149)
	at io.cucumber.junit.FeatureRunner.runChild(FeatureRunner.java:83)
	at io.cucumber.junit.FeatureRunner.runChild(FeatureRunner.java:24)
	at org.junit.runners.ParentRunner$4.run(ParentRunner.java:331)
	at org.junit.runners.ParentRunner$1.schedule(ParentRunner.java:79)
	at org.junit.runners.ParentRunner.runChildren(ParentRunner.java:329)
	at org.junit.runners.ParentRunner.access$100(ParentRunner.java:66)
	at org.junit.runners.ParentRunner$2.evaluate(ParentRunner.java:293)
	at org.junit.runners.ParentRunner$3.evaluate(ParentRunner.java:306)
	at org.junit.runners.ParentRunner.run(ParentRunner.java:413)
	at io.cucumber.junit.Cucumber.runChild(Cucumber.java:185)
	at io.cucumber.junit.Cucumber.runChild(Cucumber.java:83)
	at org.junit.runners.ParentRunner$4.run(ParentRunner.java:331)
	at org.junit.runners.ParentRunner$1.schedule(ParentRunner.java:79)
	at org.junit.runners.ParentRunner.runChildren(ParentRunner.java:329)
	at org.junit.runners.ParentRunner.access$100(ParentRunner.java:66)
	at org.junit.runners.ParentRunner$2.evaluate(ParentRunner.java:293)
	at io.cucumber.junit.Cucumber$RunCucumber.evaluate(Cucumber.java:219)
	at org.junit.runners.ParentRunner$3.evaluate(ParentRunner.java:306)
	at org.junit.runners.ParentRunner.run(ParentRunner.java:413)
	at org.eclipse.jdt.internal.junit4.runner.JUnit4TestReference.run(JUnit4TestReference.java:93)
	at org.eclipse.jdt.internal.junit.runner.TestExecution.run(TestExecution.java:40)
	at org.eclipse.jdt.internal.junit.runner.RemoteTestRunner.runTests(RemoteTestRunner.java:529)
	at org.eclipse.jdt.internal.junit.runner.RemoteTestRunner.runTests(RemoteTestRunner.java:756)
	at org.eclipse.jdt.internal.junit.runner.RemoteTestRunner.run(RemoteTestRunner.java:452)
	at org.eclipse.jdt.internal.junit.runner.RemoteTestRunner.main(RemoteTestRunner.java:210)
]]></failure>
    </testcase>
    <testcase classname="User page validation" name="Validate data table headers in the User Page" time="17.895">
        <failure message="Step [Admin Should see the data table with headers Id, Name, location, Phone Number, Edit\/Delete] is defined with 1 parameters at 'com.stepDefinition.User_SD.admin_Should_see_the_data_table_with_headers_Id_Name_location_Phone_Number_Edit_Delete(io.cucumber.datatable.DataTable)'.&#10;However, the gherkin step has 0 arguments.&#10;Step text: Admin Should see the data table with headers Id, Name, location, Phone Number, Edit/Delete" type="io.cucumber.core.exception.CucumberException"><![CDATA[Given Admin is on dashboard page after Login................................passed
When Admin clicks User from navigation bar..................................passed
Then Admin Should see the data table with headers Id, Name, location, Phone Number, Edit/Delete.failed

StackTrace:
io.cucumber.core.exception.CucumberException: Step [Admin Should see the data table with headers Id, Name, location, Phone Number, Edit\/Delete] is defined with 1 parameters at 'com.stepDefinition.User_SD.admin_Should_see_the_data_table_with_headers_Id_Name_location_Phone_Number_Edit_Delete(io.cucumber.datatable.DataTable)'.
However, the gherkin step has 0 arguments.
Step text: Admin Should see the data table with headers Id, Name, location, Phone Number, Edit/Delete
	at io.cucumber.core.runner.PickleStepDefinitionMatch.arityMismatch(PickleStepDefinitionMatch.java:135)
	at io.cucumber.core.runner.PickleStepDefinitionMatch.runStep(PickleStepDefinitionMatch.java:42)
	at io.cucumber.core.runner.TestStep.executeStep(TestStep.java:64)
	at io.cucumber.core.runner.TestStep.run(TestStep.java:49)
	at io.cucumber.core.runner.PickleStepTestStep.run(PickleStepTestStep.java:46)
	at io.cucumber.core.runner.TestCase.run(TestCase.java:51)
	at io.cucumber.core.runner.Runner.runPickle(Runner.java:66)
	at io.cucumber.junit.PickleRunners$NoStepDescriptions.run(PickleRunners.java:149)
	at io.cucumber.junit.FeatureRunner.runChild(FeatureRunner.java:83)
	at io.cucumber.junit.FeatureRunner.runChild(FeatureRunner.java:24)
	at org.junit.runners.ParentRunner$4.run(ParentRunner.java:331)
	at org.junit.runners.ParentRunner$1.schedule(ParentRunner.java:79)
	at org.junit.runners.ParentRunner.runChildren(ParentRunner.java:329)
	at org.junit.runners.ParentRunner.access$100(ParentRunner.java:66)
	at org.junit.runners.ParentRunner$2.evaluate(ParentRunner.java:293)
	at org.junit.runners.ParentRunner$3.evaluate(ParentRunner.java:306)
	at org.junit.runners.ParentRunner.run(ParentRunner.java:413)
	at io.cucumber.junit.Cucumber.runChild(Cucumber.java:185)
	at io.cucumber.junit.Cucumber.runChild(Cucumber.java:83)
	at org.junit.runners.ParentRunner$4.run(ParentRunner.java:331)
	at org.junit.runners.ParentRunner$1.schedule(ParentRunner.java:79)
	at org.junit.runners.ParentRunner.runChildren(ParentRunner.java:329)
	at org.junit.runners.ParentRunner.access$100(ParentRunner.java:66)
	at org.junit.runners.ParentRunner$2.evaluate(ParentRunner.java:293)
	at io.cucumber.junit.Cucumber$RunCucumber.evaluate(Cucumber.java:219)
	at org.junit.runners.ParentRunner$3.evaluate(ParentRunner.java:306)
	at org.junit.runners.ParentRunner.run(ParentRunner.java:413)
	at org.eclipse.jdt.internal.junit4.runner.JUnit4TestReference.run(JUnit4TestReference.java:93)
	at org.eclipse.jdt.internal.junit.runner.TestExecution.run(TestExecution.java:40)
	at org.eclipse.jdt.internal.junit.runner.RemoteTestRunner.runTests(RemoteTestRunner.java:529)
	at org.eclipse.jdt.internal.junit.runner.RemoteTestRunner.runTests(RemoteTestRunner.java:756)
	at org.eclipse.jdt.internal.junit.runner.RemoteTestRunner.run(RemoteTestRunner.java:452)
	at org.eclipse.jdt.internal.junit.runner.RemoteTestRunner.main(RemoteTestRunner.java:210)
]]></failure>
    </testcase>
    <testcase classname="User page validation" name="Validate data table headers in the User Page 2" time="17.288">
        <failure message="Step [Admin Should see the data table with headers Id, Name, location, Phone Number, Edit\/Delete] is defined with 1 parameters at 'com.stepDefinition.User_SD.admin_Should_see_the_data_table_with_headers_Id_Name_location_Phone_Number_Edit_Delete(io.cucumber.datatable.DataTable)'.&#10;However, the gherkin step has 0 arguments.&#10;Step text: Admin Should see the data table with headers Id, Name, location, Phone Number, Edit/Delete" type="io.cucumber.core.exception.CucumberException"><![CDATA[Given Admin is on dashboard page after Login................................passed
When Admin clicks User from navigation bar..................................passed
Then Admin Should see the data table with headers Id, Name, location, Phone Number, Edit/Delete.failed

StackTrace:
io.cucumber.core.exception.CucumberException: Step [Admin Should see the data table with headers Id, Name, location, Phone Number, Edit\/Delete] is defined with 1 parameters at 'com.stepDefinition.User_SD.admin_Should_see_the_data_table_with_headers_Id_Name_location_Phone_Number_Edit_Delete(io.cucumber.datatable.DataTable)'.
However, the gherkin step has 0 arguments.
Step text: Admin Should see the data table with headers Id, Name, location, Phone Number, Edit/Delete
	at io.cucumber.core.runner.PickleStepDefinitionMatch.arityMismatch(PickleStepDefinitionMatch.java:135)
	at io.cucumber.core.runner.PickleStepDefinitionMatch.runStep(PickleStepDefinitionMatch.java:42)
	at io.cucumber.core.runner.TestStep.executeStep(TestStep.java:64)
	at io.cucumber.core.runner.TestStep.run(TestStep.java:49)
	at io.cucumber.core.runner.PickleStepTestStep.run(PickleStepTestStep.java:46)
	at io.cucumber.core.runner.TestCase.run(TestCase.java:51)
	at io.cucumber.core.runner.Runner.runPickle(Runner.java:66)
	at io.cucumber.junit.PickleRunners$NoStepDescriptions.run(PickleRunners.java:149)
	at io.cucumber.junit.FeatureRunner.runChild(FeatureRunner.java:83)
	at io.cucumber.junit.FeatureRunner.runChild(FeatureRunner.java:24)
	at org.junit.runners.ParentRunner$4.run(ParentRunner.java:331)
	at org.junit.runners.ParentRunner$1.schedule(ParentRunner.java:79)
	at org.junit.runners.ParentRunner.runChildren(ParentRunner.java:329)
	at org.junit.runners.ParentRunner.access$100(ParentRunner.java:66)
	at org.junit.runners.ParentRunner$2.evaluate(ParentRunner.java:293)
	at org.junit.runners.ParentRunner$3.evaluate(ParentRunner.java:306)
	at org.junit.runners.ParentRunner.run(ParentRunner.java:413)
	at io.cucumber.junit.Cucumber.runChild(Cucumber.java:185)
	at io.cucumber.junit.Cucumber.runChild(Cucumber.java:83)
	at org.junit.runners.ParentRunner$4.run(ParentRunner.java:331)
	at org.junit.runners.ParentRunner$1.schedule(ParentRunner.java:79)
	at org.junit.runners.ParentRunner.runChildren(ParentRunner.java:329)
	at org.junit.runners.ParentRunner.access$100(ParentRunner.java:66)
	at org.junit.runners.ParentRunner$2.evaluate(ParentRunner.java:293)
	at io.cucumber.junit.Cucumber$RunCucumber.evaluate(Cucumber.java:219)
	at org.junit.runners.ParentRunner$3.evaluate(ParentRunner.java:306)
	at org.junit.runners.ParentRunner.run(ParentRunner.java:413)
	at org.eclipse.jdt.internal.junit4.runner.JUnit4TestReference.run(JUnit4TestReference.java:93)
	at org.eclipse.jdt.internal.junit.runner.TestExecution.run(TestExecution.java:40)
	at org.eclipse.jdt.internal.junit.runner.RemoteTestRunner.runTests(RemoteTestRunner.java:529)
	at org.eclipse.jdt.internal.junit.runner.RemoteTestRunner.runTests(RemoteTestRunner.java:756)
	at org.eclipse.jdt.internal.junit.runner.RemoteTestRunner.run(RemoteTestRunner.java:452)
	at org.eclipse.jdt.internal.junit.runner.RemoteTestRunner.main(RemoteTestRunner.java:210)
]]></failure>
    </testcase>
    <testcase classname="User page validation" name="Validate data table headers in the User Page 3" time="17.029">
        <failure message="Step [Admin Should see the data table with headers Id, Name, location, Phone Number, Edit\/Delete] is defined with 1 parameters at 'com.stepDefinition.User_SD.admin_Should_see_the_data_table_with_headers_Id_Name_location_Phone_Number_Edit_Delete(io.cucumber.datatable.DataTable)'.&#10;However, the gherkin step has 0 arguments.&#10;Step text: Admin Should see the data table with headers Id, Name, location, Phone Number, Edit/Delete" type="io.cucumber.core.exception.CucumberException"><![CDATA[Given Admin is on dashboard page after Login................................passed
When Admin clicks User from navigation bar..................................passed
Then Admin Should see the data table with headers Id, Name, location, Phone Number, Edit/Delete.failed

StackTrace:
io.cucumber.core.exception.CucumberException: Step [Admin Should see the data table with headers Id, Name, location, Phone Number, Edit\/Delete] is defined with 1 parameters at 'com.stepDefinition.User_SD.admin_Should_see_the_data_table_with_headers_Id_Name_location_Phone_Number_Edit_Delete(io.cucumber.datatable.DataTable)'.
However, the gherkin step has 0 arguments.
Step text: Admin Should see the data table with headers Id, Name, location, Phone Number, Edit/Delete
	at io.cucumber.core.runner.PickleStepDefinitionMatch.arityMismatch(PickleStepDefinitionMatch.java:135)
	at io.cucumber.core.runner.PickleStepDefinitionMatch.runStep(PickleStepDefinitionMatch.java:42)
	at io.cucumber.core.runner.TestStep.executeStep(TestStep.java:64)
	at io.cucumber.core.runner.TestStep.run(TestStep.java:49)
	at io.cucumber.core.runner.PickleStepTestStep.run(PickleStepTestStep.java:46)
	at io.cucumber.core.runner.TestCase.run(TestCase.java:51)
	at io.cucumber.core.runner.Runner.runPickle(Runner.java:66)
	at io.cucumber.junit.PickleRunners$NoStepDescriptions.run(PickleRunners.java:149)
	at io.cucumber.junit.FeatureRunner.runChild(FeatureRunner.java:83)
	at io.cucumber.junit.FeatureRunner.runChild(FeatureRunner.java:24)
	at org.junit.runners.ParentRunner$4.run(ParentRunner.java:331)
	at org.junit.runners.ParentRunner$1.schedule(ParentRunner.java:79)
	at org.junit.runners.ParentRunner.runChildren(ParentRunner.java:329)
	at org.junit.runners.ParentRunner.access$100(ParentRunner.java:66)
	at org.junit.runners.ParentRunner$2.evaluate(ParentRunner.java:293)
	at org.junit.runners.ParentRunner$3.evaluate(ParentRunner.java:306)
	at org.junit.runners.ParentRunner.run(ParentRunner.java:413)
	at io.cucumber.junit.Cucumber.runChild(Cucumber.java:185)
	at io.cucumber.junit.Cucumber.runChild(Cucumber.java:83)
	at org.junit.runners.ParentRunner$4.run(ParentRunner.java:331)
	at org.junit.runners.ParentRunner$1.schedule(ParentRunner.java:79)
	at org.junit.runners.ParentRunner.runChildren(ParentRunner.java:329)
	at org.junit.runners.ParentRunner.access$100(ParentRunner.java:66)
	at org.junit.runners.ParentRunner$2.evaluate(ParentRunner.java:293)
	at io.cucumber.junit.Cucumber$RunCucumber.evaluate(Cucumber.java:219)
	at org.junit.runners.ParentRunner$3.evaluate(ParentRunner.java:306)
	at org.junit.runners.ParentRunner.run(ParentRunner.java:413)
	at org.eclipse.jdt.internal.junit4.runner.JUnit4TestReference.run(JUnit4TestReference.java:93)
	at org.eclipse.jdt.internal.junit.runner.TestExecution.run(TestExecution.java:40)
	at org.eclipse.jdt.internal.junit.runner.RemoteTestRunner.runTests(RemoteTestRunner.java:529)
	at org.eclipse.jdt.internal.junit.runner.RemoteTestRunner.runTests(RemoteTestRunner.java:756)
	at org.eclipse.jdt.internal.junit.runner.RemoteTestRunner.run(RemoteTestRunner.java:452)
	at org.eclipse.jdt.internal.junit.runner.RemoteTestRunner.main(RemoteTestRunner.java:210)
]]></failure>
    </testcase>
    <testcase classname="User page validation" name="Validate data table headers in the User Page 4" time="17.336">
        <failure message="Step [Admin Should see the data table with headers Id, Name, location, Phone Number, Edit\/Delete] is defined with 1 parameters at 'com.stepDefinition.User_SD.admin_Should_see_the_data_table_with_headers_Id_Name_location_Phone_Number_Edit_Delete(io.cucumber.datatable.DataTable)'.&#10;However, the gherkin step has 0 arguments.&#10;Step text: Admin Should see the data table with headers Id, Name, location, Phone Number, Edit/Delete" type="io.cucumber.core.exception.CucumberException"><![CDATA[Given Admin is on dashboard page after Login................................passed
When Admin clicks User from navigation bar..................................passed
Then Admin Should see the data table with headers Id, Name, location, Phone Number, Edit/Delete.failed

StackTrace:
io.cucumber.core.exception.CucumberException: Step [Admin Should see the data table with headers Id, Name, location, Phone Number, Edit\/Delete] is defined with 1 parameters at 'com.stepDefinition.User_SD.admin_Should_see_the_data_table_with_headers_Id_Name_location_Phone_Number_Edit_Delete(io.cucumber.datatable.DataTable)'.
However, the gherkin step has 0 arguments.
Step text: Admin Should see the data table with headers Id, Name, location, Phone Number, Edit/Delete
	at io.cucumber.core.runner.PickleStepDefinitionMatch.arityMismatch(PickleStepDefinitionMatch.java:135)
	at io.cucumber.core.runner.PickleStepDefinitionMatch.runStep(PickleStepDefinitionMatch.java:42)
	at io.cucumber.core.runner.TestStep.executeStep(TestStep.java:64)
	at io.cucumber.core.runner.TestStep.run(TestStep.java:49)
	at io.cucumber.core.runner.PickleStepTestStep.run(PickleStepTestStep.java:46)
	at io.cucumber.core.runner.TestCase.run(TestCase.java:51)
	at io.cucumber.core.runner.Runner.runPickle(Runner.java:66)
	at io.cucumber.junit.PickleRunners$NoStepDescriptions.run(PickleRunners.java:149)
	at io.cucumber.junit.FeatureRunner.runChild(FeatureRunner.java:83)
	at io.cucumber.junit.FeatureRunner.runChild(FeatureRunner.java:24)
	at org.junit.runners.ParentRunner$4.run(ParentRunner.java:331)
	at org.junit.runners.ParentRunner$1.schedule(ParentRunner.java:79)
	at org.junit.runners.ParentRunner.runChildren(ParentRunner.java:329)
	at org.junit.runners.ParentRunner.access$100(ParentRunner.java:66)
	at org.junit.runners.ParentRunner$2.evaluate(ParentRunner.java:293)
	at org.junit.runners.ParentRunner$3.evaluate(ParentRunner.java:306)
	at org.junit.runners.ParentRunner.run(ParentRunner.java:413)
	at io.cucumber.junit.Cucumber.runChild(Cucumber.java:185)
	at io.cucumber.junit.Cucumber.runChild(Cucumber.java:83)
	at org.junit.runners.ParentRunner$4.run(ParentRunner.java:331)
	at org.junit.runners.ParentRunner$1.schedule(ParentRunner.java:79)
	at org.junit.runners.ParentRunner.runChildren(ParentRunner.java:329)
	at org.junit.runners.ParentRunner.access$100(ParentRunner.java:66)
	at org.junit.runners.ParentRunner$2.evaluate(ParentRunner.java:293)
	at io.cucumber.junit.Cucumber$RunCucumber.evaluate(Cucumber.java:219)
	at org.junit.runners.ParentRunner$3.evaluate(ParentRunner.java:306)
	at org.junit.runners.ParentRunner.run(ParentRunner.java:413)
	at org.eclipse.jdt.internal.junit4.runner.JUnit4TestReference.run(JUnit4TestReference.java:93)
	at org.eclipse.jdt.internal.junit.runner.TestExecution.run(TestExecution.java:40)
	at org.eclipse.jdt.internal.junit.runner.RemoteTestRunner.runTests(RemoteTestRunner.java:529)
	at org.eclipse.jdt.internal.junit.runner.RemoteTestRunner.runTests(RemoteTestRunner.java:756)
	at org.eclipse.jdt.internal.junit.runner.RemoteTestRunner.run(RemoteTestRunner.java:452)
	at org.eclipse.jdt.internal.junit.runner.RemoteTestRunner.main(RemoteTestRunner.java:210)
]]></failure>
    </testcase>
    <testcase classname="User page validation" name="Validate data table headers in the User Page 5" time="17.049">
        <failure message="Step [Admin Should see the data table with headers Id, Name, location, Phone Number, Edit\/Delete] is defined with 1 parameters at 'com.stepDefinition.User_SD.admin_Should_see_the_data_table_with_headers_Id_Name_location_Phone_Number_Edit_Delete(io.cucumber.datatable.DataTable)'.&#10;However, the gherkin step has 0 arguments.&#10;Step text: Admin Should see the data table with headers Id, Name, location, Phone Number, Edit/Delete" type="io.cucumber.core.exception.CucumberException"><![CDATA[Given Admin is on dashboard page after Login................................passed
When Admin clicks User from navigation bar..................................passed
Then Admin Should see the data table with headers Id, Name, location, Phone Number, Edit/Delete.failed

StackTrace:
io.cucumber.core.exception.CucumberException: Step [Admin Should see the data table with headers Id, Name, location, Phone Number, Edit\/Delete] is defined with 1 parameters at 'com.stepDefinition.User_SD.admin_Should_see_the_data_table_with_headers_Id_Name_location_Phone_Number_Edit_Delete(io.cucumber.datatable.DataTable)'.
However, the gherkin step has 0 arguments.
Step text: Admin Should see the data table with headers Id, Name, location, Phone Number, Edit/Delete
	at io.cucumber.core.runner.PickleStepDefinitionMatch.arityMismatch(PickleStepDefinitionMatch.java:135)
	at io.cucumber.core.runner.PickleStepDefinitionMatch.runStep(PickleStepDefinitionMatch.java:42)
	at io.cucumber.core.runner.TestStep.executeStep(TestStep.java:64)
	at io.cucumber.core.runner.TestStep.run(TestStep.java:49)
	at io.cucumber.core.runner.PickleStepTestStep.run(PickleStepTestStep.java:46)
	at io.cucumber.core.runner.TestCase.run(TestCase.java:51)
	at io.cucumber.core.runner.Runner.runPickle(Runner.java:66)
	at io.cucumber.junit.PickleRunners$NoStepDescriptions.run(PickleRunners.java:149)
	at io.cucumber.junit.FeatureRunner.runChild(FeatureRunner.java:83)
	at io.cucumber.junit.FeatureRunner.runChild(FeatureRunner.java:24)
	at org.junit.runners.ParentRunner$4.run(ParentRunner.java:331)
	at org.junit.runners.ParentRunner$1.schedule(ParentRunner.java:79)
	at org.junit.runners.ParentRunner.runChildren(ParentRunner.java:329)
	at org.junit.runners.ParentRunner.access$100(ParentRunner.java:66)
	at org.junit.runners.ParentRunner$2.evaluate(ParentRunner.java:293)
	at org.junit.runners.ParentRunner$3.evaluate(ParentRunner.java:306)
	at org.junit.runners.ParentRunner.run(ParentRunner.java:413)
	at io.cucumber.junit.Cucumber.runChild(Cucumber.java:185)
	at io.cucumber.junit.Cucumber.runChild(Cucumber.java:83)
	at org.junit.runners.ParentRunner$4.run(ParentRunner.java:331)
	at org.junit.runners.ParentRunner$1.schedule(ParentRunner.java:79)
	at org.junit.runners.ParentRunner.runChildren(ParentRunner.java:329)
	at org.junit.runners.ParentRunner.access$100(ParentRunner.java:66)
	at org.junit.runners.ParentRunner$2.evaluate(ParentRunner.java:293)
	at io.cucumber.junit.Cucumber$RunCucumber.evaluate(Cucumber.java:219)
	at org.junit.runners.ParentRunner$3.evaluate(ParentRunner.java:306)
	at org.junit.runners.ParentRunner.run(ParentRunner.java:413)
	at org.eclipse.jdt.internal.junit4.runner.JUnit4TestReference.run(JUnit4TestReference.java:93)
	at org.eclipse.jdt.internal.junit.runner.TestExecution.run(TestExecution.java:40)
	at org.eclipse.jdt.internal.junit.runner.RemoteTestRunner.runTests(RemoteTestRunner.java:529)
	at org.eclipse.jdt.internal.junit.runner.RemoteTestRunner.runTests(RemoteTestRunner.java:756)
	at org.eclipse.jdt.internal.junit.runner.RemoteTestRunner.run(RemoteTestRunner.java:452)
	at org.eclipse.jdt.internal.junit.runner.RemoteTestRunner.main(RemoteTestRunner.java:210)
]]></failure>
    </testcase>
    <testcase classname="User page validation" name="Validate data table headers in the User Page 6" time="17.002">
        <failure message="Step [Admin Should see the data table with headers Id, Name, location, Phone Number, Edit\/Delete] is defined with 1 parameters at 'com.stepDefinition.User_SD.admin_Should_see_the_data_table_with_headers_Id_Name_location_Phone_Number_Edit_Delete(io.cucumber.datatable.DataTable)'.&#10;However, the gherkin step has 0 arguments.&#10;Step text: Admin Should see the data table with headers Id, Name, location, Phone Number, Edit/Delete" type="io.cucumber.core.exception.CucumberException"><![CDATA[Given Admin is on dashboard page after Login................................passed
When Admin clicks User from navigation bar..................................passed
Then Admin Should see the data table with headers Id, Name, location, Phone Number, Edit/Delete.failed

StackTrace:
io.cucumber.core.exception.CucumberException: Step [Admin Should see the data table with headers Id, Name, location, Phone Number, Edit\/Delete] is defined with 1 parameters at 'com.stepDefinition.User_SD.admin_Should_see_the_data_table_with_headers_Id_Name_location_Phone_Number_Edit_Delete(io.cucumber.datatable.DataTable)'.
However, the gherkin step has 0 arguments.
Step text: Admin Should see the data table with headers Id, Name, location, Phone Number, Edit/Delete
	at io.cucumber.core.runner.PickleStepDefinitionMatch.arityMismatch(PickleStepDefinitionMatch.java:135)
	at io.cucumber.core.runner.PickleStepDefinitionMatch.runStep(PickleStepDefinitionMatch.java:42)
	at io.cucumber.core.runner.TestStep.executeStep(TestStep.java:64)
	at io.cucumber.core.runner.TestStep.run(TestStep.java:49)
	at io.cucumber.core.runner.PickleStepTestStep.run(PickleStepTestStep.java:46)
	at io.cucumber.core.runner.TestCase.run(TestCase.java:51)
	at io.cucumber.core.runner.Runner.runPickle(Runner.java:66)
	at io.cucumber.junit.PickleRunners$NoStepDescriptions.run(PickleRunners.java:149)
	at io.cucumber.junit.FeatureRunner.runChild(FeatureRunner.java:83)
	at io.cucumber.junit.FeatureRunner.runChild(FeatureRunner.java:24)
	at org.junit.runners.ParentRunner$4.run(ParentRunner.java:331)
	at org.junit.runners.ParentRunner$1.schedule(ParentRunner.java:79)
	at org.junit.runners.ParentRunner.runChildren(ParentRunner.java:329)
	at org.junit.runners.ParentRunner.access$100(ParentRunner.java:66)
	at org.junit.runners.ParentRunner$2.evaluate(ParentRunner.java:293)
	at org.junit.runners.ParentRunner$3.evaluate(ParentRunner.java:306)
	at org.junit.runners.ParentRunner.run(ParentRunner.java:413)
	at io.cucumber.junit.Cucumber.runChild(Cucumber.java:185)
	at io.cucumber.junit.Cucumber.runChild(Cucumber.java:83)
	at org.junit.runners.ParentRunner$4.run(ParentRunner.java:331)
	at org.junit.runners.ParentRunner$1.schedule(ParentRunner.java:79)
	at org.junit.runners.ParentRunner.runChildren(ParentRunner.java:329)
	at org.junit.runners.ParentRunner.access$100(ParentRunner.java:66)
	at org.junit.runners.ParentRunner$2.evaluate(ParentRunner.java:293)
	at io.cucumber.junit.Cucumber$RunCucumber.evaluate(Cucumber.java:219)
	at org.junit.runners.ParentRunner$3.evaluate(ParentRunner.java:306)
	at org.junit.runners.ParentRunner.run(ParentRunner.java:413)
	at org.eclipse.jdt.internal.junit4.runner.JUnit4TestReference.run(JUnit4TestReference.java:93)
	at org.eclipse.jdt.internal.junit.runner.TestExecution.run(TestExecution.java:40)
	at org.eclipse.jdt.internal.junit.runner.RemoteTestRunner.runTests(RemoteTestRunner.java:529)
	at org.eclipse.jdt.internal.junit.runner.RemoteTestRunner.runTests(RemoteTestRunner.java:756)
	at org.eclipse.jdt.internal.junit.runner.RemoteTestRunner.run(RemoteTestRunner.java:452)
	at org.eclipse.jdt.internal.junit.runner.RemoteTestRunner.main(RemoteTestRunner.java:210)
]]></failure>
    </testcase>
    <testcase classname="User page validation" name="Validate Delete button in User Page" time="22.103">
        <system-out><![CDATA[Given Admin is on dashboard page after Login................................passed
When Admin clicks User from navigation bar..................................passed
Then Admin should be able to see the "Delete" icon button that is disabled..passed
]]></system-out>
    </testcase>
    <testcase classname="User page validation" name="Validate &quot;+ A New user&quot; button in User Page" time="22.691">
        <system-out><![CDATA[Given Admin is on dashboard page after Login................................passed
When Admin clicks User from navigation bar..................................passed
Then Admin should be able to see the "+ A New User" button..................passed
]]></system-out>
    </testcase>
    <testcase classname="User page validation" name="Validate &quot;+ Assign staff&quot;  button in User page" time="22.213">
        <system-out><![CDATA[Given Admin is on dashboard page after Login................................passed
When Admin clicks User from navigation bar..................................passed
Then Admin should be able to see the "+ Assign staff" button................passed
]]></system-out>
    </testcase>
    <testcase classname="User page validation" name="Validate search box in User page" time="22.272">
        <failure message="no such element: Unable to locate element: {&quot;method&quot;:&quot;css selector&quot;,&quot;selector&quot;:&quot;#search_query_top&quot;}&#10;  (Session info: chrome=116.0.5845.189)&#10;For documentation on this error, please visit: https://www.selenium.dev/documentation/webdriver/troubleshooting/errors#no-such-element-exception&#10;Build info: version: '4.11.0', revision: '040bc5406b'&#10;System info: os.name: 'Windows 11', os.arch: 'amd64', os.version: '10.0', java.version: '19'&#10;Driver info: org.openqa.selenium.chrome.ChromeDriver&#10;Command: [d1d85e35590886d27a8a8326d80850fb, findElement {using=id, value=search_query_top}]&#10;Capabilities {acceptInsecureCerts: false, browserName: chrome, browserVersion: 116.0.5845.189, chrome: {chromedriverVersion: 116.0.5845.96 (1a3918166880..., userDataDir: C:\Users\joshi\AppData\Loca...}, fedcm:accounts: true, goog:chromeOptions: {debuggerAddress: localhost:63320}, networkConnectionEnabled: false, pageLoadStrategy: normal, platformName: windows, proxy: Proxy(), se:cdp: ws://localhost:63320/devtoo..., se:cdpVersion: 116.0.5845.189, setWindowRect: true, strictFileInteractability: false, timeouts: {implicit: 0, pageLoad: 300000, script: 30000}, unhandledPromptBehavior: dismiss and notify, webauthn:extension:credBlob: true, webauthn:extension:largeBlob: true, webauthn:extension:minPinLength: true, webauthn:extension:prf: true, webauthn:virtualAuthenticators: true}&#10;Session ID: d1d85e35590886d27a8a8326d80850fb" type="org.openqa.selenium.NoSuchElementException"><![CDATA[Given Admin is on dashboard page after Login................................passed
When Admin clicks User from navigation bar..................................passed
Then Admin should be able to see the search text box........................failed

StackTrace:
org.openqa.selenium.NoSuchElementException: no such element: Unable to locate element: {"method":"css selector","selector":"#search_query_top"}
  (Session info: chrome=116.0.5845.189)
For documentation on this error, please visit: https://www.selenium.dev/documentation/webdriver/troubleshooting/errors#no-such-element-exception
Build info: version: '4.11.0', revision: '040bc5406b'
System info: os.name: 'Windows 11', os.arch: 'amd64', os.version: '10.0', java.version: '19'
Driver info: org.openqa.selenium.chrome.ChromeDriver
Command: [d1d85e35590886d27a8a8326d80850fb, findElement {using=id, value=search_query_top}]
Capabilities {acceptInsecureCerts: false, browserName: chrome, browserVersion: 116.0.5845.189, chrome: {chromedriverVersion: 116.0.5845.96 (1a3918166880..., userDataDir: C:\Users\joshi\AppData\Loca...}, fedcm:accounts: true, goog:chromeOptions: {debuggerAddress: localhost:63320}, networkConnectionEnabled: false, pageLoadStrategy: normal, platformName: windows, proxy: Proxy(), se:cdp: ws://localhost:63320/devtoo..., se:cdpVersion: 116.0.5845.189, setWindowRect: true, strictFileInteractability: false, timeouts: {implicit: 0, pageLoad: 300000, script: 30000}, unhandledPromptBehavior: dismiss and notify, webauthn:extension:credBlob: true, webauthn:extension:largeBlob: true, webauthn:extension:minPinLength: true, webauthn:extension:prf: true, webauthn:virtualAuthenticators: true}
Session ID: d1d85e35590886d27a8a8326d80850fb
	at java.base/jdk.internal.reflect.DirectConstructorHandleAccessor.newInstance(DirectConstructorHandleAccessor.java:67)
	at java.base/java.lang.reflect.Constructor.newInstanceWithCaller(Constructor.java:500)
	at java.base/java.lang.reflect.Constructor.newInstance(Constructor.java:484)
	at org.openqa.selenium.remote.codec.w3c.W3CHttpResponseCodec.createException(W3CHttpResponseCodec.java:200)
	at org.openqa.selenium.remote.codec.w3c.W3CHttpResponseCodec.decode(W3CHttpResponseCodec.java:133)
	at org.openqa.selenium.remote.codec.w3c.W3CHttpResponseCodec.decode(W3CHttpResponseCodec.java:52)
	at org.openqa.selenium.remote.HttpCommandExecutor.execute(HttpCommandExecutor.java:191)
	at org.openqa.selenium.remote.service.DriverCommandExecutor.invokeExecute(DriverCommandExecutor.java:196)
	at org.openqa.selenium.remote.service.DriverCommandExecutor.execute(DriverCommandExecutor.java:171)
	at org.openqa.selenium.remote.RemoteWebDriver.execute(RemoteWebDriver.java:518)
	at org.openqa.selenium.remote.ElementLocation$ElementFinder$2.findElement(ElementLocation.java:165)
	at org.openqa.selenium.remote.ElementLocation.findElement(ElementLocation.java:59)
	at org.openqa.selenium.remote.RemoteWebDriver.findElement(RemoteWebDriver.java:355)
	at org.openqa.selenium.remote.RemoteWebDriver.findElement(RemoteWebDriver.java:349)
	at org.openqa.selenium.support.pagefactory.DefaultElementLocator.findElement(DefaultElementLocator.java:68)
	at org.openqa.selenium.support.pagefactory.internal.LocatingElementHandler.invoke(LocatingElementHandler.java:38)
	at jdk.proxy2/jdk.proxy2.$Proxy37.isDisplayed(Unknown Source)
	at com.pageObject.User_Manage_Obj.searchBox(User_Manage_Obj.java:63)
	at com.stepDefinition.User_SD.admin_should_be_able_to_see_the_search_text_box(User_SD.java:94)
	at âœ½.Admin should be able to see the search text box(file:///C:/Users/joshi/eclipse-workspace/Game_of_Cucumber_Team04/src/test/resources/features/User_Module/User_Page_Validation.feature:38)
]]></failure>
    </testcase>
    <testcase classname="User page validation" name="Validate data rows" time="17.645">
        <system-out><![CDATA[Given Admin is on dashboard page after Login................................passed
When Admin clicks User from navigation bar..................................passed
Then Each row in the data table should have a checkbox......................passed
]]></system-out>
    </testcase>
    <testcase classname="User page validation" name="Validate data rows 2" time="21.969">
        <system-out><![CDATA[Given Admin is on dashboard page after Login................................passed
When Admin clicks User from navigation bar..................................passed
Then Each row in the data table should have a edit icon that is enabled.....passed
]]></system-out>
    </testcase>
    <testcase classname="User page validation" name="Validate data rows 3" time="22.108">
        <system-out><![CDATA[Given Admin is on dashboard page after Login................................passed
When Admin clicks User from navigation bar..................................passed
Then Each row in the data table should have a delete icon that is enabled...passed
]]></system-out>
    </testcase>
    <testcase classname="User page validation" name="Validate pop up for adding user" time="57.326">
        <system-out><![CDATA[Given Admin is on dashboard page after Login................................passed
When Admin clicks User from navigation bar..................................passed
When Admin clicks "+ A New User" button.....................................passed
Then A new pop up with User details appears.................................passed
]]></system-out>
    </testcase>
</testsuite>
