<?xml version="1.0" encoding="UTF-8" standalone="no"?>
<testsuite errors="0" failures="22" name="io.cucumber.core.plugin.JUnitFormatter" skipped="80" tests="102" time="6.485">
    <testcase classname="Add new assignment" name="Validate admin able to add new assignment with valid data in mandatory fields" time="1.48">
        <skipped><![CDATA[Given Admin is in  assignment details popup window..........................undefined
When Admin enters values in all fields with valid data and clicks save button.undefined
Then Admin should see new assignment details is added in the data table.....undefined
]]></skipped>
    </testcase>
    <testcase classname="Add new assignment" name="Validate admin able to add new assignment with valid data in mandatory fields 2" time="0.032">
        <skipped><![CDATA[Given Admin is in  assignment details popup window..........................undefined
When Admin enters values in all fields with valid data and clicks save button.undefined
Then Admin should see new assignment details is added in the data table.....undefined
]]></skipped>
    </testcase>
    <testcase classname="Add new assignment" name="Validate admin able to add new assignment with valid data in mandatory fields 3" time="0.016">
        <skipped><![CDATA[Given Admin is in  assignment details popup window..........................undefined
When Admin enters values in all fields with valid data and clicks save button.undefined
Then Admin should see new assignment details is added in the data table.....undefined
]]></skipped>
    </testcase>
    <testcase classname="Add new assignment" name="Validate admin able to add new assignment with valid data in mandatory fields 4" time="0.035">
        <skipped><![CDATA[Given Admin is in  assignment details popup window..........................undefined
When Admin enters values in all fields with valid data and clicks save button.undefined
Then Admin should see new assignment details is added in the data table.....undefined
]]></skipped>
    </testcase>
    <testcase classname="Add new assignment" name="Validate admin able to add new assignment with valid data in mandatory fields 5" time="0.022">
        <skipped><![CDATA[Given Admin is in  assignment details popup window..........................undefined
When Admin enters values in all fields with valid data and clicks save button.undefined
Then Admin should see new assignment details is added in the data table.....undefined
]]></skipped>
    </testcase>
    <testcase classname="Add new assignment" name="Validate admin able to add new assignment with valid data in mandatory fields 6" time="0.018">
        <skipped><![CDATA[Given Admin is in  assignment details popup window..........................undefined
When Admin enters values in all fields with valid data and clicks save button.undefined
Then Admin should see new assignment details is added in the data table.....undefined
]]></skipped>
    </testcase>
    <testcase classname="Add new assignment" name="Validate admin able to add new assignment with valid data in mandatory fields 7" time="0.031">
        <skipped><![CDATA[Given Admin is in  assignment details popup window..........................undefined
When Admin enters values in all fields with valid data and clicks save button.undefined
Then Admin should see new assignment details is added in the data table.....undefined
]]></skipped>
    </testcase>
    <testcase classname="Add new assignment" name="Validate admin able to add new assignment with valid data in mandatory fields 8" time="0.024">
        <skipped><![CDATA[Given Admin is in  assignment details popup window..........................undefined
When Admin enters values in all fields with valid data and clicks save button.undefined
Then Admin should see new assignment details is added in the data table.....undefined
]]></skipped>
    </testcase>
    <testcase classname="Add new assignment" name="Validate admin able to add new assignment with valid data in mandatory fields 9" time="0.028">
        <skipped><![CDATA[Given Admin is in  assignment details popup window..........................undefined
When Admin enters values in all fields with valid data and clicks save button.undefined
Then Admin should see new assignment details is added in the data table.....undefined
]]></skipped>
    </testcase>
    <testcase classname="Add new assignment" name="Validate admin able to add new assignment with valid data in mandatory fields 10" time="0.021">
        <skipped><![CDATA[Given Admin is in  assignment details popup window..........................undefined
When Admin enters values in all fields with valid data and clicks save button.undefined
Then Admin should see new assignment details is added in the data table.....undefined
]]></skipped>
    </testcase>
    <testcase classname="Add new assignment" name="Validate admin able to add new assignment with valid data in mandatory fields 11" time="0.019">
        <skipped><![CDATA[Given Admin is in  assignment details popup window..........................undefined
When Admin enters values in all fields with valid data and clicks save button.undefined
Then Admin should see new assignment details is added in the data table.....undefined
]]></skipped>
    </testcase>
    <testcase classname="Add new assignment" name="Validate admin able to add new assignment with invalid data in mandatory fields" time="0.05">
        <skipped><![CDATA[Given Admin is in  assignment details popup window..........................undefined
When Admin enters with invalid data in optional fields and clicks save button.undefined
Then Error message should appear in alert...................................undefined
]]></skipped>
    </testcase>
    <testcase classname="Add new assignment" name="Validate admin able to add new assignment with invalid data in mandatory fields 2" time="0.014">
        <skipped><![CDATA[Given Admin is in  assignment details popup window..........................undefined
When Admin enters with invalid data in optional fields and clicks save button.undefined
Then Error message should appear in alert...................................undefined
]]></skipped>
    </testcase>
    <testcase classname="Add new assignment" name="Validate admin able to add new assignment with invalid data in mandatory fields 3" time="0.011">
        <skipped><![CDATA[Given Admin is in  assignment details popup window..........................undefined
When Admin enters with invalid data in optional fields and clicks save button.undefined
Then Error message should appear in alert...................................undefined
]]></skipped>
    </testcase>
    <testcase classname="Add new assignment" name="Validate admin able to add new assignment with invalid data in mandatory fields 4" time="0.019">
        <skipped><![CDATA[Given Admin is in  assignment details popup window..........................undefined
When Admin enters with invalid data in optional fields and clicks save button.undefined
Then Error message should appear in alert...................................undefined
]]></skipped>
    </testcase>
    <testcase classname="Add new assignment" name="Validate admin able to add new assignment with valid data  in all fields" time="0.023">
        <skipped><![CDATA[Given Admin is in  assignment details popup window..........................undefined
When Admin enters  data missing value in program name and clicks save button.undefined
Then Program Name is missing................................................undefined
]]></skipped>
    </testcase>
    <testcase classname="Add new assignment" name="Validate admin able to add new assignment with valid data  in all fields 2" time="0.024">
        <skipped><![CDATA[Given Admin is in  assignment details popup window..........................undefined
When Admin enters  data missing value in program name and clicks save button.undefined
Then Program Name is missing................................................undefined
]]></skipped>
    </testcase>
    <testcase classname="Add new assignment" name="Validate admin able to add new assignment with valid data  in all fields 3" time="0.009">
        <skipped><![CDATA[Given Admin is in  assignment details popup window..........................undefined
When Admin enters  data missing value in program name and clicks save button.undefined
Then Program Name is missing................................................undefined
]]></skipped>
    </testcase>
    <testcase classname="Add new assignment" name="Validate admin able to add new assignment with valid data  in all fields 4" time="0.029">
        <skipped><![CDATA[Given Admin is in  assignment details popup window..........................undefined
When Admin enters  data missing value in program name and clicks save button.undefined
Then Program Name is missing................................................undefined
]]></skipped>
    </testcase>
    <testcase classname="Add new assignment" name="Validate admin able to add new assignment with valid data  in all fields 5" time="0.014">
        <skipped><![CDATA[Given Admin is in  assignment details popup window..........................undefined
When Admin enters  data missing value in program name and clicks save button.undefined
Then Program Name is missing................................................undefined
]]></skipped>
    </testcase>
    <testcase classname="Add new assignment" name="Validate admin able to add new assignment with valid data  in all fields 6" time="0.011">
        <skipped><![CDATA[Given Admin is in  assignment details popup window..........................undefined
When Admin enters  data missing value in program name and clicks save button.undefined
Then Program Name is missing................................................undefined
]]></skipped>
    </testcase>
    <testcase classname="Add new assignment" name="Validate admin able to add new assignment with valid data  in all fields 7" time="0.016">
        <skipped><![CDATA[Given Admin is in  assignment details popup window..........................undefined
When Admin enters  data missing value in program name and clicks save button.undefined
Then Program Name is missing................................................undefined
]]></skipped>
    </testcase>
    <testcase classname="Add new assignment" name="Validate admin able to add new assignment with valid data  in all fields 8" time="0.028">
        <skipped><![CDATA[Given Admin is in  assignment details popup window..........................undefined
When Admin enters  data missing value in program name and clicks save button.undefined
Then Program Name is missing................................................undefined
]]></skipped>
    </testcase>
    <testcase classname="Add new assignment" name="Validate admin able to add new assignment with valid data  in all fields 9" time="0.021">
        <skipped><![CDATA[Given Admin is in  assignment details popup window..........................undefined
When Admin enters  data missing value in program name and clicks save button.undefined
Then Program Name is missing................................................undefined
]]></skipped>
    </testcase>
    <testcase classname="Add new assignment" name="Validate admin able to add new assignment with valid data  in all fields 10" time="0.017">
        <skipped><![CDATA[Given Admin is in  assignment details popup window..........................undefined
When Admin enters  data missing value in program name and clicks save button.undefined
Then Program Name is missing................................................undefined
]]></skipped>
    </testcase>
    <testcase classname="Add new assignment" name="Validate admin able to add new assignment with invalid data  in optional fields" time="0.021">
        <skipped><![CDATA[Given Admin is in  assignment details popup window..........................undefined
When Admin enters  data missing value in Batch number and clicks save button.undefined
Then Batch number is missing................................................undefined
]]></skipped>
    </testcase>
    <testcase classname="Add new assignment" name="Validate admin able to add new assignment with invalid data  in optional fields 2" time="0.01">
        <skipped><![CDATA[Given Admin is in  assignment details popup window..........................undefined
When Admin enters  data missing value in Batch number and clicks save button.undefined
Then Batch number is missing................................................undefined
]]></skipped>
    </testcase>
    <testcase classname="Add new assignment" name="Validate admin able to add new assignment with invalid data  in optional fields 3" time="0.021">
        <skipped><![CDATA[Given Admin is in  assignment details popup window..........................undefined
When Admin enters  data missing value in Batch number and clicks save button.undefined
Then Batch number is missing................................................undefined
]]></skipped>
    </testcase>
    <testcase classname="Add new assignment" name="Validate admin able to add new assignment with invalid data  in optional fields 4" time="0.023">
        <skipped><![CDATA[Given Admin is in  assignment details popup window..........................undefined
When Admin enters  data missing value in Batch number and clicks save button.undefined
Then Batch number is missing................................................undefined
]]></skipped>
    </testcase>
    <testcase classname="Add new assignment" name="Validate admin able to add new assignment with invalid data  in optional fields 5" time="0.015">
        <skipped><![CDATA[Given Admin is in  assignment details popup window..........................undefined
When Admin enters  data missing value in Batch number and clicks save button.undefined
Then Batch number is missing................................................undefined
]]></skipped>
    </testcase>
    <testcase classname="Add new assignment" name="Validate admin able to add new assignment with invalid data  in optional fields 6" time="0.007">
        <skipped><![CDATA[Given Admin is in  assignment details popup window..........................undefined
When Admin enters  data missing value in Batch number and clicks save button.undefined
Then Batch number is missing................................................undefined
]]></skipped>
    </testcase>
    <testcase classname="Add new assignment" name="Validate admin able to add new assignment with invalid data  in optional fields 7" time="0.011">
        <skipped><![CDATA[Given Admin is in  assignment details popup window..........................undefined
When Admin enters  data missing value in Batch number and clicks save button.undefined
Then Batch number is missing................................................undefined
]]></skipped>
    </testcase>
    <testcase classname="Add new assignment" name="Validate admin able to add new assignment with invalid data  in optional fields 8" time="0.016">
        <skipped><![CDATA[Given Admin is in  assignment details popup window..........................undefined
When Admin enters  data missing value in Batch number and clicks save button.undefined
Then Batch number is missing................................................undefined
]]></skipped>
    </testcase>
    <testcase classname="Add new assignment" name="Validate admin able to add new assignment with invalid data  in optional fields 9" time="0.012">
        <skipped><![CDATA[Given Admin is in  assignment details popup window..........................undefined
When Admin enters  data missing value in Batch number and clicks save button.undefined
Then Batch number is missing................................................undefined
]]></skipped>
    </testcase>
    <testcase classname="Add new assignment" name="Validate admin able to add new assignment with invalid data  in optional fields 10" time="0.02">
        <skipped><![CDATA[Given Admin is in  assignment details popup window..........................undefined
When Admin enters  data missing value in Batch number and clicks save button.undefined
Then Batch number is missing................................................undefined
]]></skipped>
    </testcase>
    <testcase classname="Add new assignment" name="Validate admin able to add new assignment missing program nam" time="0.019">
        <skipped><![CDATA[Given Admin is in  assignment details popup window..........................undefined
When Admin enters data missing value in Assignment name and clicks save button.undefined
Then Assignment name is missing.............................................undefined
]]></skipped>
    </testcase>
    <testcase classname="Add new assignment" name="Validate admin able to add new assignment missing program nam 2" time="0.014">
        <skipped><![CDATA[Given Admin is in  assignment details popup window..........................undefined
When Admin enters data missing value in Assignment name and clicks save button.undefined
Then Assignment name is missing.............................................undefined
]]></skipped>
    </testcase>
    <testcase classname="Add new assignment" name="Validate admin able to add new assignment missing program nam 3" time="0.017">
        <skipped><![CDATA[Given Admin is in  assignment details popup window..........................undefined
When Admin enters data missing value in Assignment name and clicks save button.undefined
Then Assignment name is missing.............................................undefined
]]></skipped>
    </testcase>
    <testcase classname="Add new assignment" name="Validate admin able to add new assignment missing program nam 4" time="0.01">
        <skipped><![CDATA[Given Admin is in  assignment details popup window..........................undefined
When Admin enters data missing value in Assignment name and clicks save button.undefined
Then Assignment name is missing.............................................undefined
]]></skipped>
    </testcase>
    <testcase classname="Add new assignment" name="Validate admin able to add new assignment missing program nam 5" time="0.012">
        <skipped><![CDATA[Given Admin is in  assignment details popup window..........................undefined
When Admin enters data missing value in Assignment name and clicks save button.undefined
Then Assignment name is missing.............................................undefined
]]></skipped>
    </testcase>
    <testcase classname="Add new assignment" name="Validate admin able to add new assignment missing batch number" time="0.023">
        <skipped><![CDATA[Given Admin is in  assignment details popup window..........................undefined
When Admin enters data missing value in Assignment due date and clicks save button.undefined
Then Assignment due date is missing.........................................undefined
]]></skipped>
    </testcase>
    <testcase classname="Add new assignment" name="Validate admin able to add new assignment missing batch number 2" time="0.019">
        <skipped><![CDATA[Given Admin is in  assignment details popup window..........................undefined
When Admin enters data missing value in Assignment due date and clicks save button.undefined
Then Assignment due date is missing.........................................undefined
]]></skipped>
    </testcase>
    <testcase classname="Add new assignment" name="Validate admin able to add new assignment missing batch number 3" time="0.015">
        <skipped><![CDATA[Given Admin is in  assignment details popup window..........................undefined
When Admin enters data missing value in Assignment due date and clicks save button.undefined
Then Assignment due date is missing.........................................undefined
]]></skipped>
    </testcase>
    <testcase classname="Add new assignment" name="Validate admin able to add new assignment missing batch number 4" time="0.007">
        <skipped><![CDATA[Given Admin is in  assignment details popup window..........................undefined
When Admin enters data missing value in Assignment due date and clicks save button.undefined
Then Assignment due date is missing.........................................undefined
]]></skipped>
    </testcase>
    <testcase classname="Add new assignment" name="Validate admin able to add new assignment missing assignment name" time="0.01">
        <skipped><![CDATA[Given Admin is in  assignment details popup window..........................undefined
When Admin enters data missing value in grade by  and clicks save button....undefined
Then Grade by is missing....................................................undefined
]]></skipped>
    </testcase>
    <testcase classname="Add new assignment" name="Validate admin able to add new assignment missing assignment name 2" time="0.01">
        <skipped><![CDATA[Given Admin is in  assignment details popup window..........................undefined
When Admin enters data missing value in grade by  and clicks save button....undefined
Then Grade by is missing....................................................undefined
]]></skipped>
    </testcase>
    <testcase classname="Add new assignment" name="Validate admin able to add new assignment missing assignment name 3" time="0.009">
        <skipped><![CDATA[Given Admin is in  assignment details popup window..........................undefined
When Admin enters data missing value in grade by  and clicks save button....undefined
Then Grade by is missing....................................................undefined
]]></skipped>
    </testcase>
    <testcase classname="Add new assignment" name="Validate admin able to add new assignment missing assignment name 4" time="0.017">
        <skipped><![CDATA[Given Admin is in  assignment details popup window..........................undefined
When Admin enters data missing value in grade by  and clicks save button....undefined
Then Grade by is missing....................................................undefined
]]></skipped>
    </testcase>
    <testcase classname="Add new assignment" name="Validate  admin able to add new assignment passing past date" time="0.015">
        <skipped><![CDATA[Given Admin is in  assignment details popup window..........................undefined
When Admin enters passed date in the due date field and clicks save button..undefined
Then Assignment cannot be created for the passed date.......................undefined
]]></skipped>
    </testcase>
    <testcase classname="Add new assignment" name="Validate  admin able to add new assignment passing past date 2" time="0.02">
        <skipped><![CDATA[Given Admin is in  assignment details popup window..........................undefined
When Admin enters passed date in the due date field and clicks save button..undefined
Then Assignment cannot be created for the passed date.......................undefined
]]></skipped>
    </testcase>
    <testcase classname="Add new assignment" name="Validate  admin able to add new assignment passing past date 3" time="0.019">
        <skipped><![CDATA[Given Admin is in  assignment details popup window..........................undefined
When Admin enters passed date in the due date field and clicks save button..undefined
Then Assignment cannot be created for the passed date.......................undefined
]]></skipped>
    </testcase>
    <testcase classname="Add new assignment" name="Validate  admin able to add new assignment passing past date 4" time="0.02">
        <skipped><![CDATA[Given Admin is in  assignment details popup window..........................undefined
When Admin enters passed date in the due date field and clicks save button..undefined
Then Assignment cannot be created for the passed date.......................undefined
]]></skipped>
    </testcase>
    <testcase classname="Add new assignment" name="Validate  admin able to add new assignment passing past date 5" time="0.014">
        <skipped><![CDATA[Given Admin is in  assignment details popup window..........................undefined
When Admin enters passed date in the due date field and clicks save button..undefined
Then Assignment cannot be created for the passed date.......................undefined
]]></skipped>
    </testcase>
    <testcase classname="Add new assignment" name="Validate date picker" time="0.007">
        <skipped><![CDATA[Given Admin is in  assignment details popup window..........................undefined
When Admin clicks date from date picker.....................................undefined
Then selected date should be their in class date text box...................undefined
]]></skipped>
    </testcase>
    <testcase classname="Add new assignment" name="validate date picker should be correct format" time="0.032">
        <skipped><![CDATA[Given Admin is in  assignment details popup window..........................undefined
When Admin clicks date from date picker.....................................undefined
Then selected date should be in  mm/dd/yyyy format..........................undefined
]]></skipped>
    </testcase>
    <testcase classname="Add new assignment" name="Validate right arrow in data picker to navigate to next month" time="0.063">
        <skipped><![CDATA[Given Admin is in  assignment details popup window..........................undefined
When Admin clicks right arrow in the date picker near month.................undefined
Then Next month calender should visible.....................................undefined
]]></skipped>
    </testcase>
    <testcase classname="Add new assignment" name="Validate left arrow in data picker to navigate to previous month" time="0.014">
        <skipped><![CDATA[Given Admin is in  assignment details popup window..........................undefined
When Admin clicks left arrow in the date picker near month..................undefined
Then previous month calender should visible.................................undefined
]]></skipped>
    </testcase>
    <testcase classname="Add new assignment" name="Validate current date is highlighted in the date picker" time="0.014">
        <skipped><![CDATA[Given Admin is in  assignment details popup window..........................undefined
When Admin clicks date picker button........................................undefined
Then Admin should see current date is highled in the date picker............undefined
]]></skipped>
    </testcase>
    <testcase classname="Add new assignment" name="Validate selected date is highlighted in the date picker" time="0.015">
        <skipped><![CDATA[Given Admin is in  assignment details popup window..........................undefined
When Admin clicks date picker button and selects future date................undefined
Then Admin should see selected date is highled in the date picker...........undefined
]]></skipped>
    </testcase>
    <testcase classname="Add new assignment" name="Validate cancel button function in assignment details popup window" time="0.009">
        <skipped><![CDATA[Given Admin is in  assignment details popup window..........................undefined
When Admin clicks Cancel button without entering values in the fields.......undefined
Then Admin should land on manage assignment page............................undefined
]]></skipped>
    </testcase>
    <testcase classname="Add new assignment" name="Validate cancel button function in assignment details popup window with values in field" time="0.015">
        <skipped><![CDATA[Given Admin is in  assignment details popup window..........................undefined
When Admin clicks Cancel button entering values in the fields...............undefined
Then Admin should land on manage assignment Page and validate new assignment is not created in the data table.undefined
]]></skipped>
    </testcase>
    <testcase classname="Assignment details Feature" name="Verify Assignment details popup window" time="0.077">
        <skipped><![CDATA[Given Admin is on "Manage Assignment" Page..................................undefined
When Admin click +Add new assignment button.................................skipped
Then Admin should see a popup  with  heading "Assignment details"...........skipped
]]></skipped>
    </testcase>
    <testcase classname="Assignment details Feature" name="Verify input fields in Assignment details popup window" time="0.015">
        <skipped><![CDATA[Given Admin is on "Manage Assignment" Page..................................undefined
When Admin click +Add new assignment button.................................skipped
Then Admin should see input fields Text.....................................skipped
]]></skipped>
    </testcase>
    <testcase classname="Assignment details Feature" name="Verify input fields in Assignment details popup window 2" time="0.038">
        <skipped><![CDATA[Given Admin is on "Manage Assignment" Page..................................undefined
When Admin click +Add new assignment button.................................skipped
Then Admin should see input fields Text.....................................skipped
]]></skipped>
    </testcase>
    <testcase classname="Assignment details Feature" name="Verify input fields in Assignment details popup window 3" time="0.006">
        <skipped><![CDATA[Given Admin is on "Manage Assignment" Page..................................undefined
When Admin click +Add new assignment button.................................skipped
Then Admin should see input fields Text.....................................skipped
]]></skipped>
    </testcase>
    <testcase classname="Assignment details Feature" name="Verify input fields in Assignment details popup window 4" time="0.01">
        <skipped><![CDATA[Given Admin is on "Manage Assignment" Page..................................undefined
When Admin click +Add new assignment button.................................skipped
Then Admin should see input fields Text.....................................skipped
]]></skipped>
    </testcase>
    <testcase classname="Assignment details Feature" name="Verify input fields in Assignment details popup window 5" time="0.013">
        <skipped><![CDATA[Given Admin is on "Manage Assignment" Page..................................undefined
When Admin click +Add new assignment button.................................skipped
Then Admin should see input fields Text.....................................skipped
]]></skipped>
    </testcase>
    <testcase classname="Assignment details Feature" name="Verify input fields in Assignment details popup window 6" time="0.01">
        <skipped><![CDATA[Given Admin is on "Manage Assignment" Page..................................undefined
When Admin click +Add new assignment button.................................skipped
Then Admin should see input fields Text.....................................skipped
]]></skipped>
    </testcase>
    <testcase classname="Assignment details Feature" name="Verify input fields in Assignment details popup window 7" time="0.015">
        <skipped><![CDATA[Given Admin is on "Manage Assignment" Page..................................undefined
When Admin click +Add new assignment button.................................skipped
Then Admin should see input fields Text.....................................skipped
]]></skipped>
    </testcase>
    <testcase classname="Assignment details Feature" name="Verify input fields in Assignment details popup window 8" time="0.008">
        <skipped><![CDATA[Given Admin is on "Manage Assignment" Page..................................undefined
When Admin click +Add new assignment button.................................skipped
Then Admin should see input fields Text.....................................skipped
]]></skipped>
    </testcase>
    <testcase classname="Assignment details Feature" name="Verify input fields in Assignment details popup window 9" time="0.013">
        <skipped><![CDATA[Given Admin is on "Manage Assignment" Page..................................undefined
When Admin click +Add new assignment button.................................skipped
Then Admin should see input fields Text.....................................skipped
]]></skipped>
    </testcase>
    <testcase classname="Assignment details Feature" name="Verify input fields in Assignment details popup window 10" time="0.009">
        <skipped><![CDATA[Given Admin is on "Manage Assignment" Page..................................undefined
When Admin click +Add new assignment button.................................skipped
Then Admin should see input fields Text.....................................skipped
]]></skipped>
    </testcase>
    <testcase classname="Assignment details Feature" name="Verify input fields in Assignment details popup window 11" time="0.007">
        <skipped><![CDATA[Given Admin is on "Manage Assignment" Page..................................undefined
When Admin click +Add new assignment button.................................skipped
Then Admin should see input fields Text.....................................skipped
]]></skipped>
    </testcase>
    <testcase classname="Assignment details Feature" name="Verify text box present in Assignment details popup window" time="0.016">
        <skipped><![CDATA[Given Admin is on "Manage Assignment" Page..................................undefined
When Admin click +Add new assignment button.................................skipped
Then 8 textbox should be  present in Assignment details popup window........skipped
]]></skipped>
    </testcase>
    <testcase classname="Assignment details Feature" name="Verify drop down in Batch Number  in Assignment details popup window" time="0.011">
        <skipped><![CDATA[Given Admin is on "Manage Assignment" Page..................................undefined
When Admin click +Add new assignment button.................................skipped
Then Admin should see  dropdown option for Batch Number.....................skipped
]]></skipped>
    </testcase>
    <testcase classname="Assignment details Feature" name="Verify drop down in Program name  in Assignment details popup window" time="0.012">
        <skipped><![CDATA[Given Admin is on "Manage Assignment" Page..................................undefined
When Admin click +Add new assignment button.................................skipped
Then Admin should see  dropdown option for Program name.....................skipped
]]></skipped>
    </testcase>
    <testcase classname="Assignment details Feature" name="Verify calendar icon in Assignment due date  in Assignment details popup window" time="0.006">
        <skipped><![CDATA[Given Admin is on "Manage Assignment" Page..................................undefined
When Admin click +Add new assignment button.................................skipped
Then Admin should see  calendar icon for assignment due date................skipped
]]></skipped>
    </testcase>
    <testcase classname="Assignment details Feature" name="Verify save button is present" time="0.013">
        <skipped><![CDATA[Given Admin is on "Manage Assignment" Page..................................undefined
When Admin click +Add new assignment button.................................skipped
Then Admin should see  save button in the Assignment detail popup window....skipped
]]></skipped>
    </testcase>
    <testcase classname="Assignment details Feature" name="Verify cancel button is present" time="0.008">
        <skipped><![CDATA[Given Admin is on "Manage Assignment" Page..................................undefined
When Admin click +Add new assignment button.................................skipped
Then Admin should see  cancel button in the Assignment detail popup window..skipped
]]></skipped>
    </testcase>
    <testcase classname="Assignment details Feature" name="Verify close button in  Assignment details popup window" time="0.046">
        <skipped><![CDATA[Given Admin is on "Manage Assignment" Page..................................undefined
When Admin click +Add new assignment button.................................skipped
Then Admin should see  close button on the Assignment details popup window..skipped
]]></skipped>
    </testcase>
    <testcase classname="Assignment feature" name="Verify landing in manage assignment page" time="0.094">
        <failure message="Failed to instantiate class com.stepDefinition.Assignment_Step" type="io.cucumber.core.exception.CucumberException"><![CDATA[Given Logged on the LMS portal as Admin.....................................failed
When Admin clicks "assignment" button on the navigation bar.................skipped
Then Admin should see URL with "Manage assignment"..........................skipped

StackTrace:
io.cucumber.core.exception.CucumberException: Failed to instantiate class com.stepDefinition.Assignment_Step
	at io.cucumber.core.runtime.ObjectFactoryServiceLoader$DefaultJavaObjectFactory.cacheNewInstance(ObjectFactoryServiceLoader.java:135)
	at io.cucumber.core.runtime.ObjectFactoryServiceLoader$DefaultJavaObjectFactory.getInstance(ObjectFactoryServiceLoader.java:121)
	at io.cucumber.java.JavaStepDefinition.execute(JavaStepDefinition.java:27)
	at io.cucumber.core.runner.PickleStepDefinitionMatch.runStep(PickleStepDefinitionMatch.java:63)
	at io.cucumber.core.runner.TestStep.executeStep(TestStep.java:64)
	at io.cucumber.core.runner.TestStep.run(TestStep.java:49)
	at io.cucumber.core.runner.PickleStepTestStep.run(PickleStepTestStep.java:46)
	at io.cucumber.core.runner.TestCase.run(TestCase.java:51)
	at io.cucumber.core.runner.Runner.runPickle(Runner.java:66)
	at io.cucumber.junit.PickleRunners$NoStepDescriptions.run(PickleRunners.java:149)
	at io.cucumber.junit.FeatureRunner.runChild(FeatureRunner.java:83)
	at io.cucumber.junit.FeatureRunner.runChild(FeatureRunner.java:24)
	at org.junit.runners.ParentRunner$4.run(ParentRunner.java:331)
	at org.junit.runners.ParentRunner$1.schedule(ParentRunner.java:79)
	at org.junit.runners.ParentRunner.runChildren(ParentRunner.java:329)
	at org.junit.runners.ParentRunner.access$100(ParentRunner.java:66)
	at org.junit.runners.ParentRunner$2.evaluate(ParentRunner.java:293)
	at org.junit.runners.ParentRunner$3.evaluate(ParentRunner.java:306)
	at org.junit.runners.ParentRunner.run(ParentRunner.java:413)
	at io.cucumber.junit.Cucumber.runChild(Cucumber.java:185)
	at io.cucumber.junit.Cucumber.runChild(Cucumber.java:83)
	at org.junit.runners.ParentRunner$4.run(ParentRunner.java:331)
	at org.junit.runners.ParentRunner$1.schedule(ParentRunner.java:79)
	at org.junit.runners.ParentRunner.runChildren(ParentRunner.java:329)
	at org.junit.runners.ParentRunner.access$100(ParentRunner.java:66)
	at org.junit.runners.ParentRunner$2.evaluate(ParentRunner.java:293)
	at io.cucumber.junit.Cucumber$RunCucumber.evaluate(Cucumber.java:219)
	at org.junit.runners.ParentRunner$3.evaluate(ParentRunner.java:306)
	at org.junit.runners.ParentRunner.run(ParentRunner.java:413)
	at org.eclipse.jdt.internal.junit4.runner.JUnit4TestReference.run(JUnit4TestReference.java:93)
	at org.eclipse.jdt.internal.junit.runner.TestExecution.run(TestExecution.java:40)
	at org.eclipse.jdt.internal.junit.runner.RemoteTestRunner.runTests(RemoteTestRunner.java:529)
	at org.eclipse.jdt.internal.junit.runner.RemoteTestRunner.runTests(RemoteTestRunner.java:756)
	at org.eclipse.jdt.internal.junit.runner.RemoteTestRunner.run(RemoteTestRunner.java:452)
	at org.eclipse.jdt.internal.junit.runner.RemoteTestRunner.main(RemoteTestRunner.java:210)
Caused by: java.lang.reflect.InvocationTargetException
	at java.base/jdk.internal.reflect.DirectConstructorHandleAccessor.newInstance(DirectConstructorHandleAccessor.java:77)
	at java.base/java.lang.reflect.Constructor.newInstanceWithCaller(Constructor.java:500)
	at java.base/java.lang.reflect.Constructor.newInstance(Constructor.java:484)
	at io.cucumber.core.runtime.ObjectFactoryServiceLoader$DefaultJavaObjectFactory.cacheNewInstance(ObjectFactoryServiceLoader.java:129)
	... 34 more
Caused by: java.lang.NullPointerException: Cannot invoke "java.util.Properties.getProperty(String)" because "this.pro" is null
	at com.utility.Readconfig.getApplicationURL(Readconfig.java:24)
	at com.baseClass.BaseClass.<init>(BaseClass.java:16)
	at com.stepDefinition.Assignment_Step.<init>(Assignment_Step.java:19)
	at java.base/jdk.internal.reflect.DirectConstructorHandleAccessor.newInstance(DirectConstructorHandleAccessor.java:67)
	... 37 more
]]></failure>
    </testcase>
    <testcase classname="Assignment feature" name="Capture the response time to navigate to manage assignment page" time="0.034">
        <failure message="Failed to instantiate class com.stepDefinition.Assignment_Step" type="io.cucumber.core.exception.CucumberException"><![CDATA[Given Logged on the LMS portal as Admin.....................................failed
When Admin clicks "assignment" button on the navigation bar.................skipped
Then Get the response time for navigation from dashboard page to manage assignment page.skipped

StackTrace:
io.cucumber.core.exception.CucumberException: Failed to instantiate class com.stepDefinition.Assignment_Step
	at io.cucumber.core.runtime.ObjectFactoryServiceLoader$DefaultJavaObjectFactory.cacheNewInstance(ObjectFactoryServiceLoader.java:135)
	at io.cucumber.core.runtime.ObjectFactoryServiceLoader$DefaultJavaObjectFactory.getInstance(ObjectFactoryServiceLoader.java:121)
	at io.cucumber.java.JavaStepDefinition.execute(JavaStepDefinition.java:27)
	at io.cucumber.core.runner.PickleStepDefinitionMatch.runStep(PickleStepDefinitionMatch.java:63)
	at io.cucumber.core.runner.TestStep.executeStep(TestStep.java:64)
	at io.cucumber.core.runner.TestStep.run(TestStep.java:49)
	at io.cucumber.core.runner.PickleStepTestStep.run(PickleStepTestStep.java:46)
	at io.cucumber.core.runner.TestCase.run(TestCase.java:51)
	at io.cucumber.core.runner.Runner.runPickle(Runner.java:66)
	at io.cucumber.junit.PickleRunners$NoStepDescriptions.run(PickleRunners.java:149)
	at io.cucumber.junit.FeatureRunner.runChild(FeatureRunner.java:83)
	at io.cucumber.junit.FeatureRunner.runChild(FeatureRunner.java:24)
	at org.junit.runners.ParentRunner$4.run(ParentRunner.java:331)
	at org.junit.runners.ParentRunner$1.schedule(ParentRunner.java:79)
	at org.junit.runners.ParentRunner.runChildren(ParentRunner.java:329)
	at org.junit.runners.ParentRunner.access$100(ParentRunner.java:66)
	at org.junit.runners.ParentRunner$2.evaluate(ParentRunner.java:293)
	at org.junit.runners.ParentRunner$3.evaluate(ParentRunner.java:306)
	at org.junit.runners.ParentRunner.run(ParentRunner.java:413)
	at io.cucumber.junit.Cucumber.runChild(Cucumber.java:185)
	at io.cucumber.junit.Cucumber.runChild(Cucumber.java:83)
	at org.junit.runners.ParentRunner$4.run(ParentRunner.java:331)
	at org.junit.runners.ParentRunner$1.schedule(ParentRunner.java:79)
	at org.junit.runners.ParentRunner.runChildren(ParentRunner.java:329)
	at org.junit.runners.ParentRunner.access$100(ParentRunner.java:66)
	at org.junit.runners.ParentRunner$2.evaluate(ParentRunner.java:293)
	at io.cucumber.junit.Cucumber$RunCucumber.evaluate(Cucumber.java:219)
	at org.junit.runners.ParentRunner$3.evaluate(ParentRunner.java:306)
	at org.junit.runners.ParentRunner.run(ParentRunner.java:413)
	at org.eclipse.jdt.internal.junit4.runner.JUnit4TestReference.run(JUnit4TestReference.java:93)
	at org.eclipse.jdt.internal.junit.runner.TestExecution.run(TestExecution.java:40)
	at org.eclipse.jdt.internal.junit.runner.RemoteTestRunner.runTests(RemoteTestRunner.java:529)
	at org.eclipse.jdt.internal.junit.runner.RemoteTestRunner.runTests(RemoteTestRunner.java:756)
	at org.eclipse.jdt.internal.junit.runner.RemoteTestRunner.run(RemoteTestRunner.java:452)
	at org.eclipse.jdt.internal.junit.runner.RemoteTestRunner.main(RemoteTestRunner.java:210)
Caused by: java.lang.reflect.InvocationTargetException
	at java.base/jdk.internal.reflect.DirectConstructorHandleAccessor.newInstance(DirectConstructorHandleAccessor.java:77)
	at java.base/java.lang.reflect.Constructor.newInstanceWithCaller(Constructor.java:500)
	at java.base/java.lang.reflect.Constructor.newInstance(Constructor.java:484)
	at io.cucumber.core.runtime.ObjectFactoryServiceLoader$DefaultJavaObjectFactory.cacheNewInstance(ObjectFactoryServiceLoader.java:129)
	... 34 more
Caused by: java.lang.NullPointerException: Cannot invoke "java.util.Properties.getProperty(String)" because "this.pro" is null
	at com.utility.Readconfig.getApplicationURL(Readconfig.java:24)
	at com.baseClass.BaseClass.<init>(BaseClass.java:16)
	at com.stepDefinition.Assignment_Step.<init>(Assignment_Step.java:19)
	at java.base/jdk.internal.reflect.DirectConstructorHandleAccessor.newInstance(DirectConstructorHandleAccessor.java:67)
	... 37 more
]]></failure>
    </testcase>
    <testcase classname="Assignment feature" name="Verify manage assignment page Header" time="0.01">
        <failure message="Failed to instantiate class com.stepDefinition.Assignment_Step" type="io.cucumber.core.exception.CucumberException"><![CDATA[Given Logged on the LMS portal as Admin.....................................failed
When Admin clicks "assignment" button on the navigation bar.................skipped
Then Admin should see header with "Manage assignment".......................skipped

StackTrace:
io.cucumber.core.exception.CucumberException: Failed to instantiate class com.stepDefinition.Assignment_Step
	at io.cucumber.core.runtime.ObjectFactoryServiceLoader$DefaultJavaObjectFactory.cacheNewInstance(ObjectFactoryServiceLoader.java:135)
	at io.cucumber.core.runtime.ObjectFactoryServiceLoader$DefaultJavaObjectFactory.getInstance(ObjectFactoryServiceLoader.java:121)
	at io.cucumber.java.JavaStepDefinition.execute(JavaStepDefinition.java:27)
	at io.cucumber.core.runner.PickleStepDefinitionMatch.runStep(PickleStepDefinitionMatch.java:63)
	at io.cucumber.core.runner.TestStep.executeStep(TestStep.java:64)
	at io.cucumber.core.runner.TestStep.run(TestStep.java:49)
	at io.cucumber.core.runner.PickleStepTestStep.run(PickleStepTestStep.java:46)
	at io.cucumber.core.runner.TestCase.run(TestCase.java:51)
	at io.cucumber.core.runner.Runner.runPickle(Runner.java:66)
	at io.cucumber.junit.PickleRunners$NoStepDescriptions.run(PickleRunners.java:149)
	at io.cucumber.junit.FeatureRunner.runChild(FeatureRunner.java:83)
	at io.cucumber.junit.FeatureRunner.runChild(FeatureRunner.java:24)
	at org.junit.runners.ParentRunner$4.run(ParentRunner.java:331)
	at org.junit.runners.ParentRunner$1.schedule(ParentRunner.java:79)
	at org.junit.runners.ParentRunner.runChildren(ParentRunner.java:329)
	at org.junit.runners.ParentRunner.access$100(ParentRunner.java:66)
	at org.junit.runners.ParentRunner$2.evaluate(ParentRunner.java:293)
	at org.junit.runners.ParentRunner$3.evaluate(ParentRunner.java:306)
	at org.junit.runners.ParentRunner.run(ParentRunner.java:413)
	at io.cucumber.junit.Cucumber.runChild(Cucumber.java:185)
	at io.cucumber.junit.Cucumber.runChild(Cucumber.java:83)
	at org.junit.runners.ParentRunner$4.run(ParentRunner.java:331)
	at org.junit.runners.ParentRunner$1.schedule(ParentRunner.java:79)
	at org.junit.runners.ParentRunner.runChildren(ParentRunner.java:329)
	at org.junit.runners.ParentRunner.access$100(ParentRunner.java:66)
	at org.junit.runners.ParentRunner$2.evaluate(ParentRunner.java:293)
	at io.cucumber.junit.Cucumber$RunCucumber.evaluate(Cucumber.java:219)
	at org.junit.runners.ParentRunner$3.evaluate(ParentRunner.java:306)
	at org.junit.runners.ParentRunner.run(ParentRunner.java:413)
	at org.eclipse.jdt.internal.junit4.runner.JUnit4TestReference.run(JUnit4TestReference.java:93)
	at org.eclipse.jdt.internal.junit.runner.TestExecution.run(TestExecution.java:40)
	at org.eclipse.jdt.internal.junit.runner.RemoteTestRunner.runTests(RemoteTestRunner.java:529)
	at org.eclipse.jdt.internal.junit.runner.RemoteTestRunner.runTests(RemoteTestRunner.java:756)
	at org.eclipse.jdt.internal.junit.runner.RemoteTestRunner.run(RemoteTestRunner.java:452)
	at org.eclipse.jdt.internal.junit.runner.RemoteTestRunner.main(RemoteTestRunner.java:210)
Caused by: java.lang.reflect.InvocationTargetException
	at java.base/jdk.internal.reflect.DirectConstructorHandleAccessor.newInstance(DirectConstructorHandleAccessor.java:77)
	at java.base/java.lang.reflect.Constructor.newInstanceWithCaller(Constructor.java:500)
	at java.base/java.lang.reflect.Constructor.newInstance(Constructor.java:484)
	at io.cucumber.core.runtime.ObjectFactoryServiceLoader$DefaultJavaObjectFactory.cacheNewInstance(ObjectFactoryServiceLoader.java:129)
	... 34 more
Caused by: java.lang.NullPointerException: Cannot invoke "java.util.Properties.getProperty(String)" because "this.pro" is null
	at com.utility.Readconfig.getApplicationURL(Readconfig.java:24)
	at com.baseClass.BaseClass.<init>(BaseClass.java:16)
	at com.stepDefinition.Assignment_Step.<init>(Assignment_Step.java:19)
	at java.base/jdk.internal.reflect.DirectConstructorHandleAccessor.newInstance(DirectConstructorHandleAccessor.java:67)
	... 37 more
]]></failure>
    </testcase>
    <testcase classname="Assignment feature" name="Validate text in manage assignment page" time="0.018">
        <failure message="Failed to instantiate class com.stepDefinition.Assignment_Step" type="io.cucumber.core.exception.CucumberException"><![CDATA[Given Logged on the LMS portal as Admin.....................................failed
When Admin clicks "assignment" button on the navigation bar.................skipped
Then Admin should see correct spelling for the all the fields...............skipped

StackTrace:
io.cucumber.core.exception.CucumberException: Failed to instantiate class com.stepDefinition.Assignment_Step
	at io.cucumber.core.runtime.ObjectFactoryServiceLoader$DefaultJavaObjectFactory.cacheNewInstance(ObjectFactoryServiceLoader.java:135)
	at io.cucumber.core.runtime.ObjectFactoryServiceLoader$DefaultJavaObjectFactory.getInstance(ObjectFactoryServiceLoader.java:121)
	at io.cucumber.java.JavaStepDefinition.execute(JavaStepDefinition.java:27)
	at io.cucumber.core.runner.PickleStepDefinitionMatch.runStep(PickleStepDefinitionMatch.java:63)
	at io.cucumber.core.runner.TestStep.executeStep(TestStep.java:64)
	at io.cucumber.core.runner.TestStep.run(TestStep.java:49)
	at io.cucumber.core.runner.PickleStepTestStep.run(PickleStepTestStep.java:46)
	at io.cucumber.core.runner.TestCase.run(TestCase.java:51)
	at io.cucumber.core.runner.Runner.runPickle(Runner.java:66)
	at io.cucumber.junit.PickleRunners$NoStepDescriptions.run(PickleRunners.java:149)
	at io.cucumber.junit.FeatureRunner.runChild(FeatureRunner.java:83)
	at io.cucumber.junit.FeatureRunner.runChild(FeatureRunner.java:24)
	at org.junit.runners.ParentRunner$4.run(ParentRunner.java:331)
	at org.junit.runners.ParentRunner$1.schedule(ParentRunner.java:79)
	at org.junit.runners.ParentRunner.runChildren(ParentRunner.java:329)
	at org.junit.runners.ParentRunner.access$100(ParentRunner.java:66)
	at org.junit.runners.ParentRunner$2.evaluate(ParentRunner.java:293)
	at org.junit.runners.ParentRunner$3.evaluate(ParentRunner.java:306)
	at org.junit.runners.ParentRunner.run(ParentRunner.java:413)
	at io.cucumber.junit.Cucumber.runChild(Cucumber.java:185)
	at io.cucumber.junit.Cucumber.runChild(Cucumber.java:83)
	at org.junit.runners.ParentRunner$4.run(ParentRunner.java:331)
	at org.junit.runners.ParentRunner$1.schedule(ParentRunner.java:79)
	at org.junit.runners.ParentRunner.runChildren(ParentRunner.java:329)
	at org.junit.runners.ParentRunner.access$100(ParentRunner.java:66)
	at org.junit.runners.ParentRunner$2.evaluate(ParentRunner.java:293)
	at io.cucumber.junit.Cucumber$RunCucumber.evaluate(Cucumber.java:219)
	at org.junit.runners.ParentRunner$3.evaluate(ParentRunner.java:306)
	at org.junit.runners.ParentRunner.run(ParentRunner.java:413)
	at org.eclipse.jdt.internal.junit4.runner.JUnit4TestReference.run(JUnit4TestReference.java:93)
	at org.eclipse.jdt.internal.junit.runner.TestExecution.run(TestExecution.java:40)
	at org.eclipse.jdt.internal.junit.runner.RemoteTestRunner.runTests(RemoteTestRunner.java:529)
	at org.eclipse.jdt.internal.junit.runner.RemoteTestRunner.runTests(RemoteTestRunner.java:756)
	at org.eclipse.jdt.internal.junit.runner.RemoteTestRunner.run(RemoteTestRunner.java:452)
	at org.eclipse.jdt.internal.junit.runner.RemoteTestRunner.main(RemoteTestRunner.java:210)
Caused by: java.lang.reflect.InvocationTargetException
	at java.base/jdk.internal.reflect.DirectConstructorHandleAccessor.newInstance(DirectConstructorHandleAccessor.java:77)
	at java.base/java.lang.reflect.Constructor.newInstanceWithCaller(Constructor.java:500)
	at java.base/java.lang.reflect.Constructor.newInstance(Constructor.java:484)
	at io.cucumber.core.runtime.ObjectFactoryServiceLoader$DefaultJavaObjectFactory.cacheNewInstance(ObjectFactoryServiceLoader.java:129)
	... 34 more
Caused by: java.lang.NullPointerException: Cannot invoke "java.util.Properties.getProperty(String)" because "this.pro" is null
	at com.utility.Readconfig.getApplicationURL(Readconfig.java:24)
	at com.baseClass.BaseClass.<init>(BaseClass.java:16)
	at com.stepDefinition.Assignment_Step.<init>(Assignment_Step.java:19)
	at java.base/jdk.internal.reflect.DirectConstructorHandleAccessor.newInstance(DirectConstructorHandleAccessor.java:67)
	... 37 more
]]></failure>
    </testcase>
    <testcase classname="Assignment feature" name="Verify delete icon below the header" time="0.013">
        <failure message="Failed to instantiate class com.stepDefinition.Assignment_Step" type="io.cucumber.core.exception.CucumberException"><![CDATA[Given Logged on the LMS portal as Admin.....................................failed
When Admin clicks "assignment" button on the navigation bar.................skipped
Then Admin should see disabled delete icon below the "Manage assignment"....skipped

StackTrace:
io.cucumber.core.exception.CucumberException: Failed to instantiate class com.stepDefinition.Assignment_Step
	at io.cucumber.core.runtime.ObjectFactoryServiceLoader$DefaultJavaObjectFactory.cacheNewInstance(ObjectFactoryServiceLoader.java:135)
	at io.cucumber.core.runtime.ObjectFactoryServiceLoader$DefaultJavaObjectFactory.getInstance(ObjectFactoryServiceLoader.java:121)
	at io.cucumber.java.JavaStepDefinition.execute(JavaStepDefinition.java:27)
	at io.cucumber.core.runner.PickleStepDefinitionMatch.runStep(PickleStepDefinitionMatch.java:63)
	at io.cucumber.core.runner.TestStep.executeStep(TestStep.java:64)
	at io.cucumber.core.runner.TestStep.run(TestStep.java:49)
	at io.cucumber.core.runner.PickleStepTestStep.run(PickleStepTestStep.java:46)
	at io.cucumber.core.runner.TestCase.run(TestCase.java:51)
	at io.cucumber.core.runner.Runner.runPickle(Runner.java:66)
	at io.cucumber.junit.PickleRunners$NoStepDescriptions.run(PickleRunners.java:149)
	at io.cucumber.junit.FeatureRunner.runChild(FeatureRunner.java:83)
	at io.cucumber.junit.FeatureRunner.runChild(FeatureRunner.java:24)
	at org.junit.runners.ParentRunner$4.run(ParentRunner.java:331)
	at org.junit.runners.ParentRunner$1.schedule(ParentRunner.java:79)
	at org.junit.runners.ParentRunner.runChildren(ParentRunner.java:329)
	at org.junit.runners.ParentRunner.access$100(ParentRunner.java:66)
	at org.junit.runners.ParentRunner$2.evaluate(ParentRunner.java:293)
	at org.junit.runners.ParentRunner$3.evaluate(ParentRunner.java:306)
	at org.junit.runners.ParentRunner.run(ParentRunner.java:413)
	at io.cucumber.junit.Cucumber.runChild(Cucumber.java:185)
	at io.cucumber.junit.Cucumber.runChild(Cucumber.java:83)
	at org.junit.runners.ParentRunner$4.run(ParentRunner.java:331)
	at org.junit.runners.ParentRunner$1.schedule(ParentRunner.java:79)
	at org.junit.runners.ParentRunner.runChildren(ParentRunner.java:329)
	at org.junit.runners.ParentRunner.access$100(ParentRunner.java:66)
	at org.junit.runners.ParentRunner$2.evaluate(ParentRunner.java:293)
	at io.cucumber.junit.Cucumber$RunCucumber.evaluate(Cucumber.java:219)
	at org.junit.runners.ParentRunner$3.evaluate(ParentRunner.java:306)
	at org.junit.runners.ParentRunner.run(ParentRunner.java:413)
	at org.eclipse.jdt.internal.junit4.runner.JUnit4TestReference.run(JUnit4TestReference.java:93)
	at org.eclipse.jdt.internal.junit.runner.TestExecution.run(TestExecution.java:40)
	at org.eclipse.jdt.internal.junit.runner.RemoteTestRunner.runTests(RemoteTestRunner.java:529)
	at org.eclipse.jdt.internal.junit.runner.RemoteTestRunner.runTests(RemoteTestRunner.java:756)
	at org.eclipse.jdt.internal.junit.runner.RemoteTestRunner.run(RemoteTestRunner.java:452)
	at org.eclipse.jdt.internal.junit.runner.RemoteTestRunner.main(RemoteTestRunner.java:210)
Caused by: java.lang.reflect.InvocationTargetException
	at java.base/jdk.internal.reflect.DirectConstructorHandleAccessor.newInstance(DirectConstructorHandleAccessor.java:77)
	at java.base/java.lang.reflect.Constructor.newInstanceWithCaller(Constructor.java:500)
	at java.base/java.lang.reflect.Constructor.newInstance(Constructor.java:484)
	at io.cucumber.core.runtime.ObjectFactoryServiceLoader$DefaultJavaObjectFactory.cacheNewInstance(ObjectFactoryServiceLoader.java:129)
	... 34 more
Caused by: java.lang.NullPointerException: Cannot invoke "java.util.Properties.getProperty(String)" because "this.pro" is null
	at com.utility.Readconfig.getApplicationURL(Readconfig.java:24)
	at com.baseClass.BaseClass.<init>(BaseClass.java:16)
	at com.stepDefinition.Assignment_Step.<init>(Assignment_Step.java:19)
	at java.base/jdk.internal.reflect.DirectConstructorHandleAccessor.newInstance(DirectConstructorHandleAccessor.java:67)
	... 37 more
]]></failure>
    </testcase>
    <testcase classname="Assignment feature" name="Verify search bar on the manage assignment page" time="0.034">
        <failure message="Failed to instantiate class com.stepDefinition.Assignment_Step" type="io.cucumber.core.exception.CucumberException"><![CDATA[Given Logged on the LMS portal as Admin.....................................failed
When Admin clicks "assignment" button on the navigation bar.................skipped
Then Admin should see search bar on the manage assignment page..............skipped

StackTrace:
io.cucumber.core.exception.CucumberException: Failed to instantiate class com.stepDefinition.Assignment_Step
	at io.cucumber.core.runtime.ObjectFactoryServiceLoader$DefaultJavaObjectFactory.cacheNewInstance(ObjectFactoryServiceLoader.java:135)
	at io.cucumber.core.runtime.ObjectFactoryServiceLoader$DefaultJavaObjectFactory.getInstance(ObjectFactoryServiceLoader.java:121)
	at io.cucumber.java.JavaStepDefinition.execute(JavaStepDefinition.java:27)
	at io.cucumber.core.runner.PickleStepDefinitionMatch.runStep(PickleStepDefinitionMatch.java:63)
	at io.cucumber.core.runner.TestStep.executeStep(TestStep.java:64)
	at io.cucumber.core.runner.TestStep.run(TestStep.java:49)
	at io.cucumber.core.runner.PickleStepTestStep.run(PickleStepTestStep.java:46)
	at io.cucumber.core.runner.TestCase.run(TestCase.java:51)
	at io.cucumber.core.runner.Runner.runPickle(Runner.java:66)
	at io.cucumber.junit.PickleRunners$NoStepDescriptions.run(PickleRunners.java:149)
	at io.cucumber.junit.FeatureRunner.runChild(FeatureRunner.java:83)
	at io.cucumber.junit.FeatureRunner.runChild(FeatureRunner.java:24)
	at org.junit.runners.ParentRunner$4.run(ParentRunner.java:331)
	at org.junit.runners.ParentRunner$1.schedule(ParentRunner.java:79)
	at org.junit.runners.ParentRunner.runChildren(ParentRunner.java:329)
	at org.junit.runners.ParentRunner.access$100(ParentRunner.java:66)
	at org.junit.runners.ParentRunner$2.evaluate(ParentRunner.java:293)
	at org.junit.runners.ParentRunner$3.evaluate(ParentRunner.java:306)
	at org.junit.runners.ParentRunner.run(ParentRunner.java:413)
	at io.cucumber.junit.Cucumber.runChild(Cucumber.java:185)
	at io.cucumber.junit.Cucumber.runChild(Cucumber.java:83)
	at org.junit.runners.ParentRunner$4.run(ParentRunner.java:331)
	at org.junit.runners.ParentRunner$1.schedule(ParentRunner.java:79)
	at org.junit.runners.ParentRunner.runChildren(ParentRunner.java:329)
	at org.junit.runners.ParentRunner.access$100(ParentRunner.java:66)
	at org.junit.runners.ParentRunner$2.evaluate(ParentRunner.java:293)
	at io.cucumber.junit.Cucumber$RunCucumber.evaluate(Cucumber.java:219)
	at org.junit.runners.ParentRunner$3.evaluate(ParentRunner.java:306)
	at org.junit.runners.ParentRunner.run(ParentRunner.java:413)
	at org.eclipse.jdt.internal.junit4.runner.JUnit4TestReference.run(JUnit4TestReference.java:93)
	at org.eclipse.jdt.internal.junit.runner.TestExecution.run(TestExecution.java:40)
	at org.eclipse.jdt.internal.junit.runner.RemoteTestRunner.runTests(RemoteTestRunner.java:529)
	at org.eclipse.jdt.internal.junit.runner.RemoteTestRunner.runTests(RemoteTestRunner.java:756)
	at org.eclipse.jdt.internal.junit.runner.RemoteTestRunner.run(RemoteTestRunner.java:452)
	at org.eclipse.jdt.internal.junit.runner.RemoteTestRunner.main(RemoteTestRunner.java:210)
Caused by: java.lang.reflect.InvocationTargetException
	at java.base/jdk.internal.reflect.DirectConstructorHandleAccessor.newInstance(DirectConstructorHandleAccessor.java:77)
	at java.base/java.lang.reflect.Constructor.newInstanceWithCaller(Constructor.java:500)
	at java.base/java.lang.reflect.Constructor.newInstance(Constructor.java:484)
	at io.cucumber.core.runtime.ObjectFactoryServiceLoader$DefaultJavaObjectFactory.cacheNewInstance(ObjectFactoryServiceLoader.java:129)
	... 34 more
Caused by: java.lang.NullPointerException: Cannot invoke "java.util.Properties.getProperty(String)" because "this.pro" is null
	at com.utility.Readconfig.getApplicationURL(Readconfig.java:24)
	at com.baseClass.BaseClass.<init>(BaseClass.java:16)
	at com.stepDefinition.Assignment_Step.<init>(Assignment_Step.java:19)
	at java.base/jdk.internal.reflect.DirectConstructorHandleAccessor.newInstance(DirectConstructorHandleAccessor.java:67)
	... 37 more
]]></failure>
    </testcase>
    <testcase classname="Assignment feature" name="Verify add new assignment button  on manage assignment page" time="0.01">
        <failure message="Failed to instantiate class com.stepDefinition.Assignment_Step" type="io.cucumber.core.exception.CucumberException"><![CDATA[Given Logged on the LMS portal as Admin.....................................failed
When Admin clicks "assignment" button on the navigation bar.................skipped
Then Admin should see +Add New assignment button on the manage assignment page.skipped

StackTrace:
io.cucumber.core.exception.CucumberException: Failed to instantiate class com.stepDefinition.Assignment_Step
	at io.cucumber.core.runtime.ObjectFactoryServiceLoader$DefaultJavaObjectFactory.cacheNewInstance(ObjectFactoryServiceLoader.java:135)
	at io.cucumber.core.runtime.ObjectFactoryServiceLoader$DefaultJavaObjectFactory.getInstance(ObjectFactoryServiceLoader.java:121)
	at io.cucumber.java.JavaStepDefinition.execute(JavaStepDefinition.java:27)
	at io.cucumber.core.runner.PickleStepDefinitionMatch.runStep(PickleStepDefinitionMatch.java:63)
	at io.cucumber.core.runner.TestStep.executeStep(TestStep.java:64)
	at io.cucumber.core.runner.TestStep.run(TestStep.java:49)
	at io.cucumber.core.runner.PickleStepTestStep.run(PickleStepTestStep.java:46)
	at io.cucumber.core.runner.TestCase.run(TestCase.java:51)
	at io.cucumber.core.runner.Runner.runPickle(Runner.java:66)
	at io.cucumber.junit.PickleRunners$NoStepDescriptions.run(PickleRunners.java:149)
	at io.cucumber.junit.FeatureRunner.runChild(FeatureRunner.java:83)
	at io.cucumber.junit.FeatureRunner.runChild(FeatureRunner.java:24)
	at org.junit.runners.ParentRunner$4.run(ParentRunner.java:331)
	at org.junit.runners.ParentRunner$1.schedule(ParentRunner.java:79)
	at org.junit.runners.ParentRunner.runChildren(ParentRunner.java:329)
	at org.junit.runners.ParentRunner.access$100(ParentRunner.java:66)
	at org.junit.runners.ParentRunner$2.evaluate(ParentRunner.java:293)
	at org.junit.runners.ParentRunner$3.evaluate(ParentRunner.java:306)
	at org.junit.runners.ParentRunner.run(ParentRunner.java:413)
	at io.cucumber.junit.Cucumber.runChild(Cucumber.java:185)
	at io.cucumber.junit.Cucumber.runChild(Cucumber.java:83)
	at org.junit.runners.ParentRunner$4.run(ParentRunner.java:331)
	at org.junit.runners.ParentRunner$1.schedule(ParentRunner.java:79)
	at org.junit.runners.ParentRunner.runChildren(ParentRunner.java:329)
	at org.junit.runners.ParentRunner.access$100(ParentRunner.java:66)
	at org.junit.runners.ParentRunner$2.evaluate(ParentRunner.java:293)
	at io.cucumber.junit.Cucumber$RunCucumber.evaluate(Cucumber.java:219)
	at org.junit.runners.ParentRunner$3.evaluate(ParentRunner.java:306)
	at org.junit.runners.ParentRunner.run(ParentRunner.java:413)
	at org.eclipse.jdt.internal.junit4.runner.JUnit4TestReference.run(JUnit4TestReference.java:93)
	at org.eclipse.jdt.internal.junit.runner.TestExecution.run(TestExecution.java:40)
	at org.eclipse.jdt.internal.junit.runner.RemoteTestRunner.runTests(RemoteTestRunner.java:529)
	at org.eclipse.jdt.internal.junit.runner.RemoteTestRunner.runTests(RemoteTestRunner.java:756)
	at org.eclipse.jdt.internal.junit.runner.RemoteTestRunner.run(RemoteTestRunner.java:452)
	at org.eclipse.jdt.internal.junit.runner.RemoteTestRunner.main(RemoteTestRunner.java:210)
Caused by: java.lang.reflect.InvocationTargetException
	at java.base/jdk.internal.reflect.DirectConstructorHandleAccessor.newInstance(DirectConstructorHandleAccessor.java:77)
	at java.base/java.lang.reflect.Constructor.newInstanceWithCaller(Constructor.java:500)
	at java.base/java.lang.reflect.Constructor.newInstance(Constructor.java:484)
	at io.cucumber.core.runtime.ObjectFactoryServiceLoader$DefaultJavaObjectFactory.cacheNewInstance(ObjectFactoryServiceLoader.java:129)
	... 34 more
Caused by: java.lang.NullPointerException: Cannot invoke "java.util.Properties.getProperty(String)" because "this.pro" is null
	at com.utility.Readconfig.getApplicationURL(Readconfig.java:24)
	at com.baseClass.BaseClass.<init>(BaseClass.java:16)
	at com.stepDefinition.Assignment_Step.<init>(Assignment_Step.java:19)
	at java.base/jdk.internal.reflect.DirectConstructorHandleAccessor.newInstance(DirectConstructorHandleAccessor.java:67)
	... 37 more
]]></failure>
    </testcase>
    <testcase classname="Assignment feature" name="Verify add new assignment button  on manage assignment page 2" time="0.013">
        <failure message="Failed to instantiate class com.stepDefinition.Assignment_Step" type="io.cucumber.core.exception.CucumberException"><![CDATA[Given Logged on the LMS portal as Admin.....................................failed
When Admin clicks "assignment" button on the navigation bar.................skipped
Then Admin should see data table on the manage assignment page With following column headers..skipped

StackTrace:
io.cucumber.core.exception.CucumberException: Failed to instantiate class com.stepDefinition.Assignment_Step
	at io.cucumber.core.runtime.ObjectFactoryServiceLoader$DefaultJavaObjectFactory.cacheNewInstance(ObjectFactoryServiceLoader.java:135)
	at io.cucumber.core.runtime.ObjectFactoryServiceLoader$DefaultJavaObjectFactory.getInstance(ObjectFactoryServiceLoader.java:121)
	at io.cucumber.java.JavaStepDefinition.execute(JavaStepDefinition.java:27)
	at io.cucumber.core.runner.PickleStepDefinitionMatch.runStep(PickleStepDefinitionMatch.java:63)
	at io.cucumber.core.runner.TestStep.executeStep(TestStep.java:64)
	at io.cucumber.core.runner.TestStep.run(TestStep.java:49)
	at io.cucumber.core.runner.PickleStepTestStep.run(PickleStepTestStep.java:46)
	at io.cucumber.core.runner.TestCase.run(TestCase.java:51)
	at io.cucumber.core.runner.Runner.runPickle(Runner.java:66)
	at io.cucumber.junit.PickleRunners$NoStepDescriptions.run(PickleRunners.java:149)
	at io.cucumber.junit.FeatureRunner.runChild(FeatureRunner.java:83)
	at io.cucumber.junit.FeatureRunner.runChild(FeatureRunner.java:24)
	at org.junit.runners.ParentRunner$4.run(ParentRunner.java:331)
	at org.junit.runners.ParentRunner$1.schedule(ParentRunner.java:79)
	at org.junit.runners.ParentRunner.runChildren(ParentRunner.java:329)
	at org.junit.runners.ParentRunner.access$100(ParentRunner.java:66)
	at org.junit.runners.ParentRunner$2.evaluate(ParentRunner.java:293)
	at org.junit.runners.ParentRunner$3.evaluate(ParentRunner.java:306)
	at org.junit.runners.ParentRunner.run(ParentRunner.java:413)
	at io.cucumber.junit.Cucumber.runChild(Cucumber.java:185)
	at io.cucumber.junit.Cucumber.runChild(Cucumber.java:83)
	at org.junit.runners.ParentRunner$4.run(ParentRunner.java:331)
	at org.junit.runners.ParentRunner$1.schedule(ParentRunner.java:79)
	at org.junit.runners.ParentRunner.runChildren(ParentRunner.java:329)
	at org.junit.runners.ParentRunner.access$100(ParentRunner.java:66)
	at org.junit.runners.ParentRunner$2.evaluate(ParentRunner.java:293)
	at io.cucumber.junit.Cucumber$RunCucumber.evaluate(Cucumber.java:219)
	at org.junit.runners.ParentRunner$3.evaluate(ParentRunner.java:306)
	at org.junit.runners.ParentRunner.run(ParentRunner.java:413)
	at org.eclipse.jdt.internal.junit4.runner.JUnit4TestReference.run(JUnit4TestReference.java:93)
	at org.eclipse.jdt.internal.junit.runner.TestExecution.run(TestExecution.java:40)
	at org.eclipse.jdt.internal.junit.runner.RemoteTestRunner.runTests(RemoteTestRunner.java:529)
	at org.eclipse.jdt.internal.junit.runner.RemoteTestRunner.runTests(RemoteTestRunner.java:756)
	at org.eclipse.jdt.internal.junit.runner.RemoteTestRunner.run(RemoteTestRunner.java:452)
	at org.eclipse.jdt.internal.junit.runner.RemoteTestRunner.main(RemoteTestRunner.java:210)
Caused by: java.lang.reflect.InvocationTargetException
	at java.base/jdk.internal.reflect.DirectConstructorHandleAccessor.newInstance(DirectConstructorHandleAccessor.java:77)
	at java.base/java.lang.reflect.Constructor.newInstanceWithCaller(Constructor.java:500)
	at java.base/java.lang.reflect.Constructor.newInstance(Constructor.java:484)
	at io.cucumber.core.runtime.ObjectFactoryServiceLoader$DefaultJavaObjectFactory.cacheNewInstance(ObjectFactoryServiceLoader.java:129)
	... 34 more
Caused by: java.lang.NullPointerException: Cannot invoke "java.util.Properties.getProperty(String)" because "this.pro" is null
	at com.utility.Readconfig.getApplicationURL(Readconfig.java:24)
	at com.baseClass.BaseClass.<init>(BaseClass.java:16)
	at com.stepDefinition.Assignment_Step.<init>(Assignment_Step.java:19)
	at java.base/jdk.internal.reflect.DirectConstructorHandleAccessor.newInstance(DirectConstructorHandleAccessor.java:67)
	... 37 more
]]></failure>
    </testcase>
    <testcase classname="Assignment feature" name="Verify add new assignment button  on manage assignment page 3" time="0.01">
        <failure message="Failed to instantiate class com.stepDefinition.Assignment_Step" type="io.cucumber.core.exception.CucumberException"><![CDATA[Given Logged on the LMS portal as Admin.....................................failed
When Admin clicks "assignment" button on the navigation bar.................skipped
Then Admin should see data table on the manage assignment page With following column headers..skipped

StackTrace:
io.cucumber.core.exception.CucumberException: Failed to instantiate class com.stepDefinition.Assignment_Step
	at io.cucumber.core.runtime.ObjectFactoryServiceLoader$DefaultJavaObjectFactory.cacheNewInstance(ObjectFactoryServiceLoader.java:135)
	at io.cucumber.core.runtime.ObjectFactoryServiceLoader$DefaultJavaObjectFactory.getInstance(ObjectFactoryServiceLoader.java:121)
	at io.cucumber.java.JavaStepDefinition.execute(JavaStepDefinition.java:27)
	at io.cucumber.core.runner.PickleStepDefinitionMatch.runStep(PickleStepDefinitionMatch.java:63)
	at io.cucumber.core.runner.TestStep.executeStep(TestStep.java:64)
	at io.cucumber.core.runner.TestStep.run(TestStep.java:49)
	at io.cucumber.core.runner.PickleStepTestStep.run(PickleStepTestStep.java:46)
	at io.cucumber.core.runner.TestCase.run(TestCase.java:51)
	at io.cucumber.core.runner.Runner.runPickle(Runner.java:66)
	at io.cucumber.junit.PickleRunners$NoStepDescriptions.run(PickleRunners.java:149)
	at io.cucumber.junit.FeatureRunner.runChild(FeatureRunner.java:83)
	at io.cucumber.junit.FeatureRunner.runChild(FeatureRunner.java:24)
	at org.junit.runners.ParentRunner$4.run(ParentRunner.java:331)
	at org.junit.runners.ParentRunner$1.schedule(ParentRunner.java:79)
	at org.junit.runners.ParentRunner.runChildren(ParentRunner.java:329)
	at org.junit.runners.ParentRunner.access$100(ParentRunner.java:66)
	at org.junit.runners.ParentRunner$2.evaluate(ParentRunner.java:293)
	at org.junit.runners.ParentRunner$3.evaluate(ParentRunner.java:306)
	at org.junit.runners.ParentRunner.run(ParentRunner.java:413)
	at io.cucumber.junit.Cucumber.runChild(Cucumber.java:185)
	at io.cucumber.junit.Cucumber.runChild(Cucumber.java:83)
	at org.junit.runners.ParentRunner$4.run(ParentRunner.java:331)
	at org.junit.runners.ParentRunner$1.schedule(ParentRunner.java:79)
	at org.junit.runners.ParentRunner.runChildren(ParentRunner.java:329)
	at org.junit.runners.ParentRunner.access$100(ParentRunner.java:66)
	at org.junit.runners.ParentRunner$2.evaluate(ParentRunner.java:293)
	at io.cucumber.junit.Cucumber$RunCucumber.evaluate(Cucumber.java:219)
	at org.junit.runners.ParentRunner$3.evaluate(ParentRunner.java:306)
	at org.junit.runners.ParentRunner.run(ParentRunner.java:413)
	at org.eclipse.jdt.internal.junit4.runner.JUnit4TestReference.run(JUnit4TestReference.java:93)
	at org.eclipse.jdt.internal.junit.runner.TestExecution.run(TestExecution.java:40)
	at org.eclipse.jdt.internal.junit.runner.RemoteTestRunner.runTests(RemoteTestRunner.java:529)
	at org.eclipse.jdt.internal.junit.runner.RemoteTestRunner.runTests(RemoteTestRunner.java:756)
	at org.eclipse.jdt.internal.junit.runner.RemoteTestRunner.run(RemoteTestRunner.java:452)
	at org.eclipse.jdt.internal.junit.runner.RemoteTestRunner.main(RemoteTestRunner.java:210)
Caused by: java.lang.reflect.InvocationTargetException
	at java.base/jdk.internal.reflect.DirectConstructorHandleAccessor.newInstance(DirectConstructorHandleAccessor.java:77)
	at java.base/java.lang.reflect.Constructor.newInstanceWithCaller(Constructor.java:500)
	at java.base/java.lang.reflect.Constructor.newInstance(Constructor.java:484)
	at io.cucumber.core.runtime.ObjectFactoryServiceLoader$DefaultJavaObjectFactory.cacheNewInstance(ObjectFactoryServiceLoader.java:129)
	... 34 more
Caused by: java.lang.NullPointerException: Cannot invoke "java.util.Properties.getProperty(String)" because "this.pro" is null
	at com.utility.Readconfig.getApplicationURL(Readconfig.java:24)
	at com.baseClass.BaseClass.<init>(BaseClass.java:16)
	at com.stepDefinition.Assignment_Step.<init>(Assignment_Step.java:19)
	at java.base/jdk.internal.reflect.DirectConstructorHandleAccessor.newInstance(DirectConstructorHandleAccessor.java:67)
	... 37 more
]]></failure>
    </testcase>
    <testcase classname="Assignment feature" name="Verify add new assignment button  on manage assignment page 4" time="0.013">
        <failure message="Failed to instantiate class com.stepDefinition.Assignment_Step" type="io.cucumber.core.exception.CucumberException"><![CDATA[Given Logged on the LMS portal as Admin.....................................failed
When Admin clicks "assignment" button on the navigation bar.................skipped
Then Admin should see data table on the manage assignment page With following column headers..skipped

StackTrace:
io.cucumber.core.exception.CucumberException: Failed to instantiate class com.stepDefinition.Assignment_Step
	at io.cucumber.core.runtime.ObjectFactoryServiceLoader$DefaultJavaObjectFactory.cacheNewInstance(ObjectFactoryServiceLoader.java:135)
	at io.cucumber.core.runtime.ObjectFactoryServiceLoader$DefaultJavaObjectFactory.getInstance(ObjectFactoryServiceLoader.java:121)
	at io.cucumber.java.JavaStepDefinition.execute(JavaStepDefinition.java:27)
	at io.cucumber.core.runner.PickleStepDefinitionMatch.runStep(PickleStepDefinitionMatch.java:63)
	at io.cucumber.core.runner.TestStep.executeStep(TestStep.java:64)
	at io.cucumber.core.runner.TestStep.run(TestStep.java:49)
	at io.cucumber.core.runner.PickleStepTestStep.run(PickleStepTestStep.java:46)
	at io.cucumber.core.runner.TestCase.run(TestCase.java:51)
	at io.cucumber.core.runner.Runner.runPickle(Runner.java:66)
	at io.cucumber.junit.PickleRunners$NoStepDescriptions.run(PickleRunners.java:149)
	at io.cucumber.junit.FeatureRunner.runChild(FeatureRunner.java:83)
	at io.cucumber.junit.FeatureRunner.runChild(FeatureRunner.java:24)
	at org.junit.runners.ParentRunner$4.run(ParentRunner.java:331)
	at org.junit.runners.ParentRunner$1.schedule(ParentRunner.java:79)
	at org.junit.runners.ParentRunner.runChildren(ParentRunner.java:329)
	at org.junit.runners.ParentRunner.access$100(ParentRunner.java:66)
	at org.junit.runners.ParentRunner$2.evaluate(ParentRunner.java:293)
	at org.junit.runners.ParentRunner$3.evaluate(ParentRunner.java:306)
	at org.junit.runners.ParentRunner.run(ParentRunner.java:413)
	at io.cucumber.junit.Cucumber.runChild(Cucumber.java:185)
	at io.cucumber.junit.Cucumber.runChild(Cucumber.java:83)
	at org.junit.runners.ParentRunner$4.run(ParentRunner.java:331)
	at org.junit.runners.ParentRunner$1.schedule(ParentRunner.java:79)
	at org.junit.runners.ParentRunner.runChildren(ParentRunner.java:329)
	at org.junit.runners.ParentRunner.access$100(ParentRunner.java:66)
	at org.junit.runners.ParentRunner$2.evaluate(ParentRunner.java:293)
	at io.cucumber.junit.Cucumber$RunCucumber.evaluate(Cucumber.java:219)
	at org.junit.runners.ParentRunner$3.evaluate(ParentRunner.java:306)
	at org.junit.runners.ParentRunner.run(ParentRunner.java:413)
	at org.eclipse.jdt.internal.junit4.runner.JUnit4TestReference.run(JUnit4TestReference.java:93)
	at org.eclipse.jdt.internal.junit.runner.TestExecution.run(TestExecution.java:40)
	at org.eclipse.jdt.internal.junit.runner.RemoteTestRunner.runTests(RemoteTestRunner.java:529)
	at org.eclipse.jdt.internal.junit.runner.RemoteTestRunner.runTests(RemoteTestRunner.java:756)
	at org.eclipse.jdt.internal.junit.runner.RemoteTestRunner.run(RemoteTestRunner.java:452)
	at org.eclipse.jdt.internal.junit.runner.RemoteTestRunner.main(RemoteTestRunner.java:210)
Caused by: java.lang.reflect.InvocationTargetException
	at java.base/jdk.internal.reflect.DirectConstructorHandleAccessor.newInstance(DirectConstructorHandleAccessor.java:77)
	at java.base/java.lang.reflect.Constructor.newInstanceWithCaller(Constructor.java:500)
	at java.base/java.lang.reflect.Constructor.newInstance(Constructor.java:484)
	at io.cucumber.core.runtime.ObjectFactoryServiceLoader$DefaultJavaObjectFactory.cacheNewInstance(ObjectFactoryServiceLoader.java:129)
	... 34 more
Caused by: java.lang.NullPointerException: Cannot invoke "java.util.Properties.getProperty(String)" because "this.pro" is null
	at com.utility.Readconfig.getApplicationURL(Readconfig.java:24)
	at com.baseClass.BaseClass.<init>(BaseClass.java:16)
	at com.stepDefinition.Assignment_Step.<init>(Assignment_Step.java:19)
	at java.base/jdk.internal.reflect.DirectConstructorHandleAccessor.newInstance(DirectConstructorHandleAccessor.java:67)
	... 37 more
]]></failure>
    </testcase>
    <testcase classname="Assignment feature" name="Verify add new assignment button  on manage assignment page 5" time="0.01">
        <failure message="Failed to instantiate class com.stepDefinition.Assignment_Step" type="io.cucumber.core.exception.CucumberException"><![CDATA[Given Logged on the LMS portal as Admin.....................................failed
When Admin clicks "assignment" button on the navigation bar.................skipped
Then Admin should see data table on the manage assignment page With following column headers..skipped

StackTrace:
io.cucumber.core.exception.CucumberException: Failed to instantiate class com.stepDefinition.Assignment_Step
	at io.cucumber.core.runtime.ObjectFactoryServiceLoader$DefaultJavaObjectFactory.cacheNewInstance(ObjectFactoryServiceLoader.java:135)
	at io.cucumber.core.runtime.ObjectFactoryServiceLoader$DefaultJavaObjectFactory.getInstance(ObjectFactoryServiceLoader.java:121)
	at io.cucumber.java.JavaStepDefinition.execute(JavaStepDefinition.java:27)
	at io.cucumber.core.runner.PickleStepDefinitionMatch.runStep(PickleStepDefinitionMatch.java:63)
	at io.cucumber.core.runner.TestStep.executeStep(TestStep.java:64)
	at io.cucumber.core.runner.TestStep.run(TestStep.java:49)
	at io.cucumber.core.runner.PickleStepTestStep.run(PickleStepTestStep.java:46)
	at io.cucumber.core.runner.TestCase.run(TestCase.java:51)
	at io.cucumber.core.runner.Runner.runPickle(Runner.java:66)
	at io.cucumber.junit.PickleRunners$NoStepDescriptions.run(PickleRunners.java:149)
	at io.cucumber.junit.FeatureRunner.runChild(FeatureRunner.java:83)
	at io.cucumber.junit.FeatureRunner.runChild(FeatureRunner.java:24)
	at org.junit.runners.ParentRunner$4.run(ParentRunner.java:331)
	at org.junit.runners.ParentRunner$1.schedule(ParentRunner.java:79)
	at org.junit.runners.ParentRunner.runChildren(ParentRunner.java:329)
	at org.junit.runners.ParentRunner.access$100(ParentRunner.java:66)
	at org.junit.runners.ParentRunner$2.evaluate(ParentRunner.java:293)
	at org.junit.runners.ParentRunner$3.evaluate(ParentRunner.java:306)
	at org.junit.runners.ParentRunner.run(ParentRunner.java:413)
	at io.cucumber.junit.Cucumber.runChild(Cucumber.java:185)
	at io.cucumber.junit.Cucumber.runChild(Cucumber.java:83)
	at org.junit.runners.ParentRunner$4.run(ParentRunner.java:331)
	at org.junit.runners.ParentRunner$1.schedule(ParentRunner.java:79)
	at org.junit.runners.ParentRunner.runChildren(ParentRunner.java:329)
	at org.junit.runners.ParentRunner.access$100(ParentRunner.java:66)
	at org.junit.runners.ParentRunner$2.evaluate(ParentRunner.java:293)
	at io.cucumber.junit.Cucumber$RunCucumber.evaluate(Cucumber.java:219)
	at org.junit.runners.ParentRunner$3.evaluate(ParentRunner.java:306)
	at org.junit.runners.ParentRunner.run(ParentRunner.java:413)
	at org.eclipse.jdt.internal.junit4.runner.JUnit4TestReference.run(JUnit4TestReference.java:93)
	at org.eclipse.jdt.internal.junit.runner.TestExecution.run(TestExecution.java:40)
	at org.eclipse.jdt.internal.junit.runner.RemoteTestRunner.runTests(RemoteTestRunner.java:529)
	at org.eclipse.jdt.internal.junit.runner.RemoteTestRunner.runTests(RemoteTestRunner.java:756)
	at org.eclipse.jdt.internal.junit.runner.RemoteTestRunner.run(RemoteTestRunner.java:452)
	at org.eclipse.jdt.internal.junit.runner.RemoteTestRunner.main(RemoteTestRunner.java:210)
Caused by: java.lang.reflect.InvocationTargetException
	at java.base/jdk.internal.reflect.DirectConstructorHandleAccessor.newInstance(DirectConstructorHandleAccessor.java:77)
	at java.base/java.lang.reflect.Constructor.newInstanceWithCaller(Constructor.java:500)
	at java.base/java.lang.reflect.Constructor.newInstance(Constructor.java:484)
	at io.cucumber.core.runtime.ObjectFactoryServiceLoader$DefaultJavaObjectFactory.cacheNewInstance(ObjectFactoryServiceLoader.java:129)
	... 34 more
Caused by: java.lang.NullPointerException: Cannot invoke "java.util.Properties.getProperty(String)" because "this.pro" is null
	at com.utility.Readconfig.getApplicationURL(Readconfig.java:24)
	at com.baseClass.BaseClass.<init>(BaseClass.java:16)
	at com.stepDefinition.Assignment_Step.<init>(Assignment_Step.java:19)
	at java.base/jdk.internal.reflect.DirectConstructorHandleAccessor.newInstance(DirectConstructorHandleAccessor.java:67)
	... 37 more
]]></failure>
    </testcase>
    <testcase classname="Assignment feature" name="Verify add new assignment button  on manage assignment page 6" time="0.014">
        <failure message="Failed to instantiate class com.stepDefinition.Assignment_Step" type="io.cucumber.core.exception.CucumberException"><![CDATA[Given Logged on the LMS portal as Admin.....................................failed
When Admin clicks "assignment" button on the navigation bar.................skipped
Then Admin should see data table on the manage assignment page With following column headers..skipped

StackTrace:
io.cucumber.core.exception.CucumberException: Failed to instantiate class com.stepDefinition.Assignment_Step
	at io.cucumber.core.runtime.ObjectFactoryServiceLoader$DefaultJavaObjectFactory.cacheNewInstance(ObjectFactoryServiceLoader.java:135)
	at io.cucumber.core.runtime.ObjectFactoryServiceLoader$DefaultJavaObjectFactory.getInstance(ObjectFactoryServiceLoader.java:121)
	at io.cucumber.java.JavaStepDefinition.execute(JavaStepDefinition.java:27)
	at io.cucumber.core.runner.PickleStepDefinitionMatch.runStep(PickleStepDefinitionMatch.java:63)
	at io.cucumber.core.runner.TestStep.executeStep(TestStep.java:64)
	at io.cucumber.core.runner.TestStep.run(TestStep.java:49)
	at io.cucumber.core.runner.PickleStepTestStep.run(PickleStepTestStep.java:46)
	at io.cucumber.core.runner.TestCase.run(TestCase.java:51)
	at io.cucumber.core.runner.Runner.runPickle(Runner.java:66)
	at io.cucumber.junit.PickleRunners$NoStepDescriptions.run(PickleRunners.java:149)
	at io.cucumber.junit.FeatureRunner.runChild(FeatureRunner.java:83)
	at io.cucumber.junit.FeatureRunner.runChild(FeatureRunner.java:24)
	at org.junit.runners.ParentRunner$4.run(ParentRunner.java:331)
	at org.junit.runners.ParentRunner$1.schedule(ParentRunner.java:79)
	at org.junit.runners.ParentRunner.runChildren(ParentRunner.java:329)
	at org.junit.runners.ParentRunner.access$100(ParentRunner.java:66)
	at org.junit.runners.ParentRunner$2.evaluate(ParentRunner.java:293)
	at org.junit.runners.ParentRunner$3.evaluate(ParentRunner.java:306)
	at org.junit.runners.ParentRunner.run(ParentRunner.java:413)
	at io.cucumber.junit.Cucumber.runChild(Cucumber.java:185)
	at io.cucumber.junit.Cucumber.runChild(Cucumber.java:83)
	at org.junit.runners.ParentRunner$4.run(ParentRunner.java:331)
	at org.junit.runners.ParentRunner$1.schedule(ParentRunner.java:79)
	at org.junit.runners.ParentRunner.runChildren(ParentRunner.java:329)
	at org.junit.runners.ParentRunner.access$100(ParentRunner.java:66)
	at org.junit.runners.ParentRunner$2.evaluate(ParentRunner.java:293)
	at io.cucumber.junit.Cucumber$RunCucumber.evaluate(Cucumber.java:219)
	at org.junit.runners.ParentRunner$3.evaluate(ParentRunner.java:306)
	at org.junit.runners.ParentRunner.run(ParentRunner.java:413)
	at org.eclipse.jdt.internal.junit4.runner.JUnit4TestReference.run(JUnit4TestReference.java:93)
	at org.eclipse.jdt.internal.junit.runner.TestExecution.run(TestExecution.java:40)
	at org.eclipse.jdt.internal.junit.runner.RemoteTestRunner.runTests(RemoteTestRunner.java:529)
	at org.eclipse.jdt.internal.junit.runner.RemoteTestRunner.runTests(RemoteTestRunner.java:756)
	at org.eclipse.jdt.internal.junit.runner.RemoteTestRunner.run(RemoteTestRunner.java:452)
	at org.eclipse.jdt.internal.junit.runner.RemoteTestRunner.main(RemoteTestRunner.java:210)
Caused by: java.lang.reflect.InvocationTargetException
	at java.base/jdk.internal.reflect.DirectConstructorHandleAccessor.newInstance(DirectConstructorHandleAccessor.java:77)
	at java.base/java.lang.reflect.Constructor.newInstanceWithCaller(Constructor.java:500)
	at java.base/java.lang.reflect.Constructor.newInstance(Constructor.java:484)
	at io.cucumber.core.runtime.ObjectFactoryServiceLoader$DefaultJavaObjectFactory.cacheNewInstance(ObjectFactoryServiceLoader.java:129)
	... 34 more
Caused by: java.lang.NullPointerException: Cannot invoke "java.util.Properties.getProperty(String)" because "this.pro" is null
	at com.utility.Readconfig.getApplicationURL(Readconfig.java:24)
	at com.baseClass.BaseClass.<init>(BaseClass.java:16)
	at com.stepDefinition.Assignment_Step.<init>(Assignment_Step.java:19)
	at java.base/jdk.internal.reflect.DirectConstructorHandleAccessor.newInstance(DirectConstructorHandleAccessor.java:67)
	... 37 more
]]></failure>
    </testcase>
    <testcase classname="Assignment feature" name="Verify add new assignment button  on manage assignment page 7" time="0.014">
        <failure message="Failed to instantiate class com.stepDefinition.Assignment_Step" type="io.cucumber.core.exception.CucumberException"><![CDATA[Given Logged on the LMS portal as Admin.....................................failed
When Admin clicks "assignment" button on the navigation bar.................skipped
Then Admin should see data table on the manage assignment page With following column headers..skipped

StackTrace:
io.cucumber.core.exception.CucumberException: Failed to instantiate class com.stepDefinition.Assignment_Step
	at io.cucumber.core.runtime.ObjectFactoryServiceLoader$DefaultJavaObjectFactory.cacheNewInstance(ObjectFactoryServiceLoader.java:135)
	at io.cucumber.core.runtime.ObjectFactoryServiceLoader$DefaultJavaObjectFactory.getInstance(ObjectFactoryServiceLoader.java:121)
	at io.cucumber.java.JavaStepDefinition.execute(JavaStepDefinition.java:27)
	at io.cucumber.core.runner.PickleStepDefinitionMatch.runStep(PickleStepDefinitionMatch.java:63)
	at io.cucumber.core.runner.TestStep.executeStep(TestStep.java:64)
	at io.cucumber.core.runner.TestStep.run(TestStep.java:49)
	at io.cucumber.core.runner.PickleStepTestStep.run(PickleStepTestStep.java:46)
	at io.cucumber.core.runner.TestCase.run(TestCase.java:51)
	at io.cucumber.core.runner.Runner.runPickle(Runner.java:66)
	at io.cucumber.junit.PickleRunners$NoStepDescriptions.run(PickleRunners.java:149)
	at io.cucumber.junit.FeatureRunner.runChild(FeatureRunner.java:83)
	at io.cucumber.junit.FeatureRunner.runChild(FeatureRunner.java:24)
	at org.junit.runners.ParentRunner$4.run(ParentRunner.java:331)
	at org.junit.runners.ParentRunner$1.schedule(ParentRunner.java:79)
	at org.junit.runners.ParentRunner.runChildren(ParentRunner.java:329)
	at org.junit.runners.ParentRunner.access$100(ParentRunner.java:66)
	at org.junit.runners.ParentRunner$2.evaluate(ParentRunner.java:293)
	at org.junit.runners.ParentRunner$3.evaluate(ParentRunner.java:306)
	at org.junit.runners.ParentRunner.run(ParentRunner.java:413)
	at io.cucumber.junit.Cucumber.runChild(Cucumber.java:185)
	at io.cucumber.junit.Cucumber.runChild(Cucumber.java:83)
	at org.junit.runners.ParentRunner$4.run(ParentRunner.java:331)
	at org.junit.runners.ParentRunner$1.schedule(ParentRunner.java:79)
	at org.junit.runners.ParentRunner.runChildren(ParentRunner.java:329)
	at org.junit.runners.ParentRunner.access$100(ParentRunner.java:66)
	at org.junit.runners.ParentRunner$2.evaluate(ParentRunner.java:293)
	at io.cucumber.junit.Cucumber$RunCucumber.evaluate(Cucumber.java:219)
	at org.junit.runners.ParentRunner$3.evaluate(ParentRunner.java:306)
	at org.junit.runners.ParentRunner.run(ParentRunner.java:413)
	at org.eclipse.jdt.internal.junit4.runner.JUnit4TestReference.run(JUnit4TestReference.java:93)
	at org.eclipse.jdt.internal.junit.runner.TestExecution.run(TestExecution.java:40)
	at org.eclipse.jdt.internal.junit.runner.RemoteTestRunner.runTests(RemoteTestRunner.java:529)
	at org.eclipse.jdt.internal.junit.runner.RemoteTestRunner.runTests(RemoteTestRunner.java:756)
	at org.eclipse.jdt.internal.junit.runner.RemoteTestRunner.run(RemoteTestRunner.java:452)
	at org.eclipse.jdt.internal.junit.runner.RemoteTestRunner.main(RemoteTestRunner.java:210)
Caused by: java.lang.reflect.InvocationTargetException
	at java.base/jdk.internal.reflect.DirectConstructorHandleAccessor.newInstance(DirectConstructorHandleAccessor.java:77)
	at java.base/java.lang.reflect.Constructor.newInstanceWithCaller(Constructor.java:500)
	at java.base/java.lang.reflect.Constructor.newInstance(Constructor.java:484)
	at io.cucumber.core.runtime.ObjectFactoryServiceLoader$DefaultJavaObjectFactory.cacheNewInstance(ObjectFactoryServiceLoader.java:129)
	... 34 more
Caused by: java.lang.NullPointerException: Cannot invoke "java.util.Properties.getProperty(String)" because "this.pro" is null
	at com.utility.Readconfig.getApplicationURL(Readconfig.java:24)
	at com.baseClass.BaseClass.<init>(BaseClass.java:16)
	at com.stepDefinition.Assignment_Step.<init>(Assignment_Step.java:19)
	at java.base/jdk.internal.reflect.DirectConstructorHandleAccessor.newInstance(DirectConstructorHandleAccessor.java:67)
	... 37 more
]]></failure>
    </testcase>
    <testcase classname="Assignment feature" name="Verify Edit icon in the data table" time="0.021">
        <failure message="Failed to instantiate class com.stepDefinition.Assignment_Step" type="io.cucumber.core.exception.CucumberException"><![CDATA[Given Logged on the LMS portal as Admin.....................................failed
When Admin clicks "assignment" button on the navigation bar.................skipped
Then Edit Icon in each row of data table only  when entries are available...skipped

StackTrace:
io.cucumber.core.exception.CucumberException: Failed to instantiate class com.stepDefinition.Assignment_Step
	at io.cucumber.core.runtime.ObjectFactoryServiceLoader$DefaultJavaObjectFactory.cacheNewInstance(ObjectFactoryServiceLoader.java:135)
	at io.cucumber.core.runtime.ObjectFactoryServiceLoader$DefaultJavaObjectFactory.getInstance(ObjectFactoryServiceLoader.java:121)
	at io.cucumber.java.JavaStepDefinition.execute(JavaStepDefinition.java:27)
	at io.cucumber.core.runner.PickleStepDefinitionMatch.runStep(PickleStepDefinitionMatch.java:63)
	at io.cucumber.core.runner.TestStep.executeStep(TestStep.java:64)
	at io.cucumber.core.runner.TestStep.run(TestStep.java:49)
	at io.cucumber.core.runner.PickleStepTestStep.run(PickleStepTestStep.java:46)
	at io.cucumber.core.runner.TestCase.run(TestCase.java:51)
	at io.cucumber.core.runner.Runner.runPickle(Runner.java:66)
	at io.cucumber.junit.PickleRunners$NoStepDescriptions.run(PickleRunners.java:149)
	at io.cucumber.junit.FeatureRunner.runChild(FeatureRunner.java:83)
	at io.cucumber.junit.FeatureRunner.runChild(FeatureRunner.java:24)
	at org.junit.runners.ParentRunner$4.run(ParentRunner.java:331)
	at org.junit.runners.ParentRunner$1.schedule(ParentRunner.java:79)
	at org.junit.runners.ParentRunner.runChildren(ParentRunner.java:329)
	at org.junit.runners.ParentRunner.access$100(ParentRunner.java:66)
	at org.junit.runners.ParentRunner$2.evaluate(ParentRunner.java:293)
	at org.junit.runners.ParentRunner$3.evaluate(ParentRunner.java:306)
	at org.junit.runners.ParentRunner.run(ParentRunner.java:413)
	at io.cucumber.junit.Cucumber.runChild(Cucumber.java:185)
	at io.cucumber.junit.Cucumber.runChild(Cucumber.java:83)
	at org.junit.runners.ParentRunner$4.run(ParentRunner.java:331)
	at org.junit.runners.ParentRunner$1.schedule(ParentRunner.java:79)
	at org.junit.runners.ParentRunner.runChildren(ParentRunner.java:329)
	at org.junit.runners.ParentRunner.access$100(ParentRunner.java:66)
	at org.junit.runners.ParentRunner$2.evaluate(ParentRunner.java:293)
	at io.cucumber.junit.Cucumber$RunCucumber.evaluate(Cucumber.java:219)
	at org.junit.runners.ParentRunner$3.evaluate(ParentRunner.java:306)
	at org.junit.runners.ParentRunner.run(ParentRunner.java:413)
	at org.eclipse.jdt.internal.junit4.runner.JUnit4TestReference.run(JUnit4TestReference.java:93)
	at org.eclipse.jdt.internal.junit.runner.TestExecution.run(TestExecution.java:40)
	at org.eclipse.jdt.internal.junit.runner.RemoteTestRunner.runTests(RemoteTestRunner.java:529)
	at org.eclipse.jdt.internal.junit.runner.RemoteTestRunner.runTests(RemoteTestRunner.java:756)
	at org.eclipse.jdt.internal.junit.runner.RemoteTestRunner.run(RemoteTestRunner.java:452)
	at org.eclipse.jdt.internal.junit.runner.RemoteTestRunner.main(RemoteTestRunner.java:210)
Caused by: java.lang.reflect.InvocationTargetException
	at java.base/jdk.internal.reflect.DirectConstructorHandleAccessor.newInstance(DirectConstructorHandleAccessor.java:77)
	at java.base/java.lang.reflect.Constructor.newInstanceWithCaller(Constructor.java:500)
	at java.base/java.lang.reflect.Constructor.newInstance(Constructor.java:484)
	at io.cucumber.core.runtime.ObjectFactoryServiceLoader$DefaultJavaObjectFactory.cacheNewInstance(ObjectFactoryServiceLoader.java:129)
	... 34 more
Caused by: java.lang.NullPointerException: Cannot invoke "java.util.Properties.getProperty(String)" because "this.pro" is null
	at com.utility.Readconfig.getApplicationURL(Readconfig.java:24)
	at com.baseClass.BaseClass.<init>(BaseClass.java:16)
	at com.stepDefinition.Assignment_Step.<init>(Assignment_Step.java:19)
	at java.base/jdk.internal.reflect.DirectConstructorHandleAccessor.newInstance(DirectConstructorHandleAccessor.java:67)
	... 37 more
]]></failure>
    </testcase>
    <testcase classname="Assignment feature" name="Verify Edit icon when no data in the table" time="0.008">
        <failure message="Failed to instantiate class com.stepDefinition.Assignment_Step" type="io.cucumber.core.exception.CucumberException"><![CDATA[Given Logged on the LMS portal as Admin.....................................failed
When Admin clicks "assignment" button on the navigation bar.................skipped
Then Edit Icon will not be present in data table............................skipped

StackTrace:
io.cucumber.core.exception.CucumberException: Failed to instantiate class com.stepDefinition.Assignment_Step
	at io.cucumber.core.runtime.ObjectFactoryServiceLoader$DefaultJavaObjectFactory.cacheNewInstance(ObjectFactoryServiceLoader.java:135)
	at io.cucumber.core.runtime.ObjectFactoryServiceLoader$DefaultJavaObjectFactory.getInstance(ObjectFactoryServiceLoader.java:121)
	at io.cucumber.java.JavaStepDefinition.execute(JavaStepDefinition.java:27)
	at io.cucumber.core.runner.PickleStepDefinitionMatch.runStep(PickleStepDefinitionMatch.java:63)
	at io.cucumber.core.runner.TestStep.executeStep(TestStep.java:64)
	at io.cucumber.core.runner.TestStep.run(TestStep.java:49)
	at io.cucumber.core.runner.PickleStepTestStep.run(PickleStepTestStep.java:46)
	at io.cucumber.core.runner.TestCase.run(TestCase.java:51)
	at io.cucumber.core.runner.Runner.runPickle(Runner.java:66)
	at io.cucumber.junit.PickleRunners$NoStepDescriptions.run(PickleRunners.java:149)
	at io.cucumber.junit.FeatureRunner.runChild(FeatureRunner.java:83)
	at io.cucumber.junit.FeatureRunner.runChild(FeatureRunner.java:24)
	at org.junit.runners.ParentRunner$4.run(ParentRunner.java:331)
	at org.junit.runners.ParentRunner$1.schedule(ParentRunner.java:79)
	at org.junit.runners.ParentRunner.runChildren(ParentRunner.java:329)
	at org.junit.runners.ParentRunner.access$100(ParentRunner.java:66)
	at org.junit.runners.ParentRunner$2.evaluate(ParentRunner.java:293)
	at org.junit.runners.ParentRunner$3.evaluate(ParentRunner.java:306)
	at org.junit.runners.ParentRunner.run(ParentRunner.java:413)
	at io.cucumber.junit.Cucumber.runChild(Cucumber.java:185)
	at io.cucumber.junit.Cucumber.runChild(Cucumber.java:83)
	at org.junit.runners.ParentRunner$4.run(ParentRunner.java:331)
	at org.junit.runners.ParentRunner$1.schedule(ParentRunner.java:79)
	at org.junit.runners.ParentRunner.runChildren(ParentRunner.java:329)
	at org.junit.runners.ParentRunner.access$100(ParentRunner.java:66)
	at org.junit.runners.ParentRunner$2.evaluate(ParentRunner.java:293)
	at io.cucumber.junit.Cucumber$RunCucumber.evaluate(Cucumber.java:219)
	at org.junit.runners.ParentRunner$3.evaluate(ParentRunner.java:306)
	at org.junit.runners.ParentRunner.run(ParentRunner.java:413)
	at org.eclipse.jdt.internal.junit4.runner.JUnit4TestReference.run(JUnit4TestReference.java:93)
	at org.eclipse.jdt.internal.junit.runner.TestExecution.run(TestExecution.java:40)
	at org.eclipse.jdt.internal.junit.runner.RemoteTestRunner.runTests(RemoteTestRunner.java:529)
	at org.eclipse.jdt.internal.junit.runner.RemoteTestRunner.runTests(RemoteTestRunner.java:756)
	at org.eclipse.jdt.internal.junit.runner.RemoteTestRunner.run(RemoteTestRunner.java:452)
	at org.eclipse.jdt.internal.junit.runner.RemoteTestRunner.main(RemoteTestRunner.java:210)
Caused by: java.lang.reflect.InvocationTargetException
	at java.base/jdk.internal.reflect.DirectConstructorHandleAccessor.newInstance(DirectConstructorHandleAccessor.java:77)
	at java.base/java.lang.reflect.Constructor.newInstanceWithCaller(Constructor.java:500)
	at java.base/java.lang.reflect.Constructor.newInstance(Constructor.java:484)
	at io.cucumber.core.runtime.ObjectFactoryServiceLoader$DefaultJavaObjectFactory.cacheNewInstance(ObjectFactoryServiceLoader.java:129)
	... 34 more
Caused by: java.lang.NullPointerException: Cannot invoke "java.util.Properties.getProperty(String)" because "this.pro" is null
	at com.utility.Readconfig.getApplicationURL(Readconfig.java:24)
	at com.baseClass.BaseClass.<init>(BaseClass.java:16)
	at com.stepDefinition.Assignment_Step.<init>(Assignment_Step.java:19)
	at java.base/jdk.internal.reflect.DirectConstructorHandleAccessor.newInstance(DirectConstructorHandleAccessor.java:67)
	... 37 more
]]></failure>
    </testcase>
    <testcase classname="Assignment feature" name="Verify delete icon in the data table" time="0.024">
        <failure message="Failed to instantiate class com.stepDefinition.Assignment_Step" type="io.cucumber.core.exception.CucumberException"><![CDATA[Given Logged on the LMS portal as Admin.....................................failed
When Admin clicks "assignment" button on the navigation bar.................skipped
Then Delete Icon in each row of data table only  when entries are available.skipped

StackTrace:
io.cucumber.core.exception.CucumberException: Failed to instantiate class com.stepDefinition.Assignment_Step
	at io.cucumber.core.runtime.ObjectFactoryServiceLoader$DefaultJavaObjectFactory.cacheNewInstance(ObjectFactoryServiceLoader.java:135)
	at io.cucumber.core.runtime.ObjectFactoryServiceLoader$DefaultJavaObjectFactory.getInstance(ObjectFactoryServiceLoader.java:121)
	at io.cucumber.java.JavaStepDefinition.execute(JavaStepDefinition.java:27)
	at io.cucumber.core.runner.PickleStepDefinitionMatch.runStep(PickleStepDefinitionMatch.java:63)
	at io.cucumber.core.runner.TestStep.executeStep(TestStep.java:64)
	at io.cucumber.core.runner.TestStep.run(TestStep.java:49)
	at io.cucumber.core.runner.PickleStepTestStep.run(PickleStepTestStep.java:46)
	at io.cucumber.core.runner.TestCase.run(TestCase.java:51)
	at io.cucumber.core.runner.Runner.runPickle(Runner.java:66)
	at io.cucumber.junit.PickleRunners$NoStepDescriptions.run(PickleRunners.java:149)
	at io.cucumber.junit.FeatureRunner.runChild(FeatureRunner.java:83)
	at io.cucumber.junit.FeatureRunner.runChild(FeatureRunner.java:24)
	at org.junit.runners.ParentRunner$4.run(ParentRunner.java:331)
	at org.junit.runners.ParentRunner$1.schedule(ParentRunner.java:79)
	at org.junit.runners.ParentRunner.runChildren(ParentRunner.java:329)
	at org.junit.runners.ParentRunner.access$100(ParentRunner.java:66)
	at org.junit.runners.ParentRunner$2.evaluate(ParentRunner.java:293)
	at org.junit.runners.ParentRunner$3.evaluate(ParentRunner.java:306)
	at org.junit.runners.ParentRunner.run(ParentRunner.java:413)
	at io.cucumber.junit.Cucumber.runChild(Cucumber.java:185)
	at io.cucumber.junit.Cucumber.runChild(Cucumber.java:83)
	at org.junit.runners.ParentRunner$4.run(ParentRunner.java:331)
	at org.junit.runners.ParentRunner$1.schedule(ParentRunner.java:79)
	at org.junit.runners.ParentRunner.runChildren(ParentRunner.java:329)
	at org.junit.runners.ParentRunner.access$100(ParentRunner.java:66)
	at org.junit.runners.ParentRunner$2.evaluate(ParentRunner.java:293)
	at io.cucumber.junit.Cucumber$RunCucumber.evaluate(Cucumber.java:219)
	at org.junit.runners.ParentRunner$3.evaluate(ParentRunner.java:306)
	at org.junit.runners.ParentRunner.run(ParentRunner.java:413)
	at org.eclipse.jdt.internal.junit4.runner.JUnit4TestReference.run(JUnit4TestReference.java:93)
	at org.eclipse.jdt.internal.junit.runner.TestExecution.run(TestExecution.java:40)
	at org.eclipse.jdt.internal.junit.runner.RemoteTestRunner.runTests(RemoteTestRunner.java:529)
	at org.eclipse.jdt.internal.junit.runner.RemoteTestRunner.runTests(RemoteTestRunner.java:756)
	at org.eclipse.jdt.internal.junit.runner.RemoteTestRunner.run(RemoteTestRunner.java:452)
	at org.eclipse.jdt.internal.junit.runner.RemoteTestRunner.main(RemoteTestRunner.java:210)
Caused by: java.lang.reflect.InvocationTargetException
	at java.base/jdk.internal.reflect.DirectConstructorHandleAccessor.newInstance(DirectConstructorHandleAccessor.java:77)
	at java.base/java.lang.reflect.Constructor.newInstanceWithCaller(Constructor.java:500)
	at java.base/java.lang.reflect.Constructor.newInstance(Constructor.java:484)
	at io.cucumber.core.runtime.ObjectFactoryServiceLoader$DefaultJavaObjectFactory.cacheNewInstance(ObjectFactoryServiceLoader.java:129)
	... 34 more
Caused by: java.lang.NullPointerException: Cannot invoke "java.util.Properties.getProperty(String)" because "this.pro" is null
	at com.utility.Readconfig.getApplicationURL(Readconfig.java:24)
	at com.baseClass.BaseClass.<init>(BaseClass.java:16)
	at com.stepDefinition.Assignment_Step.<init>(Assignment_Step.java:19)
	at java.base/jdk.internal.reflect.DirectConstructorHandleAccessor.newInstance(DirectConstructorHandleAccessor.java:67)
	... 37 more
]]></failure>
    </testcase>
    <testcase classname="Assignment feature" name="Verify delete icon when no data in the table" time="0.012">
        <failure message="Failed to instantiate class com.stepDefinition.Assignment_Step" type="io.cucumber.core.exception.CucumberException"><![CDATA[Given Logged on the LMS portal as Admin.....................................failed
When Admin clicks "assignment" button on the navigation bar.................skipped
Then Delete Icon will not be present in data table..........................skipped

StackTrace:
io.cucumber.core.exception.CucumberException: Failed to instantiate class com.stepDefinition.Assignment_Step
	at io.cucumber.core.runtime.ObjectFactoryServiceLoader$DefaultJavaObjectFactory.cacheNewInstance(ObjectFactoryServiceLoader.java:135)
	at io.cucumber.core.runtime.ObjectFactoryServiceLoader$DefaultJavaObjectFactory.getInstance(ObjectFactoryServiceLoader.java:121)
	at io.cucumber.java.JavaStepDefinition.execute(JavaStepDefinition.java:27)
	at io.cucumber.core.runner.PickleStepDefinitionMatch.runStep(PickleStepDefinitionMatch.java:63)
	at io.cucumber.core.runner.TestStep.executeStep(TestStep.java:64)
	at io.cucumber.core.runner.TestStep.run(TestStep.java:49)
	at io.cucumber.core.runner.PickleStepTestStep.run(PickleStepTestStep.java:46)
	at io.cucumber.core.runner.TestCase.run(TestCase.java:51)
	at io.cucumber.core.runner.Runner.runPickle(Runner.java:66)
	at io.cucumber.junit.PickleRunners$NoStepDescriptions.run(PickleRunners.java:149)
	at io.cucumber.junit.FeatureRunner.runChild(FeatureRunner.java:83)
	at io.cucumber.junit.FeatureRunner.runChild(FeatureRunner.java:24)
	at org.junit.runners.ParentRunner$4.run(ParentRunner.java:331)
	at org.junit.runners.ParentRunner$1.schedule(ParentRunner.java:79)
	at org.junit.runners.ParentRunner.runChildren(ParentRunner.java:329)
	at org.junit.runners.ParentRunner.access$100(ParentRunner.java:66)
	at org.junit.runners.ParentRunner$2.evaluate(ParentRunner.java:293)
	at org.junit.runners.ParentRunner$3.evaluate(ParentRunner.java:306)
	at org.junit.runners.ParentRunner.run(ParentRunner.java:413)
	at io.cucumber.junit.Cucumber.runChild(Cucumber.java:185)
	at io.cucumber.junit.Cucumber.runChild(Cucumber.java:83)
	at org.junit.runners.ParentRunner$4.run(ParentRunner.java:331)
	at org.junit.runners.ParentRunner$1.schedule(ParentRunner.java:79)
	at org.junit.runners.ParentRunner.runChildren(ParentRunner.java:329)
	at org.junit.runners.ParentRunner.access$100(ParentRunner.java:66)
	at org.junit.runners.ParentRunner$2.evaluate(ParentRunner.java:293)
	at io.cucumber.junit.Cucumber$RunCucumber.evaluate(Cucumber.java:219)
	at org.junit.runners.ParentRunner$3.evaluate(ParentRunner.java:306)
	at org.junit.runners.ParentRunner.run(ParentRunner.java:413)
	at org.eclipse.jdt.internal.junit4.runner.JUnit4TestReference.run(JUnit4TestReference.java:93)
	at org.eclipse.jdt.internal.junit.runner.TestExecution.run(TestExecution.java:40)
	at org.eclipse.jdt.internal.junit.runner.RemoteTestRunner.runTests(RemoteTestRunner.java:529)
	at org.eclipse.jdt.internal.junit.runner.RemoteTestRunner.runTests(RemoteTestRunner.java:756)
	at org.eclipse.jdt.internal.junit.runner.RemoteTestRunner.run(RemoteTestRunner.java:452)
	at org.eclipse.jdt.internal.junit.runner.RemoteTestRunner.main(RemoteTestRunner.java:210)
Caused by: java.lang.reflect.InvocationTargetException
	at java.base/jdk.internal.reflect.DirectConstructorHandleAccessor.newInstance(DirectConstructorHandleAccessor.java:77)
	at java.base/java.lang.reflect.Constructor.newInstanceWithCaller(Constructor.java:500)
	at java.base/java.lang.reflect.Constructor.newInstance(Constructor.java:484)
	at io.cucumber.core.runtime.ObjectFactoryServiceLoader$DefaultJavaObjectFactory.cacheNewInstance(ObjectFactoryServiceLoader.java:129)
	... 34 more
Caused by: java.lang.NullPointerException: Cannot invoke "java.util.Properties.getProperty(String)" because "this.pro" is null
	at com.utility.Readconfig.getApplicationURL(Readconfig.java:24)
	at com.baseClass.BaseClass.<init>(BaseClass.java:16)
	at com.stepDefinition.Assignment_Step.<init>(Assignment_Step.java:19)
	at java.base/jdk.internal.reflect.DirectConstructorHandleAccessor.newInstance(DirectConstructorHandleAccessor.java:67)
	... 37 more
]]></failure>
    </testcase>
    <testcase classname="Assignment feature" name="Verify sort icon in the data table" time="0.021">
        <failure message="Failed to instantiate class com.stepDefinition.Assignment_Step" type="io.cucumber.core.exception.CucumberException"><![CDATA[Given Logged on the LMS portal as Admin.....................................failed
When Admin clicks "assignment" button on the navigation bar.................skipped
Then Admin should see sort icon near the column headers except for Edit and Delete.skipped

StackTrace:
io.cucumber.core.exception.CucumberException: Failed to instantiate class com.stepDefinition.Assignment_Step
	at io.cucumber.core.runtime.ObjectFactoryServiceLoader$DefaultJavaObjectFactory.cacheNewInstance(ObjectFactoryServiceLoader.java:135)
	at io.cucumber.core.runtime.ObjectFactoryServiceLoader$DefaultJavaObjectFactory.getInstance(ObjectFactoryServiceLoader.java:121)
	at io.cucumber.java.JavaStepDefinition.execute(JavaStepDefinition.java:27)
	at io.cucumber.core.runner.PickleStepDefinitionMatch.runStep(PickleStepDefinitionMatch.java:63)
	at io.cucumber.core.runner.TestStep.executeStep(TestStep.java:64)
	at io.cucumber.core.runner.TestStep.run(TestStep.java:49)
	at io.cucumber.core.runner.PickleStepTestStep.run(PickleStepTestStep.java:46)
	at io.cucumber.core.runner.TestCase.run(TestCase.java:51)
	at io.cucumber.core.runner.Runner.runPickle(Runner.java:66)
	at io.cucumber.junit.PickleRunners$NoStepDescriptions.run(PickleRunners.java:149)
	at io.cucumber.junit.FeatureRunner.runChild(FeatureRunner.java:83)
	at io.cucumber.junit.FeatureRunner.runChild(FeatureRunner.java:24)
	at org.junit.runners.ParentRunner$4.run(ParentRunner.java:331)
	at org.junit.runners.ParentRunner$1.schedule(ParentRunner.java:79)
	at org.junit.runners.ParentRunner.runChildren(ParentRunner.java:329)
	at org.junit.runners.ParentRunner.access$100(ParentRunner.java:66)
	at org.junit.runners.ParentRunner$2.evaluate(ParentRunner.java:293)
	at org.junit.runners.ParentRunner$3.evaluate(ParentRunner.java:306)
	at org.junit.runners.ParentRunner.run(ParentRunner.java:413)
	at io.cucumber.junit.Cucumber.runChild(Cucumber.java:185)
	at io.cucumber.junit.Cucumber.runChild(Cucumber.java:83)
	at org.junit.runners.ParentRunner$4.run(ParentRunner.java:331)
	at org.junit.runners.ParentRunner$1.schedule(ParentRunner.java:79)
	at org.junit.runners.ParentRunner.runChildren(ParentRunner.java:329)
	at org.junit.runners.ParentRunner.access$100(ParentRunner.java:66)
	at org.junit.runners.ParentRunner$2.evaluate(ParentRunner.java:293)
	at io.cucumber.junit.Cucumber$RunCucumber.evaluate(Cucumber.java:219)
	at org.junit.runners.ParentRunner$3.evaluate(ParentRunner.java:306)
	at org.junit.runners.ParentRunner.run(ParentRunner.java:413)
	at org.eclipse.jdt.internal.junit4.runner.JUnit4TestReference.run(JUnit4TestReference.java:93)
	at org.eclipse.jdt.internal.junit.runner.TestExecution.run(TestExecution.java:40)
	at org.eclipse.jdt.internal.junit.runner.RemoteTestRunner.runTests(RemoteTestRunner.java:529)
	at org.eclipse.jdt.internal.junit.runner.RemoteTestRunner.runTests(RemoteTestRunner.java:756)
	at org.eclipse.jdt.internal.junit.runner.RemoteTestRunner.run(RemoteTestRunner.java:452)
	at org.eclipse.jdt.internal.junit.runner.RemoteTestRunner.main(RemoteTestRunner.java:210)
Caused by: java.lang.reflect.InvocationTargetException
	at java.base/jdk.internal.reflect.DirectConstructorHandleAccessor.newInstance(DirectConstructorHandleAccessor.java:77)
	at java.base/java.lang.reflect.Constructor.newInstanceWithCaller(Constructor.java:500)
	at java.base/java.lang.reflect.Constructor.newInstance(Constructor.java:484)
	at io.cucumber.core.runtime.ObjectFactoryServiceLoader$DefaultJavaObjectFactory.cacheNewInstance(ObjectFactoryServiceLoader.java:129)
	... 34 more
Caused by: java.lang.NullPointerException: Cannot invoke "java.util.Properties.getProperty(String)" because "this.pro" is null
	at com.utility.Readconfig.getApplicationURL(Readconfig.java:24)
	at com.baseClass.BaseClass.<init>(BaseClass.java:16)
	at com.stepDefinition.Assignment_Step.<init>(Assignment_Step.java:19)
	at java.base/jdk.internal.reflect.DirectConstructorHandleAccessor.newInstance(DirectConstructorHandleAccessor.java:67)
	... 37 more
]]></failure>
    </testcase>
    <testcase classname="Assignment feature" name="Verify check box in the data table" time="0.013">
        <failure message="Failed to instantiate class com.stepDefinition.Assignment_Step" type="io.cucumber.core.exception.CucumberException"><![CDATA[Given Logged on the LMS portal as Admin.....................................failed
When Admin clicks "assignment" button on the navigation bar.................skipped
Then Admin should see check box in the all rows  of data table when entries available.skipped

StackTrace:
io.cucumber.core.exception.CucumberException: Failed to instantiate class com.stepDefinition.Assignment_Step
	at io.cucumber.core.runtime.ObjectFactoryServiceLoader$DefaultJavaObjectFactory.cacheNewInstance(ObjectFactoryServiceLoader.java:135)
	at io.cucumber.core.runtime.ObjectFactoryServiceLoader$DefaultJavaObjectFactory.getInstance(ObjectFactoryServiceLoader.java:121)
	at io.cucumber.java.JavaStepDefinition.execute(JavaStepDefinition.java:27)
	at io.cucumber.core.runner.PickleStepDefinitionMatch.runStep(PickleStepDefinitionMatch.java:63)
	at io.cucumber.core.runner.TestStep.executeStep(TestStep.java:64)
	at io.cucumber.core.runner.TestStep.run(TestStep.java:49)
	at io.cucumber.core.runner.PickleStepTestStep.run(PickleStepTestStep.java:46)
	at io.cucumber.core.runner.TestCase.run(TestCase.java:51)
	at io.cucumber.core.runner.Runner.runPickle(Runner.java:66)
	at io.cucumber.junit.PickleRunners$NoStepDescriptions.run(PickleRunners.java:149)
	at io.cucumber.junit.FeatureRunner.runChild(FeatureRunner.java:83)
	at io.cucumber.junit.FeatureRunner.runChild(FeatureRunner.java:24)
	at org.junit.runners.ParentRunner$4.run(ParentRunner.java:331)
	at org.junit.runners.ParentRunner$1.schedule(ParentRunner.java:79)
	at org.junit.runners.ParentRunner.runChildren(ParentRunner.java:329)
	at org.junit.runners.ParentRunner.access$100(ParentRunner.java:66)
	at org.junit.runners.ParentRunner$2.evaluate(ParentRunner.java:293)
	at org.junit.runners.ParentRunner$3.evaluate(ParentRunner.java:306)
	at org.junit.runners.ParentRunner.run(ParentRunner.java:413)
	at io.cucumber.junit.Cucumber.runChild(Cucumber.java:185)
	at io.cucumber.junit.Cucumber.runChild(Cucumber.java:83)
	at org.junit.runners.ParentRunner$4.run(ParentRunner.java:331)
	at org.junit.runners.ParentRunner$1.schedule(ParentRunner.java:79)
	at org.junit.runners.ParentRunner.runChildren(ParentRunner.java:329)
	at org.junit.runners.ParentRunner.access$100(ParentRunner.java:66)
	at org.junit.runners.ParentRunner$2.evaluate(ParentRunner.java:293)
	at io.cucumber.junit.Cucumber$RunCucumber.evaluate(Cucumber.java:219)
	at org.junit.runners.ParentRunner$3.evaluate(ParentRunner.java:306)
	at org.junit.runners.ParentRunner.run(ParentRunner.java:413)
	at org.eclipse.jdt.internal.junit4.runner.JUnit4TestReference.run(JUnit4TestReference.java:93)
	at org.eclipse.jdt.internal.junit.runner.TestExecution.run(TestExecution.java:40)
	at org.eclipse.jdt.internal.junit.runner.RemoteTestRunner.runTests(RemoteTestRunner.java:529)
	at org.eclipse.jdt.internal.junit.runner.RemoteTestRunner.runTests(RemoteTestRunner.java:756)
	at org.eclipse.jdt.internal.junit.runner.RemoteTestRunner.run(RemoteTestRunner.java:452)
	at org.eclipse.jdt.internal.junit.runner.RemoteTestRunner.main(RemoteTestRunner.java:210)
Caused by: java.lang.reflect.InvocationTargetException
	at java.base/jdk.internal.reflect.DirectConstructorHandleAccessor.newInstance(DirectConstructorHandleAccessor.java:77)
	at java.base/java.lang.reflect.Constructor.newInstanceWithCaller(Constructor.java:500)
	at java.base/java.lang.reflect.Constructor.newInstance(Constructor.java:484)
	at io.cucumber.core.runtime.ObjectFactoryServiceLoader$DefaultJavaObjectFactory.cacheNewInstance(ObjectFactoryServiceLoader.java:129)
	... 34 more
Caused by: java.lang.NullPointerException: Cannot invoke "java.util.Properties.getProperty(String)" because "this.pro" is null
	at com.utility.Readconfig.getApplicationURL(Readconfig.java:24)
	at com.baseClass.BaseClass.<init>(BaseClass.java:16)
	at com.stepDefinition.Assignment_Step.<init>(Assignment_Step.java:19)
	at java.base/jdk.internal.reflect.DirectConstructorHandleAccessor.newInstance(DirectConstructorHandleAccessor.java:67)
	... 37 more
]]></failure>
    </testcase>
    <testcase classname="Assignment feature" name="Validate the number entries displaying" time="0.007">
        <failure message="Failed to instantiate class com.stepDefinition.Assignment_Step" type="io.cucumber.core.exception.CucumberException"><![CDATA[Given Logged on the LMS portal as Admin.....................................failed
When Admin clicks "assignment" button on the navigation bar.................skipped
Then Above the footer Admin should see the text as "Showing x to y of z entries" below the table..skipped

StackTrace:
io.cucumber.core.exception.CucumberException: Failed to instantiate class com.stepDefinition.Assignment_Step
	at io.cucumber.core.runtime.ObjectFactoryServiceLoader$DefaultJavaObjectFactory.cacheNewInstance(ObjectFactoryServiceLoader.java:135)
	at io.cucumber.core.runtime.ObjectFactoryServiceLoader$DefaultJavaObjectFactory.getInstance(ObjectFactoryServiceLoader.java:121)
	at io.cucumber.java.JavaStepDefinition.execute(JavaStepDefinition.java:27)
	at io.cucumber.core.runner.PickleStepDefinitionMatch.runStep(PickleStepDefinitionMatch.java:63)
	at io.cucumber.core.runner.TestStep.executeStep(TestStep.java:64)
	at io.cucumber.core.runner.TestStep.run(TestStep.java:49)
	at io.cucumber.core.runner.PickleStepTestStep.run(PickleStepTestStep.java:46)
	at io.cucumber.core.runner.TestCase.run(TestCase.java:51)
	at io.cucumber.core.runner.Runner.runPickle(Runner.java:66)
	at io.cucumber.junit.PickleRunners$NoStepDescriptions.run(PickleRunners.java:149)
	at io.cucumber.junit.FeatureRunner.runChild(FeatureRunner.java:83)
	at io.cucumber.junit.FeatureRunner.runChild(FeatureRunner.java:24)
	at org.junit.runners.ParentRunner$4.run(ParentRunner.java:331)
	at org.junit.runners.ParentRunner$1.schedule(ParentRunner.java:79)
	at org.junit.runners.ParentRunner.runChildren(ParentRunner.java:329)
	at org.junit.runners.ParentRunner.access$100(ParentRunner.java:66)
	at org.junit.runners.ParentRunner$2.evaluate(ParentRunner.java:293)
	at org.junit.runners.ParentRunner$3.evaluate(ParentRunner.java:306)
	at org.junit.runners.ParentRunner.run(ParentRunner.java:413)
	at io.cucumber.junit.Cucumber.runChild(Cucumber.java:185)
	at io.cucumber.junit.Cucumber.runChild(Cucumber.java:83)
	at org.junit.runners.ParentRunner$4.run(ParentRunner.java:331)
	at org.junit.runners.ParentRunner$1.schedule(ParentRunner.java:79)
	at org.junit.runners.ParentRunner.runChildren(ParentRunner.java:329)
	at org.junit.runners.ParentRunner.access$100(ParentRunner.java:66)
	at org.junit.runners.ParentRunner$2.evaluate(ParentRunner.java:293)
	at io.cucumber.junit.Cucumber$RunCucumber.evaluate(Cucumber.java:219)
	at org.junit.runners.ParentRunner$3.evaluate(ParentRunner.java:306)
	at org.junit.runners.ParentRunner.run(ParentRunner.java:413)
	at org.eclipse.jdt.internal.junit4.runner.JUnit4TestReference.run(JUnit4TestReference.java:93)
	at org.eclipse.jdt.internal.junit.runner.TestExecution.run(TestExecution.java:40)
	at org.eclipse.jdt.internal.junit.runner.RemoteTestRunner.runTests(RemoteTestRunner.java:529)
	at org.eclipse.jdt.internal.junit.runner.RemoteTestRunner.runTests(RemoteTestRunner.java:756)
	at org.eclipse.jdt.internal.junit.runner.RemoteTestRunner.run(RemoteTestRunner.java:452)
	at org.eclipse.jdt.internal.junit.runner.RemoteTestRunner.main(RemoteTestRunner.java:210)
Caused by: java.lang.reflect.InvocationTargetException
	at java.base/jdk.internal.reflect.DirectConstructorHandleAccessor.newInstance(DirectConstructorHandleAccessor.java:77)
	at java.base/java.lang.reflect.Constructor.newInstanceWithCaller(Constructor.java:500)
	at java.base/java.lang.reflect.Constructor.newInstance(Constructor.java:484)
	at io.cucumber.core.runtime.ObjectFactoryServiceLoader$DefaultJavaObjectFactory.cacheNewInstance(ObjectFactoryServiceLoader.java:129)
	... 34 more
Caused by: java.lang.NullPointerException: Cannot invoke "java.util.Properties.getProperty(String)" because "this.pro" is null
	at com.utility.Readconfig.getApplicationURL(Readconfig.java:24)
	at com.baseClass.BaseClass.<init>(BaseClass.java:16)
	at com.stepDefinition.Assignment_Step.<init>(Assignment_Step.java:19)
	at java.base/jdk.internal.reflect.DirectConstructorHandleAccessor.newInstance(DirectConstructorHandleAccessor.java:67)
	... 37 more
]]></failure>
    </testcase>
    <testcase classname="Assignment feature" name="Verify Pagination control below the data table" time="0.007">
        <failure message="Failed to instantiate class com.stepDefinition.Assignment_Step" type="io.cucumber.core.exception.CucumberException"><![CDATA[Given Logged on the LMS portal as Admin.....................................failed
When Admin clicks "assignment" button on the navigation bar.................skipped
Then Admin should see the pagination controls under the data table..........skipped

StackTrace:
io.cucumber.core.exception.CucumberException: Failed to instantiate class com.stepDefinition.Assignment_Step
	at io.cucumber.core.runtime.ObjectFactoryServiceLoader$DefaultJavaObjectFactory.cacheNewInstance(ObjectFactoryServiceLoader.java:135)
	at io.cucumber.core.runtime.ObjectFactoryServiceLoader$DefaultJavaObjectFactory.getInstance(ObjectFactoryServiceLoader.java:121)
	at io.cucumber.java.JavaStepDefinition.execute(JavaStepDefinition.java:27)
	at io.cucumber.core.runner.PickleStepDefinitionMatch.runStep(PickleStepDefinitionMatch.java:63)
	at io.cucumber.core.runner.TestStep.executeStep(TestStep.java:64)
	at io.cucumber.core.runner.TestStep.run(TestStep.java:49)
	at io.cucumber.core.runner.PickleStepTestStep.run(PickleStepTestStep.java:46)
	at io.cucumber.core.runner.TestCase.run(TestCase.java:51)
	at io.cucumber.core.runner.Runner.runPickle(Runner.java:66)
	at io.cucumber.junit.PickleRunners$NoStepDescriptions.run(PickleRunners.java:149)
	at io.cucumber.junit.FeatureRunner.runChild(FeatureRunner.java:83)
	at io.cucumber.junit.FeatureRunner.runChild(FeatureRunner.java:24)
	at org.junit.runners.ParentRunner$4.run(ParentRunner.java:331)
	at org.junit.runners.ParentRunner$1.schedule(ParentRunner.java:79)
	at org.junit.runners.ParentRunner.runChildren(ParentRunner.java:329)
	at org.junit.runners.ParentRunner.access$100(ParentRunner.java:66)
	at org.junit.runners.ParentRunner$2.evaluate(ParentRunner.java:293)
	at org.junit.runners.ParentRunner$3.evaluate(ParentRunner.java:306)
	at org.junit.runners.ParentRunner.run(ParentRunner.java:413)
	at io.cucumber.junit.Cucumber.runChild(Cucumber.java:185)
	at io.cucumber.junit.Cucumber.runChild(Cucumber.java:83)
	at org.junit.runners.ParentRunner$4.run(ParentRunner.java:331)
	at org.junit.runners.ParentRunner$1.schedule(ParentRunner.java:79)
	at org.junit.runners.ParentRunner.runChildren(ParentRunner.java:329)
	at org.junit.runners.ParentRunner.access$100(ParentRunner.java:66)
	at org.junit.runners.ParentRunner$2.evaluate(ParentRunner.java:293)
	at io.cucumber.junit.Cucumber$RunCucumber.evaluate(Cucumber.java:219)
	at org.junit.runners.ParentRunner$3.evaluate(ParentRunner.java:306)
	at org.junit.runners.ParentRunner.run(ParentRunner.java:413)
	at org.eclipse.jdt.internal.junit4.runner.JUnit4TestReference.run(JUnit4TestReference.java:93)
	at org.eclipse.jdt.internal.junit.runner.TestExecution.run(TestExecution.java:40)
	at org.eclipse.jdt.internal.junit.runner.RemoteTestRunner.runTests(RemoteTestRunner.java:529)
	at org.eclipse.jdt.internal.junit.runner.RemoteTestRunner.runTests(RemoteTestRunner.java:756)
	at org.eclipse.jdt.internal.junit.runner.RemoteTestRunner.run(RemoteTestRunner.java:452)
	at org.eclipse.jdt.internal.junit.runner.RemoteTestRunner.main(RemoteTestRunner.java:210)
Caused by: java.lang.reflect.InvocationTargetException
	at java.base/jdk.internal.reflect.DirectConstructorHandleAccessor.newInstance(DirectConstructorHandleAccessor.java:77)
	at java.base/java.lang.reflect.Constructor.newInstanceWithCaller(Constructor.java:500)
	at java.base/java.lang.reflect.Constructor.newInstance(Constructor.java:484)
	at io.cucumber.core.runtime.ObjectFactoryServiceLoader$DefaultJavaObjectFactory.cacheNewInstance(ObjectFactoryServiceLoader.java:129)
	... 34 more
Caused by: java.lang.NullPointerException: Cannot invoke "java.util.Properties.getProperty(String)" because "this.pro" is null
	at com.utility.Readconfig.getApplicationURL(Readconfig.java:24)
	at com.baseClass.BaseClass.<init>(BaseClass.java:16)
	at com.stepDefinition.Assignment_Step.<init>(Assignment_Step.java:19)
	at java.base/jdk.internal.reflect.DirectConstructorHandleAccessor.newInstance(DirectConstructorHandleAccessor.java:67)
	... 37 more
]]></failure>
    </testcase>
    <testcase classname="Assignment feature" name="Validate footer  text" time="0.02">
        <failure message="Failed to instantiate class com.stepDefinition.Assignment_Step" type="io.cucumber.core.exception.CucumberException"><![CDATA[Given Logged on the LMS portal as Admin.....................................failed
When Admin clicks "assignment" button on the navigation bar.................skipped
Then Admin should see the text with total number assignments in the data table. ("In total there are number of assignments").skipped

StackTrace:
io.cucumber.core.exception.CucumberException: Failed to instantiate class com.stepDefinition.Assignment_Step
	at io.cucumber.core.runtime.ObjectFactoryServiceLoader$DefaultJavaObjectFactory.cacheNewInstance(ObjectFactoryServiceLoader.java:135)
	at io.cucumber.core.runtime.ObjectFactoryServiceLoader$DefaultJavaObjectFactory.getInstance(ObjectFactoryServiceLoader.java:121)
	at io.cucumber.java.JavaStepDefinition.execute(JavaStepDefinition.java:27)
	at io.cucumber.core.runner.PickleStepDefinitionMatch.runStep(PickleStepDefinitionMatch.java:63)
	at io.cucumber.core.runner.TestStep.executeStep(TestStep.java:64)
	at io.cucumber.core.runner.TestStep.run(TestStep.java:49)
	at io.cucumber.core.runner.PickleStepTestStep.run(PickleStepTestStep.java:46)
	at io.cucumber.core.runner.TestCase.run(TestCase.java:51)
	at io.cucumber.core.runner.Runner.runPickle(Runner.java:66)
	at io.cucumber.junit.PickleRunners$NoStepDescriptions.run(PickleRunners.java:149)
	at io.cucumber.junit.FeatureRunner.runChild(FeatureRunner.java:83)
	at io.cucumber.junit.FeatureRunner.runChild(FeatureRunner.java:24)
	at org.junit.runners.ParentRunner$4.run(ParentRunner.java:331)
	at org.junit.runners.ParentRunner$1.schedule(ParentRunner.java:79)
	at org.junit.runners.ParentRunner.runChildren(ParentRunner.java:329)
	at org.junit.runners.ParentRunner.access$100(ParentRunner.java:66)
	at org.junit.runners.ParentRunner$2.evaluate(ParentRunner.java:293)
	at org.junit.runners.ParentRunner$3.evaluate(ParentRunner.java:306)
	at org.junit.runners.ParentRunner.run(ParentRunner.java:413)
	at io.cucumber.junit.Cucumber.runChild(Cucumber.java:185)
	at io.cucumber.junit.Cucumber.runChild(Cucumber.java:83)
	at org.junit.runners.ParentRunner$4.run(ParentRunner.java:331)
	at org.junit.runners.ParentRunner$1.schedule(ParentRunner.java:79)
	at org.junit.runners.ParentRunner.runChildren(ParentRunner.java:329)
	at org.junit.runners.ParentRunner.access$100(ParentRunner.java:66)
	at org.junit.runners.ParentRunner$2.evaluate(ParentRunner.java:293)
	at io.cucumber.junit.Cucumber$RunCucumber.evaluate(Cucumber.java:219)
	at org.junit.runners.ParentRunner$3.evaluate(ParentRunner.java:306)
	at org.junit.runners.ParentRunner.run(ParentRunner.java:413)
	at org.eclipse.jdt.internal.junit4.runner.JUnit4TestReference.run(JUnit4TestReference.java:93)
	at org.eclipse.jdt.internal.junit.runner.TestExecution.run(TestExecution.java:40)
	at org.eclipse.jdt.internal.junit.runner.RemoteTestRunner.runTests(RemoteTestRunner.java:529)
	at org.eclipse.jdt.internal.junit.runner.RemoteTestRunner.runTests(RemoteTestRunner.java:756)
	at org.eclipse.jdt.internal.junit.runner.RemoteTestRunner.run(RemoteTestRunner.java:452)
	at org.eclipse.jdt.internal.junit.runner.RemoteTestRunner.main(RemoteTestRunner.java:210)
Caused by: java.lang.reflect.InvocationTargetException
	at java.base/jdk.internal.reflect.DirectConstructorHandleAccessor.newInstance(DirectConstructorHandleAccessor.java:77)
	at java.base/java.lang.reflect.Constructor.newInstanceWithCaller(Constructor.java:500)
	at java.base/java.lang.reflect.Constructor.newInstance(Constructor.java:484)
	at io.cucumber.core.runtime.ObjectFactoryServiceLoader$DefaultJavaObjectFactory.cacheNewInstance(ObjectFactoryServiceLoader.java:129)
	... 34 more
Caused by: java.lang.NullPointerException: Cannot invoke "java.util.Properties.getProperty(String)" because "this.pro" is null
	at com.utility.Readconfig.getApplicationURL(Readconfig.java:24)
	at com.baseClass.BaseClass.<init>(BaseClass.java:16)
	at com.stepDefinition.Assignment_Step.<init>(Assignment_Step.java:19)
	at java.base/jdk.internal.reflect.DirectConstructorHandleAccessor.newInstance(DirectConstructorHandleAccessor.java:67)
	... 37 more
]]></failure>
    </testcase>
</testsuite>
